C51 COMPILER V9.51   PWM                                                                   06/30/2014 14:50:56 PAGE 1   


C51 COMPILER V9.51, COMPILATION OF MODULE PWM
OBJECT MODULE PLACED IN .\DP8051\DP8051_Keil_951\Debug\PWM.obj
COMPILER INVOKED BY: C:\Program Files\Cypress\PSoC Creator\3.0\PSoC Creator\import\keil\pk51\9.51\C51\BIN\c51.exe .\Gene
                    -rated_Source\PSoC3\PWM.c NOIV LARGE MODDP2 OMF2 VB(1) PR(.\DP8051\DP8051_Keil_951\Debug\PWM.lst) CD DB NOIP OT(2,SIZE) I
                    -NCDIR(.,.\Generated_Source\PSoC3) OJ(.\DP8051\DP8051_Keil_951\Debug\PWM.obj)

line level    source

   1          /*******************************************************************************
   2          * File Name: PWM.c  
   3          * Version 3.0
   4          *
   5          * Description:
   6          *  The PWM User Module consist of an 8 or 16-bit counter with two 8 or 16-bit
   7          *  comparitors. Each instance of this user module is capable of generating
   8          *  two PWM outputs with the same period. The pulse width is selectable between
   9          *  1 and 255/65535. The period is selectable between 2 and 255/65536 clocks. 
  10          *  The compare value output may be configured to be active when the present 
  11          *  counter is less than or less than/equal to the compare value.
  12          *  A terminal count output is also provided. It generates a pulse one clock
  13          *  width wide when the counter is equal to zero.
  14          *
  15          * Note:
  16          *
  17          *******************************************************************************
  18          * Copyright 2008-2012, Cypress Semiconductor Corporation.  All rights reserved.
  19          * You may use this file only in accordance with the license, terms, conditions, 
  20          * disclaimers, and limitations in the end user license agreement accompanying 
  21          * the software package with which this file was provided.
  22          ********************************************************************************/
  23          
  24          #include "cytypes.h"
  25          #include "PWM.h"
  26          
  27          uint8 PWM_initVar = 0u;
  28          
  29          
  30          /*******************************************************************************
  31          * Function Name: PWM_Start
  32          ********************************************************************************
  33          *
  34          * Summary:
  35          *  The start function initializes the pwm with the default values, the 
  36          *  enables the counter to begin counting.  It does not enable interrupts,
  37          *  the EnableInt command should be called if interrupt generation is required.
  38          *
  39          * Parameters:  
  40          *  None  
  41          *
  42          * Return: 
  43          *  None
  44          *
  45          * Global variables:
  46          *  PWM_initVar: Is modified when this function is called for the 
  47          *   first time. Is used to ensure that initialization happens only once.
  48          *
  49          *******************************************************************************/
  50          void PWM_Start(void) 
  51          {
  52   1          /* If not Initialized then initialize all required hardware and software */
  53   1          if(PWM_initVar == 0u)
C51 COMPILER V9.51   PWM                                                                   06/30/2014 14:50:56 PAGE 2   

  54   1          {
  55   2              PWM_Init();
  56   2              PWM_initVar = 1u;
  57   2          }
  58   1          PWM_Enable();
  59   1      
  60   1      }
  61          
  62          
  63          /*******************************************************************************
  64          * Function Name: PWM_Init
  65          ********************************************************************************
  66          *
  67          * Summary:
  68          *  Initialize component's parameters to the parameters set by user in the 
  69          *  customizer of the component placed onto schematic. Usually called in 
  70          *  PWM_Start().
  71          *
  72          * Parameters:  
  73          *  None
  74          *
  75          * Return: 
  76          *  None
  77          *
  78          *******************************************************************************/
  79          void PWM_Init(void) 
  80          {
  81   1          #if (PWM_UsingFixedFunction || PWM_UseControl)
  82   1              uint8 ctrl;
  83   1          #endif /* (PWM_UsingFixedFunction || PWM_UseControl) */
  84   1          
  85   1          #if(!PWM_UsingFixedFunction) 
  86   1              #if(PWM_UseStatus)
                          /* Interrupt State Backup for Critical Region*/
                          uint8 PWM_interruptState;
                      #endif /* (PWM_UseStatus) */
  90   1          #endif /* (!PWM_UsingFixedFunction) */
  91   1          
  92   1          #if (PWM_UsingFixedFunction)
                      /* You are allowed to write the compare value (FF only) */
                      PWM_CONTROL |= PWM_CFG0_MODE;
                      #if (PWM_DeadBand2_4)
                          PWM_CONTROL |= PWM_CFG0_DB;
                      #endif /* (PWM_DeadBand2_4) */
                              
                      ctrl = PWM_CONTROL3 & ((uint8 )(~PWM_CTRL_CMPMODE1_MASK));
                      PWM_CONTROL3 = ctrl | PWM_DEFAULT_COMPARE1_MODE;
                      
                       /* Clear and Set SYNCTC and SYNCCMP bits of RT1 register */
                      PWM_RT1 &= ((uint8)(~PWM_RT1_MASK));
                      PWM_RT1 |= PWM_SYNC;     
                              
                      /*Enable DSI Sync all all inputs of the PWM*/
                      PWM_RT1 &= ((uint8)(~PWM_SYNCDSI_MASK));
                      PWM_RT1 |= PWM_SYNCDSI_EN;
                     
                  #elif (PWM_UseControl)
 111   1              /* Set the default compare mode defined in the parameter */
 112   1              ctrl = PWM_CONTROL & ((uint8)(~PWM_CTRL_CMPMODE2_MASK)) & ((uint8)(~PWM_CTRL_CMPMODE1_MASK));
 113   1              PWM_CONTROL = ctrl | PWM_DEFAULT_COMPARE2_MODE | 
 114   1                                         PWM_DEFAULT_COMPARE1_MODE;
 115   1          #endif /* (PWM_UsingFixedFunction) */
C51 COMPILER V9.51   PWM                                                                   06/30/2014 14:50:56 PAGE 3   

 116   1              
 117   1          #if (!PWM_UsingFixedFunction)
 118   1              #if (PWM_Resolution == 8)
 119   1                  /* Set FIFO 0 to 1 byte register for period*/
 120   1                  PWM_AUX_CONTROLDP0 |= (PWM_AUX_CTRL_FIFO0_CLR);
 121   1              #else /* (PWM_Resolution == 16)*/
                          /* Set FIFO 0 to 1 byte register for period */
                          PWM_AUX_CONTROLDP0 |= (PWM_AUX_CTRL_FIFO0_CLR);
                          PWM_AUX_CONTROLDP1 |= (PWM_AUX_CTRL_FIFO0_CLR);
                      #endif /* (PWM_Resolution == 8) */
 126   1      
 127   1              PWM_WriteCounter(PWM_INIT_PERIOD_VALUE);
 128   1          #endif /* (!PWM_UsingFixedFunction) */
 129   1              
 130   1          PWM_WritePeriod(PWM_INIT_PERIOD_VALUE);
 131   1      
 132   1              #if (PWM_UseOneCompareMode)
 133   1                  PWM_WriteCompare(PWM_INIT_COMPARE_VALUE1);
 134   1              #else
                          PWM_WriteCompare1(PWM_INIT_COMPARE_VALUE1);
                          PWM_WriteCompare2(PWM_INIT_COMPARE_VALUE2);
                      #endif /* (PWM_UseOneCompareMode) */
 138   1              
 139   1              #if (PWM_KillModeMinTime)
                          PWM_WriteKillTime(PWM_MinimumKillTime);
                      #endif /* (PWM_KillModeMinTime) */
 142   1              
 143   1              #if (PWM_DeadBandUsed)
                          PWM_WriteDeadTime(PWM_INIT_DEAD_TIME);
                      #endif /* (PWM_DeadBandUsed) */
 146   1      
 147   1          #if (PWM_UseStatus || PWM_UsingFixedFunction)
                      PWM_SetInterruptMode(PWM_INIT_INTERRUPTS_MODE);
                  #endif /* (PWM_UseStatus || PWM_UsingFixedFunction) */
 150   1              
 151   1          #if (PWM_UsingFixedFunction)
                      /* Globally Enable the Fixed Function Block chosen */
                      PWM_GLOBAL_ENABLE |= PWM_BLOCK_EN_MASK;
                      /* Set the Interrupt source to come from the status register */
                      PWM_CONTROL2 |= PWM_CTRL2_IRQ_SEL;
                  #else
 157   1              #if(PWM_UseStatus)
                          
                          /* CyEnterCriticalRegion and CyExitCriticalRegion are used to mark following region critical*/
                          /* Enter Critical Region*/
                          PWM_interruptState = CyEnterCriticalSection();
                          /* Use the interrupt output of the status register for IRQ output */
                          PWM_STATUS_AUX_CTRL |= PWM_STATUS_ACTL_INT_EN_MASK;
                          
                           /* Exit Critical Region*/
                          CyExitCriticalSection(PWM_interruptState);
                          
                          /* Clear the FIFO to enable the PWM_STATUS_FIFOFULL
                                 bit to be set on FIFO full. */
                          PWM_ClearFIFO();
                      #endif /* (PWM_UseStatus) */
 172   1          #endif /* (PWM_UsingFixedFunction) */
 173   1      }
 174          
 175          
 176          /*******************************************************************************
 177          * Function Name: PWM_Enable
C51 COMPILER V9.51   PWM                                                                   06/30/2014 14:50:56 PAGE 4   

 178          ********************************************************************************
 179          *
 180          * Summary: 
 181          *  Enables the PWM block operation
 182          *
 183          * Parameters:  
 184          *  None
 185          *
 186          * Return: 
 187          *  None
 188          *
 189          * Side Effects: 
 190          *  This works only if software enable mode is chosen
 191          *
 192          *******************************************************************************/
 193          void PWM_Enable(void) 
 194          {
 195   1          /* Globally Enable the Fixed Function Block chosen */
 196   1          #if (PWM_UsingFixedFunction)
                      PWM_GLOBAL_ENABLE |= PWM_BLOCK_EN_MASK;
                      PWM_GLOBAL_STBY_ENABLE |= PWM_BLOCK_STBY_EN_MASK;
                  #endif /* (PWM_UsingFixedFunction) */
 200   1          
 201   1          /* Enable the PWM from the control register  */
 202   1          #if (PWM_UseControl || PWM_UsingFixedFunction)
 203   1              PWM_CONTROL |= PWM_CTRL_ENABLE;
 204   1          #endif /* (PWM_UseControl || PWM_UsingFixedFunction) */
 205   1      }
 206          
 207          
 208          /*******************************************************************************
 209          * Function Name: PWM_Stop
 210          ********************************************************************************
 211          *
 212          * Summary:
 213          *  The stop function halts the PWM, but does not change any modes or disable
 214          *  interrupts.
 215          *
 216          * Parameters:  
 217          *  None  
 218          *
 219          * Return: 
 220          *  None
 221          *
 222          * Side Effects:
 223          *  If the Enable mode is set to Hardware only then this function
 224          *  has no effect on the operation of the PWM
 225          *
 226          *******************************************************************************/
 227          void PWM_Stop(void) 
 228          {
 229   1          #if (PWM_UseControl || PWM_UsingFixedFunction)
 230   1              PWM_CONTROL &= ((uint8)(~PWM_CTRL_ENABLE));
 231   1          #endif /* (PWM_UseControl || PWM_UsingFixedFunction) */
 232   1          
 233   1          /* Globally disable the Fixed Function Block chosen */
 234   1          #if (PWM_UsingFixedFunction)
                      PWM_GLOBAL_ENABLE &= ((uint8)(~PWM_BLOCK_EN_MASK));
                      PWM_GLOBAL_STBY_ENABLE &= ((uint8)(~PWM_BLOCK_STBY_EN_MASK));
                  #endif /* (PWM_UsingFixedFunction) */
 238   1      }
 239          
C51 COMPILER V9.51   PWM                                                                   06/30/2014 14:50:56 PAGE 5   

 240          
 241          #if (PWM_UseOneCompareMode)
 242                  #if (PWM_CompareMode1SW)
              
              
                              /*******************************************************************************
                              * Function Name: PWM_SetCompareMode
                              ********************************************************************************
                              * 
                              * Summary:
                              *  This function writes the Compare Mode for the pwm output when in Dither mode,
                              *  Center Align Mode or One Output Mode.
                              *
                              * Parameters:
                              *  comparemode:  The new compare mode for the PWM output. Use the compare types
                              *                defined in the H file as input arguments.
                              *
                              * Return:
                              *  None
                              *
                              *******************************************************************************/
                              void PWM_SetCompareMode(uint8 comparemode) 
                              {
                                  #if(PWM_UsingFixedFunction)
                          
                              #if(0 != PWM_CTRL_CMPMODE1_SHIFT)
                                  uint8 comparemodemasked = ((uint8)((uint8)comparemode << PWM_CTRL_CMPMODE1_SHIFT));
                              #else
                                  uint8 comparemodemasked = comparemode;
                              #endif /* (0 != PWM_CTRL_CMPMODE1_SHIFT) */
                          
                                  PWM_CONTROL3 &= ((uint8)(~PWM_CTRL_CMPMODE1_MASK)); /*Clear Existing Data */
                                  PWM_CONTROL3 |= comparemodemasked;     
                                              
                                  #elif (PWM_UseControl)
                                      
                              #if(0 != PWM_CTRL_CMPMODE1_SHIFT)
                                  uint8 comparemode1masked = ((uint8)((uint8)comparemode << PWM_CTRL_CMPMODE1_SHIFT)) & 
                                                                  PWM_CTRL_CMPMODE1_MASK;
                              #else
                                  uint8 comparemode1masked = comparemode & PWM_CTRL_CMPMODE1_MASK;                
                              #endif /* (0 != PWM_CTRL_CMPMODE1_SHIFT) */
                              
                              #if(0 != PWM_CTRL_CMPMODE2_SHIFT)                            
                                      uint8 comparemode2masked = ((uint8)((uint8)comparemode << PWM_CTRL_CMPMODE2_SHIFT)) & 
                                                                 PWM_CTRL_CMPMODE2_MASK;
                              #else
                                      uint8 comparemode2masked = comparemode & PWM_CTRL_CMPMODE2_MASK;                
                              #endif /* (0 != PWM_CTRL_CMPMODE2_SHIFT) */
                              
                                      /*Clear existing mode */
                                      PWM_CONTROL &= ((uint8)(~(PWM_CTRL_CMPMODE1_MASK | PWM_CTRL_CMPMODE2_MASK))); 
                                      PWM_CONTROL |= (comparemode1masked | comparemode2masked);
                                      
                                  #else
                                      uint8 temp = comparemode;
                                  #endif /* (PWM_UsingFixedFunction) */
                              }
                      #endif /* PWM_CompareMode1SW */
 299          
 300          #else /* UseOneCompareMode */
              
C51 COMPILER V9.51   PWM                                                                   06/30/2014 14:50:56 PAGE 6   

                      #if (PWM_CompareMode1SW)
              
              
                              /*******************************************************************************
                              * Function Name: PWM_SetCompareMode1
                              ********************************************************************************
                              * 
                              * Summary:
                              *  This function writes the Compare Mode for the pwm or pwm1 output
                              *
                              * Parameters:  
                              *  comparemode:  The new compare mode for the PWM output. Use the compare types
                              *                defined in the H file as input arguments.
                              *
                              * Return: 
                              *  None
                              *
                              *******************************************************************************/
                              void PWM_SetCompareMode1(uint8 comparemode) 
                              {
                                  #if(0 != PWM_CTRL_CMPMODE1_SHIFT)
                              uint8 comparemodemasked = ((uint8)((uint8)comparemode << PWM_CTRL_CMPMODE1_SHIFT)) & 
                                                             PWM_CTRL_CMPMODE1_MASK;
                                  #else
                              uint8 comparemodemasked = comparemode & PWM_CTRL_CMPMODE1_MASK;                
                          #endif /* (0 != PWM_CTRL_CMPMODE1_SHIFT) */
                                 
                                  #if (PWM_UseControl)
                                      PWM_CONTROL &= ((uint8)(~PWM_CTRL_CMPMODE1_MASK)); /*Clear existing mode */
                                      PWM_CONTROL |= comparemodemasked;
                                  #endif /* (PWM_UseControl) */
                              }
                      #endif /* PWM_CompareMode1SW */
              
              #if (PWM_CompareMode2SW)
              
              
                  /*******************************************************************************
                  * Function Name: PWM_SetCompareMode2
                  ********************************************************************************
                  * 
                  * Summary:
                  *  This function writes the Compare Mode for the pwm or pwm2 output
                  *
                  * Parameters:  
                  *  comparemode:  The new compare mode for the PWM output. Use the compare types
                  *                defined in the H file as input arguments.
                  *
                  * Return: 
                  *  None
                  *
                  *******************************************************************************/
                  void PWM_SetCompareMode2(uint8 comparemode) 
                  {
              
                      #if(0 != PWM_CTRL_CMPMODE2_SHIFT)
                          uint8 comparemodemasked = ((uint8)((uint8)comparemode << PWM_CTRL_CMPMODE2_SHIFT)) & 
                                                               PWM_CTRL_CMPMODE2_MASK;
                      #else
                          uint8 comparemodemasked = comparemode & PWM_CTRL_CMPMODE2_MASK;            
                      #endif /* (0 != PWM_CTRL_CMPMODE2_SHIFT) */
                      
C51 COMPILER V9.51   PWM                                                                   06/30/2014 14:50:56 PAGE 7   

                      #if (PWM_UseControl)
                          PWM_CONTROL &= ((uint8)(~PWM_CTRL_CMPMODE2_MASK)); /*Clear existing mode */
                          PWM_CONTROL |= comparemodemasked;
                      #endif /* (PWM_UseControl) */
                  }
                  #endif /*PWM_CompareMode2SW */
              
              #endif /* UseOneCompareMode */
 372          
 373          
 374          #if (!PWM_UsingFixedFunction)
 375          
 376          
 377              /*******************************************************************************
 378              * Function Name: PWM_WriteCounter
 379              ********************************************************************************
 380              * 
 381              * Summary:
 382              *  Writes a new counter value directly to the counter register. This will be 
 383              *  implemented for that currently running period and only that period. This API 
 384              *  is valid only for UDB implementation and not available for fixed function 
 385              *  PWM implementation.    
 386              *
 387              * Parameters:  
 388              *  counter:  The period new period counter value.
 389              *
 390              * Return: 
 391              *  None
 392              *
 393              * Side Effects: 
 394              *  The PWM Period will be reloaded when a counter value will be a zero
 395              *
 396              *******************************************************************************/
 397              void PWM_WriteCounter(uint8 counter) \
 398                                                 
 399              {
 400   1              CY_SET_REG8(PWM_COUNTER_LSB_PTR, counter);
 401   1          }
 402          
 403          
 404              /*******************************************************************************
 405              * Function Name: PWM_ReadCounter
 406              ********************************************************************************
 407              * 
 408              * Summary:
 409              *  This function returns the current value of the counter.  It doesn't matter
 410              *  if the counter is enabled or running.
 411              *
 412              * Parameters:  
 413              *  None  
 414              *
 415              * Return: 
 416              *  The current value of the counter.
 417              *
 418              *******************************************************************************/
 419              uint8 PWM_ReadCounter(void) 
 420              {
 421   1              /* Force capture by reading Accumulator */
 422   1              /* Must first do a software capture to be able to read the counter */
 423   1              /* It is up to the user code to make sure there isn't already captured data in the FIFO */
 424   1              (void)PWM_COUNTERCAP_LSB;
 425   1              
C51 COMPILER V9.51   PWM                                                                   06/30/2014 14:50:56 PAGE 8   

 426   1              /* Read the data from the FIFO (or capture register for Fixed Function)*/
 427   1              return (CY_GET_REG8(PWM_CAPTURE_LSB_PTR));
 428   1          }
 429          
 430                  #if (PWM_UseStatus)
              
              
                          /*******************************************************************************
                          * Function Name: PWM_ClearFIFO
                          ********************************************************************************
                          * 
                          * Summary:
                          *  This function clears all capture data from the capture FIFO
                          *
                          * Parameters:  
                          *  None
                          *
                          * Return: 
                          *  None
                          *
                          *******************************************************************************/
                          void PWM_ClearFIFO(void) 
                          {
                              while(0u != (PWM_ReadStatusRegister() & PWM_STATUS_FIFONEMPTY))
                              {
                                  (void)PWM_ReadCapture();
                              }
                          }
              
                      #endif /* PWM_UseStatus */
 456          
 457          #endif /* !PWM_UsingFixedFunction */
 458          
 459          
 460          /*******************************************************************************
 461          * Function Name: PWM_WritePeriod
 462          ********************************************************************************
 463          * 
 464          * Summary:
 465          *  This function is used to change the period of the counter.  The new period 
 466          *  will be loaded the next time terminal count is detected.
 467          *
 468          * Parameters:  
 469          *  period:  Period value. May be between 1 and (2^Resolution)-1.  A value of 0 
 470          *           will result in the counter remaining at zero.
 471          *
 472          * Return: 
 473          *  None
 474          *
 475          *******************************************************************************/
 476          void PWM_WritePeriod(uint8 period) 
 477          {
 478   1          #if(PWM_UsingFixedFunction)
                      CY_SET_REG16(PWM_PERIOD_LSB_PTR, (uint16)period);
                  #else
 481   1              CY_SET_REG8(PWM_PERIOD_LSB_PTR, period);
 482   1          #endif /* (PWM_UsingFixedFunction) */
 483   1      }
 484          
 485          #if (PWM_UseOneCompareMode)
 486          
 487          
C51 COMPILER V9.51   PWM                                                                   06/30/2014 14:50:56 PAGE 9   

 488              /*******************************************************************************
 489              * Function Name: PWM_WriteCompare
 490              ********************************************************************************
 491              * 
 492              * Summary:
 493              *  This funtion is used to change the compare1 value when the PWM is in Dither
 494              *  mode. The compare output will reflect the new value on the next UDB clock. 
 495              *  The compare output will be driven high when the present counter value is 
 496              *  compared to the compare value based on the compare mode defined in 
 497              *  Dither Mode.
 498              *
 499              * Parameters:  
 500              *  compare:  New compare value.  
 501              *
 502              * Return: 
 503              *  None
 504              *
 505              * Side Effects:
 506              *  This function is only available if the PWM mode parameter is set to
 507              *  Dither Mode, Center Aligned Mode or One Output Mode
 508              *
 509              *******************************************************************************/
 510              void PWM_WriteCompare(uint8 compare) \
 511                                                 
 512              {   
 513   1                      #if(PWM_UsingFixedFunction)
                                      CY_SET_REG16(PWM_COMPARE1_LSB_PTR, (uint16)compare);
                              #else
 516   1                      CY_SET_REG8(PWM_COMPARE1_LSB_PTR, compare);     
 517   1                      #endif /* (PWM_UsingFixedFunction) */
 518   1              
 519   1              #if (PWM_PWMMode == PWM__B_PWM__DITHER)
                          #if(PWM_UsingFixedFunction)
                                      CY_SET_REG16(PWM_COMPARE2_LSB_PTR, (uint16)(compare + 1u));
                              #else
                              CY_SET_REG8(PWM_COMPARE2_LSB_PTR, (compare + 1u));      
                              #endif /* (PWM_UsingFixedFunction) */
                      #endif /* (PWM_PWMMode == PWM__B_PWM__DITHER) */
 526   1          }
 527          
 528          
 529          #else
              
              
                  /*******************************************************************************
                  * Function Name: PWM_WriteCompare1
                  ********************************************************************************
                  * 
                  * Summary:
                  *  This funtion is used to change the compare1 value.  The compare output will 
                  *  reflect the new value on the next UDB clock.  The compare output will be 
                  *  driven high when the present counter value is less than or less than or 
                  *  equal to the compare register, depending on the mode.
                  *
                  * Parameters:  
                  *  compare:  New compare value.  
                  *
                  * Return: 
                  *  None
                  *
                  *******************************************************************************/
                  void PWM_WriteCompare1(uint8 compare) \
C51 COMPILER V9.51   PWM                                                                   06/30/2014 14:50:56 PAGE 10  

                                                      
                  {
                      #if(PWM_UsingFixedFunction)
                          CY_SET_REG16(PWM_COMPARE1_LSB_PTR, (uint16)compare);
                      #else
                          CY_SET_REG8(PWM_COMPARE1_LSB_PTR, compare);
                      #endif /* (PWM_UsingFixedFunction) */
                  }
              
              
                  /*******************************************************************************
                  * Function Name: PWM_WriteCompare2
                  ********************************************************************************
                  * 
                  * Summary:
                  *  This funtion is used to change the compare value, for compare1 output.  
                  *  The compare output will reflect the new value on the next UDB clock.  
                  *  The compare output will be driven high when the present counter value is 
                  *  less than or less than or equal to the compare register, depending on the 
                  *  mode.
                  *
                  * Parameters:  
                  *  compare:  New compare value.  
                  *
                  * Return: 
                  *  None
                  *
                  *******************************************************************************/
                  void PWM_WriteCompare2(uint8 compare) \
                                                      
                  {
                      #if(PWM_UsingFixedFunction)
                          CY_SET_REG16(PWM_COMPARE2_LSB_PTR, compare);
                      #else
                          CY_SET_REG8(PWM_COMPARE2_LSB_PTR, compare);
                      #endif /* (PWM_UsingFixedFunction) */
                  }
              #endif /* UseOneCompareMode */
 588          
 589          #if (PWM_DeadBandUsed)
              
              
                  /*******************************************************************************
                  * Function Name: PWM_WriteDeadTime
                  ********************************************************************************
                  * 
                  * Summary:
                  *  This function writes the dead-band counts to the corresponding register
                  *
                  * Parameters:  
                  *  deadtime:  Number of counts for dead time 
                  *
                  * Return: 
                  *  None
                  *
                  *******************************************************************************/
                  void PWM_WriteDeadTime(uint8 deadtime) 
                  {
                      /* If using the Dead Band 1-255 mode then just write the register */
                      #if(!PWM_DeadBand2_4)
                          CY_SET_REG8(PWM_DEADBAND_COUNT_PTR, deadtime);
                      #else
C51 COMPILER V9.51   PWM                                                                   06/30/2014 14:50:56 PAGE 11  

                          /* Otherwise the data has to be masked and offset */        
                          /* Clear existing data */
                          PWM_DEADBAND_COUNT &= ((uint8)(~PWM_DEADBAND_COUNT_MASK));
                          
                          /* Set new dead time */
                          #if(PWM_DEADBAND_COUNT_SHIFT)        
                              PWM_DEADBAND_COUNT |= ((uint8)((uint8)deadtime << PWM_DEADBAND_COUNT_SHIFT)) & 
                                                                  PWM_DEADBAND_COUNT_MASK;
                          #else
                              PWM_DEADBAND_COUNT |= deadtime & PWM_DEADBAND_COUNT_MASK;        
                          #endif /* (PWM_DEADBAND_COUNT_SHIFT) */
                      
                      #endif /* (!PWM_DeadBand2_4) */
                  }
              
              
                  /*******************************************************************************
                  * Function Name: PWM_ReadDeadTime
                  ********************************************************************************
                  * 
                  * Summary:
                  *  This function reads the dead-band counts from the corresponding register
                  *
                  * Parameters:  
                  *  None
                  *
                  * Return: 
                  *  Dead Band Counts
                  *
                  *******************************************************************************/
                  uint8 PWM_ReadDeadTime(void) 
                  {
                      /* If using the Dead Band 1-255 mode then just read the register */
                      #if(!PWM_DeadBand2_4)
                          return (CY_GET_REG8(PWM_DEADBAND_COUNT_PTR));
                      #else
                      
                          /* Otherwise the data has to be masked and offset */
                          #if(PWM_DEADBAND_COUNT_SHIFT)      
                              return ((uint8)(((uint8)(PWM_DEADBAND_COUNT & PWM_DEADBAND_COUNT_MASK)) >> 
                                                                                         PWM_DEADBAND_COUNT_SHIFT));
                          #else
                              return (PWM_DEADBAND_COUNT & PWM_DEADBAND_COUNT_MASK);
                          #endif /* (PWM_DEADBAND_COUNT_SHIFT) */
                      #endif /* (!PWM_DeadBand2_4) */
                  }
              #endif /* DeadBandUsed */
 659          
 660          #if (PWM_UseStatus || PWM_UsingFixedFunction)
              
              
                  /*******************************************************************************
                  * Function Name: PWM_SetInterruptMode
                  ********************************************************************************
                  * 
                  * Summary:
                  *  This function configures the interrupts mask control of theinterrupt 
                  *  source status register.
                  *
                  * Parameters:  
                  *  uint8 interruptMode: Bit field containing the interrupt sources enabled 
                  *
C51 COMPILER V9.51   PWM                                                                   06/30/2014 14:50:56 PAGE 12  

                  * Return: 
                  *  None
                  *
                  *******************************************************************************/
                  void PWM_SetInterruptMode(uint8 interruptMode)  
                  {
                      CY_SET_REG8(PWM_STATUS_MASK_PTR, interruptMode);
                  }
              
              
                  /*******************************************************************************
                  * Function Name: PWM_ReadStatusRegister
                  ********************************************************************************
                  * 
                  * Summary:
                  *  This function returns the current state of the status register. 
                  *
                  * Parameters:  
                  *  None
                  *
                  * Return: 
                  *  uint8 : Current status register value. The status register bits are:
                  *  [7:6] : Unused(0)
                  *  [5]   : Kill event output
                  *  [4]   : FIFO not empty
                  *  [3]   : FIFO full
                  *  [2]   : Terminal count
                  *  [1]   : Compare output 2
                  *  [0]   : Compare output 1
                  *
                  *******************************************************************************/
                  uint8 PWM_ReadStatusRegister(void)   
                  {
                      uint8 result;
                      
                      result = CY_GET_REG8(PWM_STATUS_PTR);
                      return (result);
                  }
              
              #endif /* (PWM_UseStatus || PWM_UsingFixedFunction) */
 714          
 715          
 716          #if (PWM_UseControl)
 717          
 718          
 719              /*******************************************************************************
 720              * Function Name: PWM_ReadControlRegister
 721              ********************************************************************************
 722              * 
 723              * Summary:
 724              *  Returns the current state of the control register. This API is available 
 725              *  only if the control register is not removed.
 726              *
 727              * Parameters:  
 728              *  None 
 729              *
 730              * Return: 
 731              *  uint8 : Current control register value
 732              *
 733              *******************************************************************************/    
 734              uint8 PWM_ReadControlRegister(void) 
 735              {
C51 COMPILER V9.51   PWM                                                                   06/30/2014 14:50:56 PAGE 13  

 736   1              uint8 result;
 737   1              
 738   1              result = CY_GET_REG8(PWM_CONTROL_PTR);
 739   1              return (result);
 740   1          }
 741          
 742          
 743              /*******************************************************************************
 744              * Function Name: PWM_WriteControlRegister
 745              ********************************************************************************
 746              * 
 747              * Summary:
 748              *  Sets the bit field of the control register. This API is available only if 
 749              *  the control register is not removed.
 750              *
 751              * Parameters:  
 752              *  uint8 control: Control register bit field, The status register bits are:
 753              *  [7]   : PWM Enable
 754              *  [6]   : Reset
 755              *  [5:3] : Compare Mode2
 756              *  [2:0] : Compare Mode2
 757              *
 758              * Return: 
 759              *  None
 760              *
 761              *******************************************************************************/  
 762              void PWM_WriteControlRegister(uint8 control) 
 763              {
 764   1              CY_SET_REG8(PWM_CONTROL_PTR, control);
 765   1          }
 766                  
 767          #endif /* (PWM_UseControl) */
 768          
 769          
 770          #if (!PWM_UsingFixedFunction)
 771          
 772          
 773              /*******************************************************************************
 774              * Function Name: PWM_ReadCapture
 775              ********************************************************************************
 776              * 
 777              * Summary:
 778              *  Reads the capture value from the capture FIFO.
 779              *
 780              * Parameters:  
 781              *  None
 782              *
 783              * Return: 
 784              *  uint8/uint16: The current capture value
 785              *
 786              *******************************************************************************/  
 787              uint8 PWM_ReadCapture(void)  
 788              {
 789   1              return (CY_GET_REG8(PWM_CAPTURE_LSB_PTR));
 790   1          }
 791                  
 792          #endif /* (!PWM_UsingFixedFunction) */
 793          
 794          
 795          #if (PWM_UseOneCompareMode)
 796          
 797          
C51 COMPILER V9.51   PWM                                                                   06/30/2014 14:50:56 PAGE 14  

 798              /*******************************************************************************
 799              * Function Name: PWM_ReadCompare
 800              ********************************************************************************
 801              * 
 802              * Summary:
 803              *  Reads the compare value for the compare output when the PWM Mode parameter is 
 804              *  set to Dither mode, Center Aligned mode, or One Output mode.
 805              *
 806              * Parameters:  
 807              *  None
 808              *
 809              * Return: 
 810              *  uint8/uint16: Current compare value
 811              *
 812              *******************************************************************************/  
 813              uint8 PWM_ReadCompare(void)  
 814              {
 815   1                      #if(PWM_UsingFixedFunction)
                          return ((uint8)CY_GET_REG16(PWM_COMPARE1_LSB_PTR));
                      #else
 818   1                  return (CY_GET_REG8(PWM_COMPARE1_LSB_PTR));
 819   1              #endif /* (PWM_UsingFixedFunction) */
 820   1          }
 821          
 822          #else
              
              
                  /*******************************************************************************
                  * Function Name: PWM_ReadCompare1
                  ********************************************************************************
                  * 
                  * Summary:
                  *  Reads the compare value for the compare1 output.
                  *
                  * Parameters:  
                  *  None
                  *
                  * Return: 
                  *  uint8/uint16: Current compare value.
                  *
                  *******************************************************************************/  
                  uint8 PWM_ReadCompare1(void) 
                  {
                              return (CY_GET_REG8(PWM_COMPARE1_LSB_PTR));
                  }
              
              
                  /*******************************************************************************
                  * Function Name: PWM_ReadCompare2
                  ********************************************************************************
                  * 
                  * Summary:
                  *  Reads the compare value for the compare2 output.
                  *
                  * Parameters:  
                  *  None
                  *
                  * Return: 
                  *  uint8/uint16: Current compare value.
                  *
                  *******************************************************************************/  
                  uint8 PWM_ReadCompare2(void)  
C51 COMPILER V9.51   PWM                                                                   06/30/2014 14:50:56 PAGE 15  

                  {
                              return (CY_GET_REG8(PWM_COMPARE2_LSB_PTR));
                  }
              
              #endif /* (PWM_UseOneCompareMode) */
 865          
 866          
 867          /*******************************************************************************
 868          * Function Name: PWM_ReadPeriod
 869          ********************************************************************************
 870          * 
 871          * Summary:
 872          *  Reads the period value used by the PWM hardware.
 873          *
 874          * Parameters:  
 875          *  None
 876          *
 877          * Return: 
 878          *  uint8/16: Period value
 879          *
 880          *******************************************************************************/ 
 881          uint8 PWM_ReadPeriod(void) 
 882          {
 883   1              #if(PWM_UsingFixedFunction)
                      return ((uint8)CY_GET_REG16(PWM_PERIOD_LSB_PTR));
                  #else
 886   1              return (CY_GET_REG8(PWM_PERIOD_LSB_PTR));
 887   1          #endif /* (PWM_UsingFixedFunction) */
 888   1      }
 889          
 890          #if ( PWM_KillModeMinTime)
              
              
                  /*******************************************************************************
                  * Function Name: PWM_WriteKillTime
                  ********************************************************************************
                  * 
                  * Summary:
                  *  Writes the kill time value used by the hardware when the Kill Mode 
                  *  is set to Minimum Time.
                  *
                  * Parameters:  
                  *  uint8: Minimum Time kill counts
                  *
                  * Return: 
                  *  None
                  *
                  *******************************************************************************/ 
                  void PWM_WriteKillTime(uint8 killtime) 
                  {
                      CY_SET_REG8(PWM_KILLMODEMINTIME_PTR, killtime);
                  }
              
              
                  /*******************************************************************************
                  * Function Name: PWM_ReadKillTime
                  ********************************************************************************
                  * 
                  * Summary:
                  *  Reads the kill time value used by the hardware when the Kill Mode is set 
                  *  to Minimum Time.
                  *
C51 COMPILER V9.51   PWM                                                                   06/30/2014 14:50:56 PAGE 16  

                  * Parameters:  
                  *  None
                  *
                  * Return: 
                  *  uint8: The current Minimum Time kill counts
                  *
                  *******************************************************************************/ 
                  uint8 PWM_ReadKillTime(void) 
                  {
                      return (CY_GET_REG8(PWM_KILLMODEMINTIME_PTR));
                  }
              
              #endif /* ( PWM_KillModeMinTime) */
 935          
 936          /* [] END OF FILE */
C51 COMPILER V9.51   PWM                                                                   06/30/2014 14:50:56 PAGE 17  

ASSEMBLY LISTING OF GENERATED OBJECT CODE


             ; FUNCTION PWM_Start (BEGIN)
                                           ; SOURCE LINE # 50
                                           ; SOURCE LINE # 51
                                           ; SOURCE LINE # 53
0000 900000      R     MOV     DPTR,#PWM_initVar
0003 E0                MOVX    A,@DPTR
0004 FF                MOV     R7,A
0005 EF                MOV     A,R7
0006 7009              JNZ     ?C0001
                                           ; SOURCE LINE # 54
                                           ; SOURCE LINE # 55
0008 120000      R     LCALL   PWM_Init
                                           ; SOURCE LINE # 56
000B 900000      R     MOV     DPTR,#PWM_initVar
000E 7401              MOV     A,#01H
0010 F0                MOVX    @DPTR,A
                                           ; SOURCE LINE # 57
0011         ?C0001:
                                           ; SOURCE LINE # 58
0011 120000      R     LCALL   PWM_Enable
                                           ; SOURCE LINE # 60
0014 22                RET     
             ; FUNCTION PWM_Start (END)

             ; FUNCTION PWM_Init (BEGIN)
                                           ; SOURCE LINE # 79
                                           ; SOURCE LINE # 80
                                           ; SOURCE LINE # 112
0000 906476            MOV     DPTR,#06476H
0003 E0                MOVX    A,@DPTR
0004 FF                MOV     R7,A
0005 EF                MOV     A,R7
0006 54C0              ANL     A,#0C0H
0008 FF                MOV     R7,A
0009 900000      R     MOV     DPTR,#ctrl
000C EF                MOV     A,R7
000D F0                MOVX    @DPTR,A
                                           ; SOURCE LINE # 114
000E 900000      R     MOV     DPTR,#ctrl
0011 E0                MOVX    A,@DPTR
0012 FF                MOV     R7,A
0013 EF                MOV     A,R7
0014 4409              ORL     A,#09H
0016 FF                MOV     R7,A
0017 906476            MOV     DPTR,#06476H
001A EF                MOV     A,R7
001B F0                MOVX    @DPTR,A
                                           ; SOURCE LINE # 120
001C 906596            MOV     DPTR,#06596H
001F E0                MOVX    A,@DPTR
0020 FF                MOV     R7,A
0021 EF                MOV     A,R7
0022 4401              ORL     A,#01H
0024 FF                MOV     R7,A
0025 EF                MOV     A,R7
0026 F0                MOVX    @DPTR,A
                                           ; SOURCE LINE # 127
0027 7F01              MOV     R7,#01H
0029 120000      R     LCALL   _PWM_WriteCounter
C51 COMPILER V9.51   PWM                                                                   06/30/2014 14:50:56 PAGE 18  

                                           ; SOURCE LINE # 130
002C 7F01              MOV     R7,#01H
002E 120000      R     LCALL   _PWM_WritePeriod
                                           ; SOURCE LINE # 133
0031 7F01              MOV     R7,#01H
0033 120000      R     LCALL   _PWM_WriteCompare
                                           ; SOURCE LINE # 173
0036 22                RET     
             ; FUNCTION PWM_Init (END)

             ; FUNCTION PWM_Enable (BEGIN)
                                           ; SOURCE LINE # 193
                                           ; SOURCE LINE # 194
                                           ; SOURCE LINE # 203
0000 906476            MOV     DPTR,#06476H
0003 E0                MOVX    A,@DPTR
0004 FF                MOV     R7,A
0005 EF                MOV     A,R7
0006 4480              ORL     A,#080H
0008 FF                MOV     R7,A
0009 EF                MOV     A,R7
000A F0                MOVX    @DPTR,A
                                           ; SOURCE LINE # 205
000B 22                RET     
             ; FUNCTION PWM_Enable (END)

             ; FUNCTION PWM_Stop (BEGIN)
                                           ; SOURCE LINE # 227
                                           ; SOURCE LINE # 228
                                           ; SOURCE LINE # 230
0000 906476            MOV     DPTR,#06476H
0003 E0                MOVX    A,@DPTR
0004 FF                MOV     R7,A
0005 EF                MOV     A,R7
0006 547F              ANL     A,#07FH
0008 FF                MOV     R7,A
0009 EF                MOV     A,R7
000A F0                MOVX    @DPTR,A
                                           ; SOURCE LINE # 238
000B 22                RET     
             ; FUNCTION PWM_Stop (END)

             ; FUNCTION _PWM_WriteCounter (BEGIN)
                                           ; SOURCE LINE # 397
0000 900000      R     MOV     DPTR,#counter
0003 EF                MOV     A,R7
0004 F0                MOVX    @DPTR,A
                                           ; SOURCE LINE # 399
                                           ; SOURCE LINE # 400
0005 900000      R     MOV     DPTR,#counter
0008 E0                MOVX    A,@DPTR
0009 FF                MOV     R7,A
000A 906506            MOV     DPTR,#06506H
000D EF                MOV     A,R7
000E F0                MOVX    @DPTR,A
                                           ; SOURCE LINE # 401
000F 22                RET     
             ; FUNCTION _PWM_WriteCounter (END)

             ; FUNCTION PWM_ReadCounter (BEGIN)
                                           ; SOURCE LINE # 419
                                           ; SOURCE LINE # 420
C51 COMPILER V9.51   PWM                                                                   06/30/2014 14:50:56 PAGE 19  

                                           ; SOURCE LINE # 424
0000 906516            MOV     DPTR,#06516H
0003 E0                MOVX    A,@DPTR
0004 FF                MOV     R7,A
                                           ; SOURCE LINE # 427
0005 906556            MOV     DPTR,#06556H
0008 E0                MOVX    A,@DPTR
0009 FF                MOV     R7,A
                                           ; SOURCE LINE # 428
000A         ?C0007:
000A 22                RET     
             ; FUNCTION PWM_ReadCounter (END)

             ; FUNCTION _PWM_WritePeriod (BEGIN)
                                           ; SOURCE LINE # 476
0000 900000      R     MOV     DPTR,#period
0003 EF                MOV     A,R7
0004 F0                MOVX    @DPTR,A
                                           ; SOURCE LINE # 477
                                           ; SOURCE LINE # 481
0005 900000      R     MOV     DPTR,#period
0008 E0                MOVX    A,@DPTR
0009 FF                MOV     R7,A
000A 906546            MOV     DPTR,#06546H
000D EF                MOV     A,R7
000E F0                MOVX    @DPTR,A
                                           ; SOURCE LINE # 483
000F 22                RET     
             ; FUNCTION _PWM_WritePeriod (END)

             ; FUNCTION _PWM_WriteCompare (BEGIN)
                                           ; SOURCE LINE # 510
0000 900000      R     MOV     DPTR,#compare
0003 EF                MOV     A,R7
0004 F0                MOVX    @DPTR,A
                                           ; SOURCE LINE # 512
                                           ; SOURCE LINE # 516
0005 900000      R     MOV     DPTR,#compare
0008 E0                MOVX    A,@DPTR
0009 FF                MOV     R7,A
000A 906526            MOV     DPTR,#06526H
000D EF                MOV     A,R7
000E F0                MOVX    @DPTR,A
                                           ; SOURCE LINE # 526
000F 22                RET     
             ; FUNCTION _PWM_WriteCompare (END)

             ; FUNCTION PWM_ReadControlRegister (BEGIN)
                                           ; SOURCE LINE # 734
                                           ; SOURCE LINE # 735
                                           ; SOURCE LINE # 738
0000 906476            MOV     DPTR,#06476H
0003 E0                MOVX    A,@DPTR
0004 FF                MOV     R7,A
0005 900000      R     MOV     DPTR,#result
0008 EF                MOV     A,R7
0009 F0                MOVX    @DPTR,A
                                           ; SOURCE LINE # 739
000A 900000      R     MOV     DPTR,#result
000D E0                MOVX    A,@DPTR
000E FF                MOV     R7,A
                                           ; SOURCE LINE # 740
C51 COMPILER V9.51   PWM                                                                   06/30/2014 14:50:56 PAGE 20  

000F         ?C0010:
000F 22                RET     
             ; FUNCTION PWM_ReadControlRegister (END)

             ; FUNCTION _PWM_WriteControlRegister (BEGIN)
                                           ; SOURCE LINE # 762
0000 900000      R     MOV     DPTR,#control
0003 EF                MOV     A,R7
0004 F0                MOVX    @DPTR,A
                                           ; SOURCE LINE # 763
                                           ; SOURCE LINE # 764
0005 900000      R     MOV     DPTR,#control
0008 E0                MOVX    A,@DPTR
0009 FF                MOV     R7,A
000A 906476            MOV     DPTR,#06476H
000D EF                MOV     A,R7
000E F0                MOVX    @DPTR,A
                                           ; SOURCE LINE # 765
000F 22                RET     
             ; FUNCTION _PWM_WriteControlRegister (END)

             ; FUNCTION PWM_ReadCapture (BEGIN)
                                           ; SOURCE LINE # 787
                                           ; SOURCE LINE # 788
                                           ; SOURCE LINE # 789
0000 906556            MOV     DPTR,#06556H
0003 E0                MOVX    A,@DPTR
0004 FF                MOV     R7,A
                                           ; SOURCE LINE # 790
0005         ?C0012:
0005 22                RET     
             ; FUNCTION PWM_ReadCapture (END)

             ; FUNCTION PWM_ReadCompare (BEGIN)
                                           ; SOURCE LINE # 813
                                           ; SOURCE LINE # 814
                                           ; SOURCE LINE # 818
0000 906526            MOV     DPTR,#06526H
0003 E0                MOVX    A,@DPTR
0004 FF                MOV     R7,A
                                           ; SOURCE LINE # 820
0005         ?C0013:
0005 22                RET     
             ; FUNCTION PWM_ReadCompare (END)

             ; FUNCTION PWM_ReadPeriod (BEGIN)
                                           ; SOURCE LINE # 881
                                           ; SOURCE LINE # 882
                                           ; SOURCE LINE # 886
0000 906546            MOV     DPTR,#06546H
0003 E0                MOVX    A,@DPTR
0004 FF                MOV     R7,A
                                           ; SOURCE LINE # 888
0005         ?C0014:
0005 22                RET     
             ; FUNCTION PWM_ReadPeriod (END)



MODULE INFORMATION:   STATIC OVERLAYABLE
   CODE SIZE        =    209    ----
   CONSTANT SIZE    =   ----    ----
C51 COMPILER V9.51   PWM                                                                   06/30/2014 14:50:56 PAGE 21  

   XDATA SIZE       =      1       6
   PDATA SIZE       =   ----    ----
   DATA SIZE        =   ----    ----
   IDATA SIZE       =   ----    ----
   BIT SIZE         =   ----    ----
   EDATA SIZE       =   ----    ----
   HDATA SIZE       =   ----    ----
   XDATA CONST SIZE =   ----    ----
   FAR CONST SIZE   =   ----    ----
END OF MODULE INFORMATION.


C51 COMPILATION COMPLETE.  0 WARNING(S),  0 ERROR(S)
