C51 COMPILER V9.51   QUADDECODER_CNT8_PM                                                   06/30/2014 14:51:15 PAGE 1   


C51 COMPILER V9.51, COMPILATION OF MODULE QUADDECODER_CNT8_PM
OBJECT MODULE PLACED IN .\DP8051\DP8051_Keil_951\Debug\QuadDecoder_Cnt8_PM.obj
COMPILER INVOKED BY: C:\Program Files\Cypress\PSoC Creator\3.0\PSoC Creator\import\keil\pk51\9.51\C51\BIN\c51.exe .\Gene
                    -rated_Source\PSoC3\QuadDecoder_Cnt8_PM.c NOIV LARGE MODDP2 OMF2 VB(1) PR(.\DP8051\DP8051_Keil_951\Debug\QuadDecoder_Cnt8
                    -_PM.lst) CD DB NOIP OT(2,SIZE) INCDIR(.,.\Generated_Source\PSoC3) OJ(.\DP8051\DP8051_Keil_951\Debug\QuadDecoder_Cnt8_PM.
                    -obj)

line level    source

   1          /*******************************************************************************
   2          * File Name: QuadDecoder_Cnt8_PM.c  
   3          * Version 2.40
   4          *
   5          *  Description:
   6          *    This file provides the power management source code to API for the
   7          *    Counter.  
   8          *
   9          *   Note:
  10          *     None
  11          *
  12          *******************************************************************************
  13          * Copyright 2008-2012, Cypress Semiconductor Corporation.  All rights reserved.
  14          * You may use this file only in accordance with the license, terms, conditions, 
  15          * disclaimers, and limitations in the end user license agreement accompanying 
  16          * the software package with which this file was provided.
  17          ********************************************************************************/
  18          
  19          #include "QuadDecoder_Cnt8.h"
  20          
  21          static QuadDecoder_Cnt8_backupStruct QuadDecoder_Cnt8_backup;
  22          
  23          
  24          /*******************************************************************************
  25          * Function Name: QuadDecoder_Cnt8_SaveConfig
  26          ********************************************************************************
  27          * Summary:
  28          *     Save the current user configuration
  29          *
  30          * Parameters:  
  31          *  void
  32          *
  33          * Return: 
  34          *  void
  35          *
  36          * Global variables:
  37          *  QuadDecoder_Cnt8_backup:  Variables of this global structure are modified to 
  38          *  store the values of non retention configuration registers when Sleep() API is 
  39          *  called.
  40          *
  41          *******************************************************************************/
  42          void QuadDecoder_Cnt8_SaveConfig(void) 
  43          {
  44   1          #if (!QuadDecoder_Cnt8_UsingFixedFunction)
  45   1      
  46   1              QuadDecoder_Cnt8_backup.CounterUdb = QuadDecoder_Cnt8_ReadCounter();
  47   1      
  48   1              #if (CY_UDB_V0)
                          QuadDecoder_Cnt8_backup.CounterPeriod = QuadDecoder_Cnt8_ReadPeriod();
                          QuadDecoder_Cnt8_backup.CompareValue = QuadDecoder_Cnt8_ReadCompare();
                          QuadDecoder_Cnt8_backup.InterruptMaskValue = QuadDecoder_Cnt8_STATUS_MASK;
                      #endif /* CY_UDB_V0 */
C51 COMPILER V9.51   QUADDECODER_CNT8_PM                                                   06/30/2014 14:51:15 PAGE 2   

  53   1      
  54   1              #if(!QuadDecoder_Cnt8_ControlRegRemoved)
  55   1                  QuadDecoder_Cnt8_backup.CounterControlRegister = QuadDecoder_Cnt8_ReadControlRegister();
  56   1              #endif /* (!QuadDecoder_Cnt8_ControlRegRemoved) */
  57   1      
  58   1          #endif /* (!QuadDecoder_Cnt8_UsingFixedFunction) */
  59   1      }
  60          
  61          
  62          /*******************************************************************************
  63          * Function Name: QuadDecoder_Cnt8_RestoreConfig
  64          ********************************************************************************
  65          *
  66          * Summary:
  67          *  Restores the current user configuration.
  68          *
  69          * Parameters:  
  70          *  void
  71          *
  72          * Return: 
  73          *  void
  74          *
  75          * Global variables:
  76          *  QuadDecoder_Cnt8_backup:  Variables of this global structure are used to 
  77          *  restore the values of non retention registers on wakeup from sleep mode.
  78          *
  79          *******************************************************************************/
  80          void QuadDecoder_Cnt8_RestoreConfig(void) 
  81          {      
  82   1          #if (!QuadDecoder_Cnt8_UsingFixedFunction)
  83   1      
  84   1              #if (CY_UDB_V0)
                          uint8 QuadDecoder_Cnt8_interruptState;
                      #endif  /* (CY_UDB_V0) */
  87   1      
  88   1             QuadDecoder_Cnt8_WriteCounter(QuadDecoder_Cnt8_backup.CounterUdb);
  89   1      
  90   1              #if (CY_UDB_V0)
                          QuadDecoder_Cnt8_WritePeriod(QuadDecoder_Cnt8_backup.CounterPeriod);
                          QuadDecoder_Cnt8_WriteCompare(QuadDecoder_Cnt8_backup.CompareValue);
              
                          QuadDecoder_Cnt8_interruptState = CyEnterCriticalSection();
                          QuadDecoder_Cnt8_STATUS_AUX_CTRL |= QuadDecoder_Cnt8_STATUS_ACTL_INT_EN_MASK;
                          CyExitCriticalSection(QuadDecoder_Cnt8_interruptState);
              
                          QuadDecoder_Cnt8_STATUS_MASK = QuadDecoder_Cnt8_backup.InterruptMaskValue;
                      #endif  /* (CY_UDB_V0) */
 100   1      
 101   1              #if(!QuadDecoder_Cnt8_ControlRegRemoved)
 102   1                  QuadDecoder_Cnt8_WriteControlRegister(QuadDecoder_Cnt8_backup.CounterControlRegister);
 103   1              #endif /* (!QuadDecoder_Cnt8_ControlRegRemoved) */
 104   1      
 105   1          #endif /* (!QuadDecoder_Cnt8_UsingFixedFunction) */
 106   1      }
 107          
 108          
 109          /*******************************************************************************
 110          * Function Name: QuadDecoder_Cnt8_Sleep
 111          ********************************************************************************
 112          * Summary:
 113          *     Stop and Save the user configuration
 114          *
C51 COMPILER V9.51   QUADDECODER_CNT8_PM                                                   06/30/2014 14:51:15 PAGE 3   

 115          * Parameters:  
 116          *  void
 117          *
 118          * Return: 
 119          *  void
 120          *
 121          * Global variables:
 122          *  QuadDecoder_Cnt8_backup.enableState:  Is modified depending on the enable 
 123          *  state of the block before entering sleep mode.
 124          *
 125          *******************************************************************************/
 126          void QuadDecoder_Cnt8_Sleep(void) 
 127          {
 128   1          #if(!QuadDecoder_Cnt8_ControlRegRemoved)
 129   1              /* Save Counter's enable state */
 130   1              if(QuadDecoder_Cnt8_CTRL_ENABLE == (QuadDecoder_Cnt8_CONTROL & QuadDecoder_Cnt8_CTRL_ENABLE))
 131   1              {
 132   2                  /* Counter is enabled */
 133   2                  QuadDecoder_Cnt8_backup.CounterEnableState = 1u;
 134   2              }
 135   1              else
 136   1              {
 137   2                  /* Counter is disabled */
 138   2                  QuadDecoder_Cnt8_backup.CounterEnableState = 0u;
 139   2              }
 140   1          #else
                      QuadDecoder_Cnt8_backup.CounterEnableState = 1u;
                      if(QuadDecoder_Cnt8_backup.CounterEnableState != 0u)
                      {
                          QuadDecoder_Cnt8_backup.CounterEnableState = 0u;
                      }
                  #endif /* (!QuadDecoder_Cnt8_ControlRegRemoved) */
 147   1          
 148   1          QuadDecoder_Cnt8_Stop();
 149   1          QuadDecoder_Cnt8_SaveConfig();
 150   1      }
 151          
 152          
 153          /*******************************************************************************
 154          * Function Name: QuadDecoder_Cnt8_Wakeup
 155          ********************************************************************************
 156          *
 157          * Summary:
 158          *  Restores and enables the user configuration
 159          *  
 160          * Parameters:  
 161          *  void
 162          *
 163          * Return: 
 164          *  void
 165          *
 166          * Global variables:
 167          *  QuadDecoder_Cnt8_backup.enableState:  Is used to restore the enable state of 
 168          *  block on wakeup from sleep mode.
 169          *
 170          *******************************************************************************/
 171          void QuadDecoder_Cnt8_Wakeup(void) 
 172          {
 173   1          QuadDecoder_Cnt8_RestoreConfig();
 174   1          #if(!QuadDecoder_Cnt8_ControlRegRemoved)
 175   1              if(QuadDecoder_Cnt8_backup.CounterEnableState == 1u)
 176   1              {
C51 COMPILER V9.51   QUADDECODER_CNT8_PM                                                   06/30/2014 14:51:15 PAGE 4   

 177   2                  /* Enable Counter's operation */
 178   2                  QuadDecoder_Cnt8_Enable();
 179   2              } /* Do nothing if Counter was disabled before */    
 180   1          #endif /* (!QuadDecoder_Cnt8_ControlRegRemoved) */
 181   1          
 182   1      }
 183          
 184          
 185          /* [] END OF FILE */
C51 COMPILER V9.51   QUADDECODER_CNT8_PM                                                   06/30/2014 14:51:15 PAGE 5   

ASSEMBLY LISTING OF GENERATED OBJECT CODE


             ; FUNCTION QuadDecoder_Cnt8_SaveConfig (BEGIN)
                                           ; SOURCE LINE # 42
                                           ; SOURCE LINE # 43
                                           ; SOURCE LINE # 46
0000 120000      E     LCALL   QuadDecoder_Cnt8_ReadCounter
0003 900000      R     MOV     DPTR,#QuadDecoder_Cnt8_backup+01H
0006 EF                MOV     A,R7
0007 F0                MOVX    @DPTR,A
                                           ; SOURCE LINE # 55
0008 120000      E     LCALL   QuadDecoder_Cnt8_ReadControlRegister
000B 900000      R     MOV     DPTR,#QuadDecoder_Cnt8_backup+02H
000E EF                MOV     A,R7
000F F0                MOVX    @DPTR,A
                                           ; SOURCE LINE # 59
0010 22                RET     
             ; FUNCTION QuadDecoder_Cnt8_SaveConfig (END)

             ; FUNCTION QuadDecoder_Cnt8_RestoreConfig (BEGIN)
                                           ; SOURCE LINE # 80
                                           ; SOURCE LINE # 81
                                           ; SOURCE LINE # 88
0000 900000      R     MOV     DPTR,#QuadDecoder_Cnt8_backup+01H
0003 E0                MOVX    A,@DPTR
0004 FF                MOV     R7,A
0005 120000      E     LCALL   _QuadDecoder_Cnt8_WriteCounter
                                           ; SOURCE LINE # 102
0008 900000      R     MOV     DPTR,#QuadDecoder_Cnt8_backup+02H
000B E0                MOVX    A,@DPTR
000C FF                MOV     R7,A
000D 120000      E     LCALL   _QuadDecoder_Cnt8_WriteControlRegister
                                           ; SOURCE LINE # 106
0010 22                RET     
             ; FUNCTION QuadDecoder_Cnt8_RestoreConfig (END)

             ; FUNCTION QuadDecoder_Cnt8_Sleep (BEGIN)
                                           ; SOURCE LINE # 126
                                           ; SOURCE LINE # 127
                                           ; SOURCE LINE # 130
0000 90647E            MOV     DPTR,#0647EH
0003 E0                MOVX    A,@DPTR
0004 FF                MOV     R7,A
0005 EF                MOV     A,R7
0006 30E708            JNB     ACC.7,?C0003
                                           ; SOURCE LINE # 131
                                           ; SOURCE LINE # 133
0009 900000      R     MOV     DPTR,#QuadDecoder_Cnt8_backup
000C 7401              MOV     A,#01H
000E F0                MOVX    @DPTR,A
                                           ; SOURCE LINE # 134
000F 8005              SJMP    ?C0004
0011         ?C0003:
                                           ; SOURCE LINE # 136
                                           ; SOURCE LINE # 138
0011 900000      R     MOV     DPTR,#QuadDecoder_Cnt8_backup
0014 E4                CLR     A
0015 F0                MOVX    @DPTR,A
                                           ; SOURCE LINE # 139
0016         ?C0004:
                                           ; SOURCE LINE # 148
C51 COMPILER V9.51   QUADDECODER_CNT8_PM                                                   06/30/2014 14:51:15 PAGE 6   

0016 120000      E     LCALL   QuadDecoder_Cnt8_Stop
                                           ; SOURCE LINE # 149
0019 120000      R     LCALL   QuadDecoder_Cnt8_SaveConfig
                                           ; SOURCE LINE # 150
001C 22                RET     
             ; FUNCTION QuadDecoder_Cnt8_Sleep (END)

             ; FUNCTION QuadDecoder_Cnt8_Wakeup (BEGIN)
                                           ; SOURCE LINE # 171
                                           ; SOURCE LINE # 172
                                           ; SOURCE LINE # 173
0000 120000      R     LCALL   QuadDecoder_Cnt8_RestoreConfig
                                           ; SOURCE LINE # 175
0003 900000      R     MOV     DPTR,#QuadDecoder_Cnt8_backup
0006 E0                MOVX    A,@DPTR
0007 FF                MOV     R7,A
0008 EF                MOV     A,R7
0009 B40103            CJNE    A,#01H,?C0007
                                           ; SOURCE LINE # 176
                                           ; SOURCE LINE # 178
000C 120000      E     LCALL   QuadDecoder_Cnt8_Enable
                                           ; SOURCE LINE # 179
                                           ; SOURCE LINE # 182
000F         ?C0007:
000F 22                RET     
             ; FUNCTION QuadDecoder_Cnt8_Wakeup (END)



MODULE INFORMATION:   STATIC OVERLAYABLE
   CODE SIZE        =     79    ----
   CONSTANT SIZE    =   ----    ----
   XDATA SIZE       =      3    ----
   PDATA SIZE       =   ----    ----
   DATA SIZE        =   ----    ----
   IDATA SIZE       =   ----    ----
   BIT SIZE         =   ----    ----
   EDATA SIZE       =   ----    ----
   HDATA SIZE       =   ----    ----
   XDATA CONST SIZE =   ----    ----
   FAR CONST SIZE   =   ----    ----
END OF MODULE INFORMATION.


C51 COMPILATION COMPLETE.  0 WARNING(S),  0 ERROR(S)
