--------------- Build Started: 07/02/2014 15:15:43 Project: RTOS_28_MAY_2014, Configuration: DP8051 Keil 9.51 Debug ---------------
The code generation step is up to date.
The compile step is up to date, no work needs to be done.
LIBX51.exe TRANSFER '.\DP8051\DP8051_Keil_951\Debug\cyfitter_cfg.obj', '.\DP8051\DP8051_Keil_951\Debug\RTX51_config.obj', '.\DP8051\DP8051_Keil_951\Debug\RTX51.obj', '.\DP8051\DP8051_Keil_951\Debug\Clock.obj', '.\DP8051\DP8051_Keil_951\Debug\UART.obj', '.\DP8051\DP8051_Keil_951\Debug\UART_PM.obj', '.\DP8051\DP8051_Keil_951\Debug\UART_INT.obj', '.\DP8051\DP8051_Keil_951\Debug\UART_BOOT.obj', '.\DP8051\DP8051_Keil_951\Debug\isr.obj', '.\DP8051\DP8051_Keil_951\Debug\CyBootAsmKeil.obj', '.\DP8051\DP8051_Keil_951\Debug\CyDmac.obj', '.\DP8051\DP8051_Keil_951\Debug\CyFlash.obj', '.\DP8051\DP8051_Keil_951\Debug\CyLib.obj', '.\DP8051\DP8051_Keil_951\Debug\cymem.obj', '.\DP8051\DP8051_Keil_951\Debug\cyPm.obj', '.\DP8051\DP8051_Keil_951\Debug\CySpc.obj', '.\DP8051\DP8051_Keil_951\Debug\cyutils.obj', '.\DP8051\DP8051_Keil_951\Debug\KeilStart.obj', '.\DP8051\DP8051_Keil_951\Debug\k_isr.obj', '.\DP8051\DP8051_Keil_951\Debug\KEY.obj', '.\DP8051\DP8051_Keil_951\Debug\K1_SENSE.obj', '.\DP8051\DP8051_Keil_951\Debug\K2_SENSE.obj', '.\DP8051\DP8051_Keil_951\Debug\PSoC_INT0.obj', '.\DP8051\DP8051_Keil_951\Debug\PSoC_INT1.obj', '.\DP8051\DP8051_Keil_951\Debug\MOSI.obj', '.\DP8051\DP8051_Keil_951\Debug\MISO.obj', '.\DP8051\DP8051_Keil_951\Debug\SPIM.obj', '.\DP8051\DP8051_Keil_951\Debug\SPIM_PM.obj', '.\DP8051\DP8051_Keil_951\Debug\SPIM_INT.obj', '.\DP8051\DP8051_Keil_951\Debug\SCK.obj', '.\DP8051\DP8051_Keil_951\Debug\CSN.obj', '.\DP8051\DP8051_Keil_951\Debug\SPIM_IntClock.obj', '.\DP8051\DP8051_Keil_951\Debug\Clk_PWM.obj', '.\DP8051\DP8051_Keil_951\Debug\PWM_Out.obj', '.\DP8051\DP8051_Keil_951\Debug\PWM.obj', '.\DP8051\DP8051_Keil_951\Debug\PWM_PM.obj', '.\DP8051\DP8051_Keil_951\Debug\U_CLOCK.obj', '.\DP8051\DP8051_Keil_951\Debug\EMISO.obj', '.\DP8051\DP8051_Keil_951\Debug\ECS.obj', '.\DP8051\DP8051_Keil_951\Debug\ECLK.obj', '.\DP8051\DP8051_Keil_951\Debug\EMOSI.obj', '.\DP8051\DP8051_Keil_951\Debug\SPIS.obj', '.\DP8051\DP8051_Keil_951\Debug\SPIS_PM.obj', '.\DP8051\DP8051_Keil_951\Debug\SPIS_INT.obj', '.\DP8051\DP8051_Keil_951\Debug\SPIS_BOOT.obj', '.\DP8051\DP8051_Keil_951\Debug\DEC_INT.obj', '.\DP8051\DP8051_Keil_951\Debug\isr_QD.obj', '.\DP8051\DP8051_Keil_951\Debug\Clock_QD.obj', '.\DP8051\DP8051_Keil_951\Debug\EN_SW1.obj', '.\DP8051\DP8051_Keil_951\Debug\EN_CHB.obj', '.\DP8051\DP8051_Keil_951\Debug\EN_CHA.obj', '.\DP8051\DP8051_Keil_951\Debug\QuadDecoder.obj', '.\DP8051\DP8051_Keil_951\Debug\QuadDecoder_PM.obj', '.\DP8051\DP8051_Keil_951\Debug\Key2_2.obj', '.\DP8051\DP8051_Keil_951\Debug\Key2_1.obj', '.\DP8051\DP8051_Keil_951\Debug\Key2_0.obj', '.\DP8051\DP8051_Keil_951\Debug\Key1_1.obj', '.\DP8051\DP8051_Keil_951\Debug\Key1_0.obj', '.\DP8051\DP8051_Keil_951\Debug\Key1_2.obj', '.\DP8051\DP8051_Keil_951\Debug\PC_VI_2SEL0.obj', '.\DP8051\DP8051_Keil_951\Debug\BICM_SEL.obj', '.\DP8051\DP8051_Keil_951\Debug\BFG1_SEL.obj', '.\DP8051\DP8051_Keil_951\Debug\MUXASEL.obj', '.\DP8051\DP8051_Keil_951\Debug\SRC_0.obj', '.\DP8051\DP8051_Keil_951\Debug\SRC_1.obj', '.\DP8051\DP8051_Keil_951\Debug\SRC_2.obj', '.\DP8051\DP8051_Keil_951\Debug\SRC_3.obj', '.\DP8051\DP8051_Keil_951\Debug\SRC_4.obj', '.\DP8051\DP8051_Keil_951\Debug\PC_VI_2SEL1.obj', '.\DP8051\DP8051_Keil_951\Debug\SPIS_IntClock.obj', '.\DP8051\DP8051_Keil_951\Debug\QuadDecoder_Cnt8.obj', '.\DP8051\DP8051_Keil_951\Debug\QuadDecoder_Cnt8_PM.obj', '.\DP8051\DP8051_Keil_951\Debug\GPIO0_5V.obj', '.\DP8051\DP8051_Keil_951\Debug\BSRC_IMP_SEL.obj', '.\DP8051\DP8051_Keil_951\Debug\GPIO5.obj', '.\DP8051\DP8051_Keil_951\Debug\MUXSEL_B0.obj', '.\DP8051\DP8051_Keil_951\Debug\MUXSEL_B1.obj' TO '.\DP8051\DP8051_Keil_951\Debug\RTOS_28_MAY_2014.lib'
LX51.exe '.\DP8051\DP8051_Keil_951\Debug\main.obj', '.\DP8051\DP8051_Keil_951\Debug\TASK1.obj', '.\DP8051\DP8051_Keil_951\Debug\TASK2.obj', '.\DP8051\DP8051_Keil_951\Debug\TASK3.obj', '.\DP8051\DP8051_Keil_951\Debug\TASK4.obj', '.\DP8051\DP8051_Keil_951\Debug\TASK5.obj', '.\DP8051\DP8051_Keil_951\Debug\RTOS_28_MAY_2014.lib', 'C:\Program Files\Cypress\PSoC Creator\3.0\PSoC Creator\psoc\content\cycomponentlibrary\CyComponentLibrary.cylib\DP8051\DP8051_Keil_951\Debug\CyComponentLibrary.lib'  TO '.\DP8051\DP8051_Keil_951\Debug\RTOS_28_MAY_2014.omf' PR(.\DP8051\DP8051_Keil_951\Debug\RTOS_28_MAY_2014.map) IX CODE DW(16) RU RTX51TINY CL(XDATA(X:0x0000-X:0x1FFF)) CL(CODE(C:0x0000-C:0xFFFF)) CL(CONST(C:0x0000-C:0xFFFF))
*** WARNING L15: MULTIPLE CALL TO FUNCTION
    NAME:    UART_CLEARRXBUFFER/UART
    CALLER1: OS/MAIN
    CALLER2: TASK1/TASK1
*** WARNING L15: MULTIPLE CALL TO FUNCTION
    NAME:    UART_CLEARTXBUFFER/UART
    CALLER1: OS/MAIN
    CALLER2: TASK1/TASK1
*** WARNING L15: MULTIPLE CALL TO FUNCTION
    NAME:    SPIM_READTXSTATUS/SPIM
    CALLER1: OS/MAIN
    CALLER2: TASK1/TASK1
*** WARNING L15: MULTIPLE CALL TO FUNCTION
    NAME:    SPIM_READRXSTATUS/SPIM
    CALLER1: OS/MAIN
    CALLER2: TASK1/TASK1
*** WARNING L15: MULTIPLE CALL TO FUNCTION
    NAME:    _U_CLOCK_SETDIVIDERREGISTER/U_CLOCK
    CALLER1: OS/MAIN
    CALLER2: TASK1/TASK1
*** WARNING L15: MULTIPLE CALL TO FUNCTION
    NAME:    _CYINTSETVECTOR/CYLIB
    CALLER1: OS/MAIN
    CALLER2: TASK1/TASK1
*** WARNING L15: MULTIPLE CALL TO FUNCTION
    NAME:    _CYINTSETPRIORITY/CYLIB
    CALLER1: OS/MAIN
    CALLER2: TASK1/TASK1
*** WARNING L15: MULTIPLE CALL TO FUNCTION
    NAME:    UART_ENABLE/UART
    CALLER1: OS/MAIN
    CALLER2: TASK1/TASK1
*** WARNING L15: MULTIPLE CALL TO FUNCTION
    NAME:    _UART_PUTSTRING/UART
    CALLER1: TASK1/TASK1
    CALLER2: TASK2/TASK2
*** WARNING L15: MULTIPLE CALL TO FUNCTION
    NAME:    _UART_PUTCHAR/UART
    CALLER1: TASK1/TASK1
    CALLER2: TASK2/TASK2
*** WARNING L15: MULTIPLE CALL TO FUNCTION
    NAME:    UART_CLEARTXBUFFER/UART
    CALLER1: TASK1/TASK1
    CALLER2: TASK2/TASK2
*** WARNING L15: MULTIPLE CALL TO FUNCTION
    NAME:    _UART_WRITETXDATA/UART
    CALLER1: TASK1/TASK1
    CALLER2: TASK2/TASK2
*** WARNING L15: MULTIPLE CALL TO FUNCTION
    NAME:    UART_CLEARRXBUFFER/UART
    CALLER1: TASK1/TASK1
    CALLER2: TASK2/TASK2
*** WARNING L15: MULTIPLE CALL TO FUNCTION
    NAME:    _K_ISR_SETVECTOR/K_ISR
    CALLER1: OS/MAIN
    CALLER2: TASK3/TASK3
*** WARNING L15: MULTIPLE CALL TO FUNCTION
    NAME:    _K_ISR_SETPRIORITY/K_ISR
    CALLER1: OS/MAIN
    CALLER2: TASK3/TASK3
*** WARNING L15: MULTIPLE CALL TO FUNCTION
    NAME:    _UART_WRITETXDATA/UART
    CALLER1: TASK2/TASK2
    CALLER2: TASK4/TASK4
*** WARNING L15: MULTIPLE CALL TO FUNCTION
    NAME:    SPIS_READTXSTATUS/SPIS
    CALLER1: OS/MAIN
    CALLER2: TASK5/TASK5
Program Size: data=35.1 xdata=346 const=7845 code=20559
OHx51.exe RTOS_28_MAY_2014.omf HEXFILE(RTOS_28_MAY_2014.ihx)
c8051-elf-omf2elf.exe RTOS_28_MAY_2014.omf RTOS_28_MAY_2014.elf
cyhextool -o .\DP8051\DP8051_Keil_951\Debug\RTOS_28_MAY_2014.hex -f .\DP8051\DP8051_Keil_951\Debug\RTOS_28_MAY_2014.ihx -prot .\Generated_Source\PSoC3\protect.hex -id 1E08A069 -a EEPROM=90200000:800,PROGRAM=00000000:10000,CONFIG=80000000:2000,PROTECT=90400000:40 -meta 0301 -cunv 0000400D -wonv BC90ACAF -ecc ON
Flash used: 28404 of 65536 bytes (43.3 %).
SRAM used: 346 of 8192 bytes (4.2 %).
--------------- Build Succeeded: 07/02/2014 15:16:02 ---------------
