C51 COMPILER V9.51   TASK4                                                                 06/30/2014 18:26:31 PAGE 1   


C51 COMPILER V9.51, COMPILATION OF MODULE TASK4
OBJECT MODULE PLACED IN .\DP8051\DP8051_Keil_951\Debug\TASK4.obj
COMPILER INVOKED BY: C:\Program Files\Cypress\PSoC Creator\3.0\PSoC Creator\import\keil\pk51\9.51\C51\BIN\c51.exe .\TASK
                    -4.c NOIV LARGE MODDP2 OMF2 VB(1) PR(.\DP8051\DP8051_Keil_951\Debug\TASK4.lst) CD DB NOIP OT(2,SIZE) INCDIR(.,.\Generated
                    -_Source\PSoC3) OJ(.\DP8051\DP8051_Keil_951\Debug\TASK4.obj)

line level    source

   1          /* ========================================
   2           *
   3           * Copyright YOUR COMPANY, THE YEAR
   4           * All Rights Reserved
   5           * UNPUBLISHED, LICENSED SOFTWARE.
   6           *
   7           * CONFIDENTIAL AND PROPRIETARY INFORMATION
   8           * WHICH IS THE PROPERTY OF your company.
   9           *
  10           * ========================================
  11          */
  12          
  13          #include "TASK1.h"
  14          #include "TASK2.h"
  15          #include "TASK3.h"
  16          #include "TASK4.h"
  17          
  18          void task4 (void) _task_ 4
  19          {
  20   1              for(;;)
  21   1              {
  22   2                      os_wait1(K_SIG);        //      Wait for Signal From Main OS
  23   2                      
  24   2                      UART_WriteTxData(0x2a);
  25   2                      while(!(UART_ReadTxStatus() & UART_TX_STS_FIFO_EMPTY))
  26   2                      {
  27   3                              ;
  28   3                      }
  29   2              
  30   2                      UART_WriteTxData(0x2a);
  31   2                      while(!(UART_ReadTxStatus() & UART_TX_STS_FIFO_EMPTY))
  32   2                      {
  33   3                              ;
  34   3                      }
  35   2              
  36   2                      UART_WriteTxData(0x2a);
  37   2                      while(!(UART_ReadTxStatus() & UART_TX_STS_FIFO_EMPTY))
  38   2                      {
  39   3                              ;
  40   3                      }
  41   2              
  42   2                      UART_WriteTxData(0x2a);
  43   2                      while(!(UART_ReadTxStatus() & UART_TX_STS_FIFO_EMPTY))
  44   2                      {
  45   3                              ;
  46   3                      }
  47   2              
  48   2                      UART_WriteTxData(0x2a);
  49   2                      while(!(UART_ReadTxStatus() & UART_TX_STS_FIFO_EMPTY))
  50   2                      {
  51   3                              ;
  52   3                      }
  53   2              
C51 COMPILER V9.51   TASK4                                                                 06/30/2014 18:26:31 PAGE 2   

  54   2                      UART_WriteTxData(0x2a);
  55   2                      while(!(UART_ReadTxStatus() & UART_TX_STS_FIFO_EMPTY))
  56   2                      {
  57   3                              ;
  58   3                      }
  59   2              
  60   2                      UART_WriteTxData(0x3f);
  61   2                      while(!(UART_ReadTxStatus() & UART_TX_STS_FIFO_EMPTY))
  62   2                      {
  63   3                              ;
  64   3                      }
  65   2                      os_delete_task (4);                     //      DELETE 'OS' TASK
  66   2              
  67   2              }
  68   1      }
  69          
  70          void TASK_4 ()                                                          //      INITIALISATION FUNCTION OF TASK4
  71          {
  72   1              os_create_task(4);                                              //      CREATION OF TASK4
  73   1      }
  74          
  75          /* [] END OF FILE */
*** WARNING C316 IN LINE 75 OF .\TASK4.c: unterminated conditionals
C51 COMPILER V9.51   TASK4                                                                 06/30/2014 18:26:31 PAGE 3   

ASSEMBLY LISTING OF GENERATED OBJECT CODE


             ; FUNCTION task4 (BEGIN)
                                           ; SOURCE LINE # 18
                                           ; SOURCE LINE # 20
0000         ?C0001:
                                           ; SOURCE LINE # 21
                                           ; SOURCE LINE # 22
0000 7F01              MOV     R7,#01H
0002 120000      E     LCALL   _os_wait1
                                           ; SOURCE LINE # 24
0005 7F2A              MOV     R7,#02AH
0007 120000      E     LCALL   _UART_WriteTxData
000A         ?C0003:
                                           ; SOURCE LINE # 25
000A 120000      E     LCALL   UART_ReadTxStatus
000D EF                MOV     A,R7
000E 30E1F9            JNB     ACC.1,?C0003
                                           ; SOURCE LINE # 26
                                           ; SOURCE LINE # 28
0011         ?C0004:
                                           ; SOURCE LINE # 30
0011 7F2A              MOV     R7,#02AH
0013 120000      E     LCALL   _UART_WriteTxData
0016         ?C0005:
                                           ; SOURCE LINE # 31
0016 120000      E     LCALL   UART_ReadTxStatus
0019 EF                MOV     A,R7
001A 30E1F9            JNB     ACC.1,?C0005
                                           ; SOURCE LINE # 32
                                           ; SOURCE LINE # 34
001D         ?C0006:
                                           ; SOURCE LINE # 36
001D 7F2A              MOV     R7,#02AH
001F 120000      E     LCALL   _UART_WriteTxData
0022         ?C0007:
                                           ; SOURCE LINE # 37
0022 120000      E     LCALL   UART_ReadTxStatus
0025 EF                MOV     A,R7
0026 30E1F9            JNB     ACC.1,?C0007
                                           ; SOURCE LINE # 38
                                           ; SOURCE LINE # 40
0029         ?C0008:
                                           ; SOURCE LINE # 42
0029 7F2A              MOV     R7,#02AH
002B 120000      E     LCALL   _UART_WriteTxData
002E         ?C0009:
                                           ; SOURCE LINE # 43
002E 120000      E     LCALL   UART_ReadTxStatus
0031 EF                MOV     A,R7
0032 30E1F9            JNB     ACC.1,?C0009
                                           ; SOURCE LINE # 44
                                           ; SOURCE LINE # 46
0035         ?C0010:
                                           ; SOURCE LINE # 48
0035 7F2A              MOV     R7,#02AH
0037 120000      E     LCALL   _UART_WriteTxData
003A         ?C0011:
                                           ; SOURCE LINE # 49
003A 120000      E     LCALL   UART_ReadTxStatus
003D EF                MOV     A,R7
C51 COMPILER V9.51   TASK4                                                                 06/30/2014 18:26:31 PAGE 4   

003E 30E1F9            JNB     ACC.1,?C0011
                                           ; SOURCE LINE # 50
                                           ; SOURCE LINE # 52
0041         ?C0012:
                                           ; SOURCE LINE # 54
0041 7F2A              MOV     R7,#02AH
0043 120000      E     LCALL   _UART_WriteTxData
0046         ?C0013:
                                           ; SOURCE LINE # 55
0046 120000      E     LCALL   UART_ReadTxStatus
0049 EF                MOV     A,R7
004A 30E1F9            JNB     ACC.1,?C0013
                                           ; SOURCE LINE # 56
                                           ; SOURCE LINE # 58
004D         ?C0014:
                                           ; SOURCE LINE # 60
004D 7F3F              MOV     R7,#03FH
004F 120000      E     LCALL   _UART_WriteTxData
0052         ?C0015:
                                           ; SOURCE LINE # 61
0052 120000      E     LCALL   UART_ReadTxStatus
0055 EF                MOV     A,R7
0056 30E1F9            JNB     ACC.1,?C0015
                                           ; SOURCE LINE # 62
                                           ; SOURCE LINE # 64
0059         ?C0016:
                                           ; SOURCE LINE # 65
0059 7F04              MOV     R7,#04H
005B 120000      E     LCALL   _os_delete_task
                                           ; SOURCE LINE # 67
005E 80A0              SJMP    ?C0001
0060 22                RET     
             ; FUNCTION task4 (END)

             ; FUNCTION TASK_4 (BEGIN)
                                           ; SOURCE LINE # 70
                                           ; SOURCE LINE # 71
                                           ; SOURCE LINE # 72
0000 7F04              MOV     R7,#04H
0002 120000      E     LCALL   _os_create_task
                                           ; SOURCE LINE # 73
0005 22                RET     
             ; FUNCTION TASK_4 (END)



MODULE INFORMATION:   STATIC OVERLAYABLE
   CODE SIZE        =    103    ----
   CONSTANT SIZE    =   ----    ----
   XDATA SIZE       =   ----    ----
   PDATA SIZE       =   ----    ----
   DATA SIZE        =   ----    ----
   IDATA SIZE       =   ----    ----
   BIT SIZE         =   ----    ----
   EDATA SIZE       =   ----    ----
   HDATA SIZE       =   ----    ----
   XDATA CONST SIZE =   ----    ----
   FAR CONST SIZE   =   ----    ----
END OF MODULE INFORMATION.


C51 COMPILATION COMPLETE.  1 WARNING(S),  0 ERROR(S)
