Loading plugins phase: Elapsed time ==> 1s.765ms
Initializing data phase: Elapsed time ==> 15s.171ms
<CYPRESSTAG name="CyDsfit arguments...">
cydsfit arguments: -.fdsnotice -.fdswarpdepfile=warp_dependencies.txt -.fdselabdepfile=elab_dependencies.txt -.fdsbldfile=generated_files.txt -p C:\Documents and Settings\qmax\Desktop\Design01\Design01.cydsn\Design01.cyprj -d CY8C3246AXI-138 -s C:\Documents and Settings\qmax\Desktop\Design01\Design01.cydsn\Generated_Source\PSoC3 -- -yv2 -v3 -ygs -q10 -o2 -.fftcfgtype=BE</CYPRESSTAG>
<CYPRESSTAG name="Design elaboration results...">
</CYPRESSTAG>
Elaboration phase: Elapsed time ==> 21s.234ms
<CYPRESSTAG name="HDL generation results...">
</CYPRESSTAG>
HDL generation phase: Elapsed time ==> 0s.546ms
<CYPRESSTAG name="Synthesis results...">

     | | | | | | |
   _________________
  -|               |-
  -|               |-
  -|               |-
  -|    CYPRESS    |-
  -|               |-
  -|               |-   Warp Verilog Synthesis Compiler: Version 6.3 IR 41
  -|               |-   Copyright (C) 1991-2001 Cypress Semiconductor
   |_______________|
     | | | | | | |

======================================================================
Compiling:  Design01.v
Program  :   C:\Program Files\Cypress\PSoC Creator\3.0\PSoC Creator\warp\bin/warp.exe
Options  :    -yv2 -v3 -ygs -q10 -o2 -.fftcfgtype=BE -ya -.fftprj=C:\Documents and Settings\qmax\Desktop\Design01\Design01.cydsn\Design01.cyprj -dcpsoc3 Design01.v -verilog
======================================================================

======================================================================
Compiling:  Design01.v
Program  :   C:\Program Files\Cypress\PSoC Creator\3.0\PSoC Creator\warp\bin/warp.exe
Options  :    -yv2 -v3 -ygs -q10 -o2 -.fftcfgtype=BE -ya -.fftprj=C:\Documents and Settings\qmax\Desktop\Design01\Design01.cydsn\Design01.cyprj -dcpsoc3 Design01.v -verilog
======================================================================

======================================================================
Compiling:  Design01.v
Program  :   vlogfe
Options  :    -yv2 -v3 -ygs -q10 -o2 -.fftcfgtype=BE -ya -.fftprj=C:\Documents and Settings\qmax\Desktop\Design01\Design01.cydsn\Design01.cyprj -dcpsoc3 -verilog Design01.v
======================================================================

vlogfe V6.3 IR 41:  Verilog parser
Thu Mar 20 12:53:27 2014


======================================================================
Compiling:  Design01.v
Program  :   vpp
Options  :    -yv2 -q10 Design01.v
======================================================================

vpp V6.3 IR 41:  Verilog Pre-Processor
Thu Mar 20 12:53:28 2014

Flattening file 'C:\Program Files\Cypress\PSoC Creator\3.0\PSoC Creator\warp\..\psoc\content\cyprimitives\CyPrimitives.cylib\OneTerminal\OneTerminal.v'
Flattening file 'C:\Program Files\Cypress\PSoC Creator\3.0\PSoC Creator\warp\..\psoc\content\cyprimitives\CyPrimitives.cylib\cy_virtualmux_v1_0\cy_virtualmux_v1_0.v'
Flattening file 'C:\Program Files\Cypress\PSoC Creator\3.0\PSoC Creator\warp\..\psoc\content\cyprimitives\CyPrimitives.cylib\or_v1_0\or_v1_0.v'
Flattening file 'C:\Program Files\Cypress\PSoC Creator\3.0\PSoC Creator\warp\..\psoc\content\cyprimitives\CyPrimitives.cylib\ZeroTerminal\ZeroTerminal.v'

vpp:  No errors.

Library 'work' => directory 'lcpsoc3'
General_symbol_table
General_symbol_table
Linking 'C:\Program Files\Cypress\PSoC Creator\3.0\PSoC Creator\warp\lib\common\std.vhd'.
Linking 'C:\Program Files\Cypress\PSoC Creator\3.0\PSoC Creator\warp\lib\common\cypress.vhd'.
Linking 'C:\Program Files\Cypress\PSoC Creator\3.0\PSoC Creator\warp\lib\common\work\cypress.vif'.
Linking 'C:\Program Files\Cypress\PSoC Creator\3.0\PSoC Creator\warp\lib\ieee\work\stdlogic.vif'.
Linking 'C:\Program Files\Cypress\PSoC Creator\3.0\PSoC Creator\warp\lib\common\stdlogic\lpmpkg.vif'.
Linking 'C:\Program Files\Cypress\PSoC Creator\3.0\PSoC Creator\warp\lib\common\stdlogic\rtlpkg.vif'.
Linking 'C:\Program Files\Cypress\PSoC Creator\3.0\PSoC Creator\warp\lib\common\stdlogic\mod_cnst.vif'.
Linking 'C:\Program Files\Cypress\PSoC Creator\3.0\PSoC Creator\warp\lib\common\stdlogic\mod_mthv.vif'.
Linking 'C:\Program Files\Cypress\PSoC Creator\3.0\PSoC Creator\warp\lib\common\stdlogic\mod_genv.vif'.
Using control file 'Design01.ctl'.

vlogfe:  No errors.


======================================================================
Compiling:  Design01.v
Program  :   tovif
Options  :    -yv2 -v3 -ygs -q10 -o2 -.fftcfgtype=BE -ya -.fftprj=C:\Documents and Settings\qmax\Desktop\Design01\Design01.cydsn\Design01.cyprj -dcpsoc3 -verilog Design01.v
======================================================================

tovif V6.3 IR 41:  High-level synthesis
Thu Mar 20 12:53:28 2014

Linking 'C:\Program Files\Cypress\PSoC Creator\3.0\PSoC Creator\warp\lib\common\std.vhd'.
Linking 'C:\Program Files\Cypress\PSoC Creator\3.0\PSoC Creator\warp\lib\common\cypress.vhd'.
Linking 'C:\Program Files\Cypress\PSoC Creator\3.0\PSoC Creator\warp\lib\common\work\cypress.vif'.
Linking 'C:\Program Files\Cypress\PSoC Creator\3.0\PSoC Creator\warp\lib\ieee\work\stdlogic.vif'.
Linking 'C:\Program Files\Cypress\PSoC Creator\3.0\PSoC Creator\warp\lib\common\stdlogic\lpmpkg.vif'.
Linking 'C:\Program Files\Cypress\PSoC Creator\3.0\PSoC Creator\warp\lib\common\stdlogic\rtlpkg.vif'.
Linking 'C:\Program Files\Cypress\PSoC Creator\3.0\PSoC Creator\warp\lib\common\stdlogic\mod_cnst.vif'.
Linking 'C:\Program Files\Cypress\PSoC Creator\3.0\PSoC Creator\warp\lib\common\stdlogic\mod_mthv.vif'.
Linking 'C:\Program Files\Cypress\PSoC Creator\3.0\PSoC Creator\warp\lib\common\stdlogic\mod_genv.vif'.
Linking 'C:\Documents and Settings\qmax\Desktop\Design01\Design01.cydsn\codegentemp\Design01.ctl'.
Linking 'C:\Program Files\Cypress\PSoC Creator\3.0\PSoC Creator\psoc\content\cyprimitives\CyPrimitives.cylib\OneTerminal\OneTerminal.v'.
Linking 'C:\Documents and Settings\qmax\Desktop\Design01\Design01.cydsn\codegentemp\Design01.v'.
Linking 'C:\Program Files\Cypress\PSoC Creator\3.0\PSoC Creator\psoc\content\cyprimitives\CyPrimitives.cylib\cy_virtualmux_v1_0\cy_virtualmux_v1_0.v'.
Linking 'C:\Program Files\Cypress\PSoC Creator\3.0\PSoC Creator\psoc\content\cyprimitives\CyPrimitives.cylib\or_v1_0\or_v1_0.v'.
Linking 'C:\Program Files\Cypress\PSoC Creator\3.0\PSoC Creator\psoc\content\cyprimitives\CyPrimitives.cylib\ZeroTerminal\ZeroTerminal.v'.

tovif:  No errors.


======================================================================
Compiling:  Design01.v
Program  :   topld
Options  :    -yv2 -v3 -ygs -q10 -o2 -.fftcfgtype=BE -ya -.fftprj=C:\Documents and Settings\qmax\Desktop\Design01\Design01.cydsn\Design01.cyprj -dcpsoc3 -verilog Design01.v
======================================================================

topld V6.3 IR 41:  Synthesis and optimization
Thu Mar 20 12:53:30 2014

Linking 'C:\Program Files\Cypress\PSoC Creator\3.0\PSoC Creator\warp\lib\common\std.vhd'.
Linking 'C:\Program Files\Cypress\PSoC Creator\3.0\PSoC Creator\warp\lib\common\cypress.vhd'.
Linking 'C:\Program Files\Cypress\PSoC Creator\3.0\PSoC Creator\warp\lib\common\work\cypress.vif'.
Linking 'C:\Program Files\Cypress\PSoC Creator\3.0\PSoC Creator\warp\lib\ieee\work\stdlogic.vif'.
Linking 'C:\Program Files\Cypress\PSoC Creator\3.0\PSoC Creator\warp\lib\common\stdlogic\lpmpkg.vif'.
Linking 'C:\Program Files\Cypress\PSoC Creator\3.0\PSoC Creator\warp\lib\common\stdlogic\rtlpkg.vif'.
Linking 'C:\Program Files\Cypress\PSoC Creator\3.0\PSoC Creator\warp\lib\common\stdlogic\mod_cnst.vif'.
Linking 'C:\Program Files\Cypress\PSoC Creator\3.0\PSoC Creator\warp\lib\common\stdlogic\mod_mthv.vif'.
Linking 'C:\Program Files\Cypress\PSoC Creator\3.0\PSoC Creator\warp\lib\common\stdlogic\mod_genv.vif'.
Linking 'C:\Documents and Settings\qmax\Desktop\Design01\Design01.cydsn\codegentemp\Design01.ctl'.
Linking 'C:\Program Files\Cypress\PSoC Creator\3.0\PSoC Creator\psoc\content\cyprimitives\CyPrimitives.cylib\OneTerminal\OneTerminal.v'.
Linking 'C:\Documents and Settings\qmax\Desktop\Design01\Design01.cydsn\codegentemp\Design01.v'.
Linking 'C:\Program Files\Cypress\PSoC Creator\3.0\PSoC Creator\psoc\content\cyprimitives\CyPrimitives.cylib\cy_virtualmux_v1_0\cy_virtualmux_v1_0.v'.
Linking 'C:\Program Files\Cypress\PSoC Creator\3.0\PSoC Creator\psoc\content\cyprimitives\CyPrimitives.cylib\or_v1_0\or_v1_0.v'.
Linking 'C:\Program Files\Cypress\PSoC Creator\3.0\PSoC Creator\psoc\content\cyprimitives\CyPrimitives.cylib\ZeroTerminal\ZeroTerminal.v'.
Linking 'C:\Program Files\Cypress\PSoC Creator\3.0\PSoC Creator\warp\lib\lcpsoc3\stdlogic\cpsoc3.vif'.

----------------------------------------------------------
Detecting unused logic.
----------------------------------------------------------
    User names
	\I2C_1:udb_clk\
	Net_813
	\I2C_1:Net_1187\
	Net_814
	\I2C_1:Net_1188\
	\I2C_1:timeout_clk\
	Net_819
	\I2C_1:Net_1191\
	Net_817
	Net_818


Deleted 10 User equations/components.
Deleted 0 Synthesized equations/components.

------------------------------------------------------
Alias Detection
------------------------------------------------------
Aliasing one to tmpOE__ISO_DI2_net_0
Aliasing tmpOE__ISO_SCS_net_0 to tmpOE__ISO_DI2_net_0
Aliasing tmpOE__ISO_SCLK_net_0 to tmpOE__ISO_DI2_net_0
Aliasing tmpOE__ISO_SDI_net_0 to tmpOE__ISO_DI2_net_0
Aliasing tmpOE__ISO_SDO_net_0 to tmpOE__ISO_DI2_net_0
Aliasing tmpOE__ISO_DI0_net_0 to tmpOE__ISO_DI2_net_0
Aliasing tmpOE__CS_net_0 to tmpOE__ISO_DI2_net_0
Aliasing tmpOE__CK_net_0 to tmpOE__ISO_DI2_net_0
Aliasing tmpOE__DIn_net_0 to tmpOE__ISO_DI2_net_0
Aliasing tmpOE__DOut_net_0 to tmpOE__ISO_DI2_net_0
Aliasing tmpOE__RL6_CTR_net_0 to tmpOE__ISO_DI2_net_0
Aliasing tmpOE__RL1_CTR_net_0 to tmpOE__ISO_DI2_net_0
Aliasing tmpOE__RL4_CTR_net_0 to tmpOE__ISO_DI2_net_0
Aliasing tmpOE__RL3_CTR_net_0 to tmpOE__ISO_DI2_net_0
Aliasing tmpOE__RL2_CTR_net_0 to tmpOE__ISO_DI2_net_0
Aliasing tmpOE__RL5_CTR_net_0 to tmpOE__ISO_DI2_net_0
Aliasing tmpOE__RL7_CTR_net_0 to tmpOE__ISO_DI2_net_0
Aliasing tmpOE__ISO_DI1_net_0 to tmpOE__ISO_DI2_net_0
Aliasing \I2C_1:Net_1084\ to tmpOE__ISO_DI2_net_0
Aliasing \I2C_1:Net_1085\ to tmpOE__ISO_DI2_net_0
Aliasing tmpOE__I2C1_SCL_net_0 to tmpOE__ISO_DI2_net_0
Aliasing tmpOE__I2C1_SDA_net_0 to tmpOE__ISO_DI2_net_0
Removing Lhs of wire one[6] = tmpOE__ISO_DI2_net_0[1]
Removing Lhs of wire tmpOE__ISO_SCS_net_0[9] = tmpOE__ISO_DI2_net_0[1]
Removing Lhs of wire tmpOE__ISO_SCLK_net_0[15] = tmpOE__ISO_DI2_net_0[1]
Removing Lhs of wire tmpOE__ISO_SDI_net_0[21] = tmpOE__ISO_DI2_net_0[1]
Removing Lhs of wire tmpOE__ISO_SDO_net_0[27] = tmpOE__ISO_DI2_net_0[1]
Removing Lhs of wire tmpOE__ISO_DI0_net_0[34] = tmpOE__ISO_DI2_net_0[1]
Removing Lhs of wire tmpOE__CS_net_0[40] = tmpOE__ISO_DI2_net_0[1]
Removing Lhs of wire tmpOE__CK_net_0[46] = tmpOE__ISO_DI2_net_0[1]
Removing Lhs of wire tmpOE__DIn_net_0[52] = tmpOE__ISO_DI2_net_0[1]
Removing Lhs of wire tmpOE__DOut_net_0[58] = tmpOE__ISO_DI2_net_0[1]
Removing Lhs of wire tmpOE__RL6_CTR_net_0[63] = tmpOE__ISO_DI2_net_0[1]
Removing Lhs of wire tmpOE__RL1_CTR_net_0[69] = tmpOE__ISO_DI2_net_0[1]
Removing Lhs of wire tmpOE__RL4_CTR_net_0[75] = tmpOE__ISO_DI2_net_0[1]
Removing Lhs of wire tmpOE__RL3_CTR_net_0[81] = tmpOE__ISO_DI2_net_0[1]
Removing Lhs of wire tmpOE__RL2_CTR_net_0[87] = tmpOE__ISO_DI2_net_0[1]
Removing Lhs of wire tmpOE__RL5_CTR_net_0[93] = tmpOE__ISO_DI2_net_0[1]
Removing Lhs of wire tmpOE__RL7_CTR_net_0[99] = tmpOE__ISO_DI2_net_0[1]
Removing Lhs of wire tmpOE__ISO_DI1_net_0[105] = tmpOE__ISO_DI2_net_0[1]
Removing Rhs of wire \I2C_1:Net_1109_0\[112] = \I2C_1:scl_yfb\[127]
Removing Rhs of wire \I2C_1:Net_1109_1\[113] = \I2C_1:sda_yfb\[121]
Removing Lhs of wire \I2C_1:sda_x_wire\[118] = \I2C_1:Net_643_1\[115]
Removing Lhs of wire \I2C_1:tmpOE__Bufoe_sda_net_0\[119] = tmpOE__ISO_DI2_net_0[1]
Removing Lhs of wire \I2C_1:Net_1084\[122] = tmpOE__ISO_DI2_net_0[1]
Removing Lhs of wire \I2C_1:scl_x_wire\[124] = \I2C_1:Net_643_0\[114]
Removing Lhs of wire \I2C_1:tmpOE__Bufoe_scl_net_0\[125] = tmpOE__ISO_DI2_net_0[1]
Removing Lhs of wire \I2C_1:Net_1085\[128] = tmpOE__ISO_DI2_net_0[1]
Removing Lhs of wire \I2C_1:Net_697\[130] = \I2C_1:Net_643_2\[116]
Removing Lhs of wire tmpOE__I2C1_SCL_net_0[143] = tmpOE__ISO_DI2_net_0[1]
Removing Lhs of wire tmpOE__I2C1_SDA_net_0[148] = tmpOE__ISO_DI2_net_0[1]

------------------------------------------------------
Aliased 0 equations, 29 wires.
------------------------------------------------------

----------------------------------------------------------
Circuit simplification
----------------------------------------------------------

Substituting virtuals - pass 1:


----------------------------------------------------------
Circuit simplification results:

	Expanded 0 signals.
	Turned 0 signals into soft nodes.
	Maximum default expansion cost was set at 3.
----------------------------------------------------------

topld:  No errors.

CYPRESS_DIR    : C:\Program Files\Cypress\PSoC Creator\3.0\PSoC Creator\warp
Warp Program   : C:\Program Files\Cypress\PSoC Creator\3.0\PSoC Creator\warp\bin/warp.exe
Warp Arguments : -yv2 -v3 -ygs -q10 -o2 -.fftcfgtype=BE -ya "-.fftprj=C:\Documents and Settings\qmax\Desktop\Design01\Design01.cydsn\Design01.cyprj" -dcpsoc3 Design01.v -verilog
</CYPRESSTAG>
Warp synthesis phase: Elapsed time ==> 4s.593ms
<CYPRESSTAG name="Fitter results...">
<CYPRESSTAG name="Fitter startup details...">
cyp3fit: V3.0.0.1539, Family: PSoC3, Started at: Thursday, 20 March 2014 12:53:32
Options: -yv2 -v3 -ygs -q10 -o2 -.fftcfgtype=BE -ya -.fftprj=C:\Documents and Settings\qmax\Desktop\Design01\Design01.cydsn\Design01.cyprj -d CY8C3246AXI-138 Design01.v -verilog
</CYPRESSTAG>
<CYPRESSTAG name="Design parsing">
Design parsing phase: Elapsed time ==> 0s.265ms
</CYPRESSTAG>
<CYPRESSTAG name="Tech mapping">
<CYPRESSTAG name="Initial Mapping" icon="FILE_RPT_TECHM">
Assigning clock I2C_1_BusClock to clock BUS_CLK because it is a pass-through
<CYPRESSTAG name="Global Clock Selection" icon="FILE_RPT_TECHM">
</CYPRESSTAG>
<CYPRESSTAG name="UDB Clock/Enable Remapping Results">
</CYPRESSTAG>
<CYPRESSTAG name="Duplicate Macrocell detection">
</CYPRESSTAG>
</CYPRESSTAG>
<CYPRESSTAG name="Duplicate Macrocell detection">
</CYPRESSTAG>
<CYPRESSTAG name="Design Equations" icon="FILE_RPT_EQUATION">

------------------------------------------------------------
Design Equations
------------------------------------------------------------
    <CYPRESSTAG name="Pin listing">

    ------------------------------------------------------------
    Pin listing
    ------------------------------------------------------------

    Pin : Name = CK(0)
        Attributes:
            Alias: P5_2
            In Group/Port: True
            In Sync Option: AUTO
            Out Sync Option: NOSYNC
            Interrupt generated: False
            Interrupt mode: NONE
            Drive mode: CMOS_OUT
            VTrip: EITHER
            Slew: FAST
            Input Sync needed: False
            Output Sync needed: False
            SC shield enabled: False
            POR State: ANY
            LCD Mode: COMMON
            Register Mode: RegComb
            CaSense Mode: NEITHER
            Treat as pin: True
            Is OE Registered: False
            Uses Analog: False
            Can contain Digital: True
            Is SIO: False
            SIO Output Buf: NONREGULATED
            SIO Input Buf: SINGLE_ENDED
            SIO HiFreq: LOW
            SIO Hyst: DISABLED
            SIO Vtrip: MULTIPLIER_0_5
            SIO RefSel: VCC_IO
            Required Capabilitites: DIGITAL, ROUTABLE
            Initial Value: 0
            IO Voltage: 0
        PORT MAP (
            pa_out => CK(0)__PA ,
            input => Net_634 ,
            pad => CK(0)_PAD );
        Properties:
        {
        }

    Pin : Name = CS(0)
        Attributes:
            Alias: P5_3
            In Group/Port: True
            In Sync Option: AUTO
            Out Sync Option: NOSYNC
            Interrupt generated: False
            Interrupt mode: NONE
            Drive mode: CMOS_OUT
            VTrip: EITHER
            Slew: FAST
            Input Sync needed: False
            Output Sync needed: False
            SC shield enabled: False
            POR State: ANY
            LCD Mode: COMMON
            Register Mode: RegComb
            CaSense Mode: NEITHER
            Treat as pin: True
            Is OE Registered: False
            Uses Analog: False
            Can contain Digital: True
            Is SIO: False
            SIO Output Buf: NONREGULATED
            SIO Input Buf: SINGLE_ENDED
            SIO HiFreq: LOW
            SIO Hyst: DISABLED
            SIO Vtrip: MULTIPLIER_0_5
            SIO RefSel: VCC_IO
            Required Capabilitites: DIGITAL, ROUTABLE
            Initial Value: 0
            IO Voltage: 0
        PORT MAP (
            pa_out => CS(0)__PA ,
            input => Net_626 ,
            pad => CS(0)_PAD );
        Properties:
        {
        }

    Pin : Name = DIn(0)
        Attributes:
            Alias: P5_1
            In Group/Port: True
            In Sync Option: AUTO
            Out Sync Option: NOSYNC
            Interrupt generated: False
            Interrupt mode: NONE
            Drive mode: CMOS_OUT
            VTrip: EITHER
            Slew: FAST
            Input Sync needed: False
            Output Sync needed: False
            SC shield enabled: False
            POR State: ANY
            LCD Mode: COMMON
            Register Mode: RegComb
            CaSense Mode: NEITHER
            Treat as pin: True
            Is OE Registered: False
            Uses Analog: False
            Can contain Digital: True
            Is SIO: False
            SIO Output Buf: NONREGULATED
            SIO Input Buf: SINGLE_ENDED
            SIO HiFreq: LOW
            SIO Hyst: DISABLED
            SIO Vtrip: MULTIPLIER_0_5
            SIO RefSel: VCC_IO
            Required Capabilitites: DIGITAL, ROUTABLE
            Initial Value: 0
            IO Voltage: 0
        PORT MAP (
            pa_out => DIn(0)__PA ,
            input => Net_773 ,
            pad => DIn(0)_PAD );
        Properties:
        {
        }

    Pin : Name = DOut(0)
        Attributes:
            Alias: P5_0
            In Group/Port: True
            In Sync Option: SYNC
            Out Sync Option: AUTO
            Interrupt generated: False
            Interrupt mode: NONE
            Drive mode: HI_Z_DIGITAL
            VTrip: CMOS
            Slew: FAST
            Input Sync needed: True
            Output Sync needed: False
            SC shield enabled: False
            POR State: ANY
            LCD Mode: COMMON
            Register Mode: RegComb
            CaSense Mode: NEITHER
            Treat as pin: True
            Is OE Registered: False
            Uses Analog: False
            Can contain Digital: True
            Is SIO: False
            SIO Output Buf: NONREGULATED
            SIO Input Buf: SINGLE_ENDED
            SIO HiFreq: LOW
            SIO Hyst: DISABLED
            SIO Vtrip: MULTIPLIER_0_5
            SIO RefSel: VCC_IO
            Required Capabilitites: DIGITAL, ROUTABLE
            Initial Value: 0
            IO Voltage: 0
        PORT MAP (
            pa_out => DOut(0)__PA ,
            fb => Net_635 ,
            pad => DOut(0)_PAD );
        Properties:
        {
        }

    Pin : Name = I2C1_SCL(0)
        Attributes:
            Alias: P12_0
            In Group/Port: True
            In Sync Option: SYNC
            Out Sync Option: NOSYNC
            Interrupt generated: False
            Interrupt mode: NONE
            Drive mode: OPEN_DRAIN_LO
            VTrip: CMOS
            Slew: FAST
            Input Sync needed: True
            Output Sync needed: False
            SC shield enabled: False
            POR State: ANY
            LCD Mode: COMMON
            Register Mode: RegComb
            CaSense Mode: NEITHER
            Treat as pin: True
            Is OE Registered: False
            Uses Analog: False
            Can contain Digital: True
            Is SIO: False
            SIO Output Buf: NONREGULATED
            SIO Input Buf: SINGLE_ENDED
            SIO HiFreq: LOW
            SIO Hyst: DISABLED
            SIO Vtrip: MULTIPLIER_0_5
            SIO RefSel: VCC_IO
            Required Capabilitites: DIGITAL, ROUTABLE
            Initial Value: 0
            IO Voltage: 0
        PORT MAP (
            pa_out => I2C1_SCL(0)__PA ,
            fb => \I2C_1:Net_1109_0\ ,
            input => \I2C_1:Net_643_0\ ,
            pad => I2C1_SCL(0)_PAD );
        Properties:
        {
        }

    Pin : Name = I2C1_SDA(0)
        Attributes:
            Alias: P12_1
            In Group/Port: True
            In Sync Option: SYNC
            Out Sync Option: NOSYNC
            Interrupt generated: False
            Interrupt mode: NONE
            Drive mode: OPEN_DRAIN_LO
            VTrip: CMOS
            Slew: FAST
            Input Sync needed: True
            Output Sync needed: False
            SC shield enabled: False
            POR State: ANY
            LCD Mode: COMMON
            Register Mode: RegComb
            CaSense Mode: NEITHER
            Treat as pin: True
            Is OE Registered: False
            Uses Analog: False
            Can contain Digital: True
            Is SIO: False
            SIO Output Buf: NONREGULATED
            SIO Input Buf: SINGLE_ENDED
            SIO HiFreq: LOW
            SIO Hyst: DISABLED
            SIO Vtrip: MULTIPLIER_0_5
            SIO RefSel: VCC_IO
            Required Capabilitites: DIGITAL, ROUTABLE
            Initial Value: 0
            IO Voltage: 0
        PORT MAP (
            pa_out => I2C1_SDA(0)__PA ,
            fb => \I2C_1:Net_1109_1\ ,
            input => \I2C_1:Net_643_1\ ,
            pad => I2C1_SDA(0)_PAD );
        Properties:
        {
        }

    Pin : Name = ISO_DI0(0)
        Attributes:
            Alias: P15_3
            In Group/Port: True
            In Sync Option: SYNC
            Out Sync Option: AUTO
            Interrupt generated: False
            Interrupt mode: NONE
            Drive mode: HI_Z_DIGITAL
            VTrip: CMOS
            Slew: FAST
            Input Sync needed: True
            Output Sync needed: False
            SC shield enabled: False
            POR State: ANY
            LCD Mode: COMMON
            Register Mode: RegComb
            CaSense Mode: NEITHER
            Treat as pin: True
            Is OE Registered: False
            Uses Analog: False
            Can contain Digital: True
            Is SIO: False
            SIO Output Buf: NONREGULATED
            SIO Input Buf: SINGLE_ENDED
            SIO HiFreq: LOW
            SIO Hyst: DISABLED
            SIO Vtrip: MULTIPLIER_0_5
            SIO RefSel: VCC_IO
            Required Capabilitites: DIGITAL
            Initial Value: 0
            IO Voltage: 0
        PORT MAP (
            pa_out => ISO_DI0(0)__PA ,
            pad => ISO_DI0(0)_PAD );
        Properties:
        {
        }

    Pin : Name = ISO_DI1(0)
        Attributes:
            Alias: P15_2
            In Group/Port: True
            In Sync Option: SYNC
            Out Sync Option: AUTO
            Interrupt generated: False
            Interrupt mode: NONE
            Drive mode: HI_Z_DIGITAL
            VTrip: CMOS
            Slew: FAST
            Input Sync needed: True
            Output Sync needed: False
            SC shield enabled: False
            POR State: ANY
            LCD Mode: COMMON
            Register Mode: RegComb
            CaSense Mode: NEITHER
            Treat as pin: True
            Is OE Registered: False
            Uses Analog: False
            Can contain Digital: True
            Is SIO: False
            SIO Output Buf: NONREGULATED
            SIO Input Buf: SINGLE_ENDED
            SIO HiFreq: LOW
            SIO Hyst: DISABLED
            SIO Vtrip: MULTIPLIER_0_5
            SIO RefSel: VCC_IO
            Required Capabilitites: DIGITAL
            Initial Value: 0
            IO Voltage: 0
        PORT MAP (
            pa_out => ISO_DI1(0)__PA ,
            pad => ISO_DI1(0)_PAD );
        Properties:
        {
        }

    Pin : Name = ISO_DI2(0)
        Attributes:
            Alias: P3_7
            In Group/Port: True
            In Sync Option: SYNC
            Out Sync Option: AUTO
            Interrupt generated: False
            Interrupt mode: NONE
            Drive mode: HI_Z_DIGITAL
            VTrip: CMOS
            Slew: FAST
            Input Sync needed: True
            Output Sync needed: False
            SC shield enabled: False
            POR State: ANY
            LCD Mode: COMMON
            Register Mode: RegComb
            CaSense Mode: NEITHER
            Treat as pin: True
            Is OE Registered: False
            Uses Analog: False
            Can contain Digital: True
            Is SIO: False
            SIO Output Buf: NONREGULATED
            SIO Input Buf: SINGLE_ENDED
            SIO HiFreq: LOW
            SIO Hyst: DISABLED
            SIO Vtrip: MULTIPLIER_0_5
            SIO RefSel: VCC_IO
            Required Capabilitites: DIGITAL
            Initial Value: 0
            IO Voltage: 0
        PORT MAP (
            pa_out => ISO_DI2(0)__PA ,
            pad => ISO_DI2(0)_PAD );
        Properties:
        {
        }

    Pin : Name = ISO_SCLK(0)
        Attributes:
            Alias: P3_2
            In Group/Port: True
            In Sync Option: SYNC
            Out Sync Option: AUTO
            Interrupt generated: False
            Interrupt mode: NONE
            Drive mode: HI_Z_DIGITAL
            VTrip: CMOS
            Slew: FAST
            Input Sync needed: True
            Output Sync needed: False
            SC shield enabled: False
            POR State: ANY
            LCD Mode: COMMON
            Register Mode: RegComb
            CaSense Mode: NEITHER
            Treat as pin: True
            Is OE Registered: False
            Uses Analog: False
            Can contain Digital: True
            Is SIO: False
            SIO Output Buf: NONREGULATED
            SIO Input Buf: SINGLE_ENDED
            SIO HiFreq: LOW
            SIO Hyst: DISABLED
            SIO Vtrip: MULTIPLIER_0_5
            SIO RefSel: VCC_IO
            Required Capabilitites: DIGITAL, ROUTABLE
            Initial Value: 0
            IO Voltage: 0
        PORT MAP (
            pa_out => ISO_SCLK(0)__PA ,
            fb => Net_634 ,
            pad => ISO_SCLK(0)_PAD );
        Properties:
        {
        }

    Pin : Name = ISO_SCS(0)
        Attributes:
            Alias: P3_3
            In Group/Port: True
            In Sync Option: SYNC
            Out Sync Option: AUTO
            Interrupt generated: False
            Interrupt mode: NONE
            Drive mode: HI_Z_DIGITAL
            VTrip: CMOS
            Slew: FAST
            Input Sync needed: True
            Output Sync needed: False
            SC shield enabled: False
            POR State: ANY
            LCD Mode: COMMON
            Register Mode: RegComb
            CaSense Mode: NEITHER
            Treat as pin: True
            Is OE Registered: False
            Uses Analog: False
            Can contain Digital: True
            Is SIO: False
            SIO Output Buf: NONREGULATED
            SIO Input Buf: SINGLE_ENDED
            SIO HiFreq: LOW
            SIO Hyst: DISABLED
            SIO Vtrip: MULTIPLIER_0_5
            SIO RefSel: VCC_IO
            Required Capabilitites: DIGITAL, ROUTABLE
            Initial Value: 0
            IO Voltage: 0
        PORT MAP (
            pa_out => ISO_SCS(0)__PA ,
            fb => Net_626 ,
            pad => ISO_SCS(0)_PAD );
        Properties:
        {
        }

    Pin : Name = ISO_SDI(0)
        Attributes:
            Alias: P3_4
            In Group/Port: True
            In Sync Option: SYNC
            Out Sync Option: AUTO
            Interrupt generated: False
            Interrupt mode: NONE
            Drive mode: HI_Z_DIGITAL
            VTrip: CMOS
            Slew: FAST
            Input Sync needed: True
            Output Sync needed: False
            SC shield enabled: False
            POR State: ANY
            LCD Mode: COMMON
            Register Mode: RegComb
            CaSense Mode: NEITHER
            Treat as pin: True
            Is OE Registered: False
            Uses Analog: False
            Can contain Digital: True
            Is SIO: False
            SIO Output Buf: NONREGULATED
            SIO Input Buf: SINGLE_ENDED
            SIO HiFreq: LOW
            SIO Hyst: DISABLED
            SIO Vtrip: MULTIPLIER_0_5
            SIO RefSel: VCC_IO
            Required Capabilitites: DIGITAL, ROUTABLE
            Initial Value: 0
            IO Voltage: 0
        PORT MAP (
            pa_out => ISO_SDI(0)__PA ,
            fb => Net_773 ,
            pad => ISO_SDI(0)_PAD );
        Properties:
        {
        }

    Pin : Name = ISO_SDO(0)
        Attributes:
            Alias: P3_5
            In Group/Port: True
            In Sync Option: AUTO
            Out Sync Option: NOSYNC
            Interrupt generated: False
            Interrupt mode: NONE
            Drive mode: CMOS_OUT
            VTrip: EITHER
            Slew: FAST
            Input Sync needed: False
            Output Sync needed: False
            SC shield enabled: False
            POR State: ANY
            LCD Mode: COMMON
            Register Mode: RegComb
            CaSense Mode: NEITHER
            Treat as pin: True
            Is OE Registered: False
            Uses Analog: False
            Can contain Digital: True
            Is SIO: False
            SIO Output Buf: NONREGULATED
            SIO Input Buf: SINGLE_ENDED
            SIO HiFreq: LOW
            SIO Hyst: DISABLED
            SIO Vtrip: MULTIPLIER_0_5
            SIO RefSel: VCC_IO
            Required Capabilitites: DIGITAL, ROUTABLE
            Initial Value: 0
            IO Voltage: 0
        PORT MAP (
            pa_out => ISO_SDO(0)__PA ,
            input => Net_635 ,
            pad => ISO_SDO(0)_PAD );
        Properties:
        {
        }

    Pin : Name = RL1_CTR(0)
        Attributes:
            Alias: P0_2
            In Group/Port: True
            In Sync Option: AUTO
            Out Sync Option: NOSYNC
            Interrupt generated: False
            Interrupt mode: NONE
            Drive mode: CMOS_OUT
            VTrip: EITHER
            Slew: FAST
            Input Sync needed: False
            Output Sync needed: False
            SC shield enabled: False
            POR State: ANY
            LCD Mode: COMMON
            Register Mode: RegComb
            CaSense Mode: NEITHER
            Treat as pin: True
            Is OE Registered: False
            Uses Analog: False
            Can contain Digital: True
            Is SIO: False
            SIO Output Buf: NONREGULATED
            SIO Input Buf: SINGLE_ENDED
            SIO HiFreq: LOW
            SIO Hyst: DISABLED
            SIO Vtrip: MULTIPLIER_0_5
            SIO RefSel: VCC_IO
            Required Capabilitites: DIGITAL
            Initial Value: 0
            IO Voltage: 0
        PORT MAP (
            pa_out => RL1_CTR(0)__PA ,
            pad => RL1_CTR(0)_PAD );
        Properties:
        {
        }

    Pin : Name = RL2_CTR(0)
        Attributes:
            Alias: P0_1
            In Group/Port: True
            In Sync Option: AUTO
            Out Sync Option: NOSYNC
            Interrupt generated: False
            Interrupt mode: NONE
            Drive mode: CMOS_OUT
            VTrip: EITHER
            Slew: FAST
            Input Sync needed: False
            Output Sync needed: False
            SC shield enabled: False
            POR State: ANY
            LCD Mode: COMMON
            Register Mode: RegComb
            CaSense Mode: NEITHER
            Treat as pin: True
            Is OE Registered: False
            Uses Analog: False
            Can contain Digital: True
            Is SIO: False
            SIO Output Buf: NONREGULATED
            SIO Input Buf: SINGLE_ENDED
            SIO HiFreq: LOW
            SIO Hyst: DISABLED
            SIO Vtrip: MULTIPLIER_0_5
            SIO RefSel: VCC_IO
            Required Capabilitites: DIGITAL
            Initial Value: 0
            IO Voltage: 0
        PORT MAP (
            pa_out => RL2_CTR(0)__PA ,
            pad => RL2_CTR(0)_PAD );
        Properties:
        {
        }

    Pin : Name = RL3_CTR(0)
        Attributes:
            Alias: P0_0
            In Group/Port: True
            In Sync Option: AUTO
            Out Sync Option: NOSYNC
            Interrupt generated: False
            Interrupt mode: NONE
            Drive mode: CMOS_OUT
            VTrip: EITHER
            Slew: FAST
            Input Sync needed: False
            Output Sync needed: False
            SC shield enabled: False
            POR State: ANY
            LCD Mode: COMMON
            Register Mode: RegComb
            CaSense Mode: NEITHER
            Treat as pin: True
            Is OE Registered: False
            Uses Analog: False
            Can contain Digital: True
            Is SIO: False
            SIO Output Buf: NONREGULATED
            SIO Input Buf: SINGLE_ENDED
            SIO HiFreq: LOW
            SIO Hyst: DISABLED
            SIO Vtrip: MULTIPLIER_0_5
            SIO RefSel: VCC_IO
            Required Capabilitites: DIGITAL
            Initial Value: 0
            IO Voltage: 0
        PORT MAP (
            pa_out => RL3_CTR(0)__PA ,
            pad => RL3_CTR(0)_PAD );
        Properties:
        {
        }

    Pin : Name = RL4_CTR(0)
        Attributes:
            Alias: P4_1
            In Group/Port: True
            In Sync Option: AUTO
            Out Sync Option: NOSYNC
            Interrupt generated: False
            Interrupt mode: NONE
            Drive mode: CMOS_OUT
            VTrip: EITHER
            Slew: FAST
            Input Sync needed: False
            Output Sync needed: False
            SC shield enabled: False
            POR State: ANY
            LCD Mode: COMMON
            Register Mode: RegComb
            CaSense Mode: NEITHER
            Treat as pin: True
            Is OE Registered: False
            Uses Analog: False
            Can contain Digital: True
            Is SIO: False
            SIO Output Buf: NONREGULATED
            SIO Input Buf: SINGLE_ENDED
            SIO HiFreq: LOW
            SIO Hyst: DISABLED
            SIO Vtrip: MULTIPLIER_0_5
            SIO RefSel: VCC_IO
            Required Capabilitites: DIGITAL
            Initial Value: 0
            IO Voltage: 0
        PORT MAP (
            pa_out => RL4_CTR(0)__PA ,
            pad => RL4_CTR(0)_PAD );
        Properties:
        {
        }

    Pin : Name = RL5_CTR(0)
        Attributes:
            Alias: P4_0
            In Group/Port: True
            In Sync Option: AUTO
            Out Sync Option: NOSYNC
            Interrupt generated: False
            Interrupt mode: NONE
            Drive mode: CMOS_OUT
            VTrip: EITHER
            Slew: FAST
            Input Sync needed: False
            Output Sync needed: False
            SC shield enabled: False
            POR State: ANY
            LCD Mode: COMMON
            Register Mode: RegComb
            CaSense Mode: NEITHER
            Treat as pin: True
            Is OE Registered: False
            Uses Analog: False
            Can contain Digital: True
            Is SIO: False
            SIO Output Buf: NONREGULATED
            SIO Input Buf: SINGLE_ENDED
            SIO HiFreq: LOW
            SIO Hyst: DISABLED
            SIO Vtrip: MULTIPLIER_0_5
            SIO RefSel: VCC_IO
            Required Capabilitites: DIGITAL
            Initial Value: 0
            IO Voltage: 0
        PORT MAP (
            pa_out => RL5_CTR(0)__PA ,
            pad => RL5_CTR(0)_PAD );
        Properties:
        {
        }

    Pin : Name = RL6_CTR(0)
        Attributes:
            Alias: P12_3
            In Group/Port: True
            In Sync Option: AUTO
            Out Sync Option: NOSYNC
            Interrupt generated: False
            Interrupt mode: NONE
            Drive mode: CMOS_OUT
            VTrip: EITHER
            Slew: FAST
            Input Sync needed: False
            Output Sync needed: False
            SC shield enabled: False
            POR State: ANY
            LCD Mode: COMMON
            Register Mode: RegComb
            CaSense Mode: NEITHER
            Treat as pin: True
            Is OE Registered: False
            Uses Analog: False
            Can contain Digital: True
            Is SIO: False
            SIO Output Buf: NONREGULATED
            SIO Input Buf: SINGLE_ENDED
            SIO HiFreq: LOW
            SIO Hyst: DISABLED
            SIO Vtrip: MULTIPLIER_0_5
            SIO RefSel: VCC_IO
            Required Capabilitites: DIGITAL
            Initial Value: 0
            IO Voltage: 0
        PORT MAP (
            pa_out => RL6_CTR(0)__PA ,
            pad => RL6_CTR(0)_PAD );
        Properties:
        {
        }

    Pin : Name = RL7_CTR(0)
        Attributes:
            Alias: P12_2
            In Group/Port: True
            In Sync Option: AUTO
            Out Sync Option: NOSYNC
            Interrupt generated: False
            Interrupt mode: NONE
            Drive mode: CMOS_OUT
            VTrip: EITHER
            Slew: FAST
            Input Sync needed: False
            Output Sync needed: False
            SC shield enabled: False
            POR State: ANY
            LCD Mode: COMMON
            Register Mode: RegComb
            CaSense Mode: NEITHER
            Treat as pin: True
            Is OE Registered: False
            Uses Analog: False
            Can contain Digital: True
            Is SIO: False
            SIO Output Buf: NONREGULATED
            SIO Input Buf: SINGLE_ENDED
            SIO HiFreq: LOW
            SIO Hyst: DISABLED
            SIO Vtrip: MULTIPLIER_0_5
            SIO RefSel: VCC_IO
            Required Capabilitites: DIGITAL
            Initial Value: 0
            IO Voltage: 0
        PORT MAP (
            pa_out => RL7_CTR(0)__PA ,
            pad => RL7_CTR(0)_PAD );
        Properties:
        {
        }
    </CYPRESSTAG>
    <CYPRESSTAG name="Macrocell listing" icon="FILE_RPT_EQUATION">
    </CYPRESSTAG>
    <CYPRESSTAG name="Datapath listing">
    </CYPRESSTAG>
    <CYPRESSTAG name="Status register listing">
    </CYPRESSTAG>
    <CYPRESSTAG name="StatusI register listing">
    </CYPRESSTAG>
    <CYPRESSTAG name="Sync listing">
    </CYPRESSTAG>
    <CYPRESSTAG name="Control register listing">
    </CYPRESSTAG>
    <CYPRESSTAG name="Count7 listing">
    </CYPRESSTAG>
    <CYPRESSTAG name="DRQ listing">
    </CYPRESSTAG>
    <CYPRESSTAG name="Interrupt listing">

    ------------------------------------------------------------
    Interrupt listing
    ------------------------------------------------------------

    interrupt: Name =\I2C_1:I2C_IRQ\
        PORT MAP (
            interrupt => \I2C_1:Net_643_2\ );
        Properties:
        {
            int_type = "00"
        }
    </CYPRESSTAG>
</CYPRESSTAG>
<CYPRESSTAG name="Technology mapping summary" expanded>

------------------------------------------------------------
Technology mapping summary
------------------------------------------------------------

Resource Type                 : Used : Free :  Max :  % Used
============================================================
Digital clock dividers        :    0 :    8 :    8 :   0.00%
Analog clock dividers         :    0 :    4 :    4 :   0.00%
Pins                          :   23 :   49 :   72 :  31.94%
UDB Macrocells                :    0 :  192 :  192 :   0.00%
UDB Unique Pterms             :    0 :  384 :  384 :   0.00%
UDB Datapath Cells            :    0 :   24 :   24 :   0.00%
UDB Status Cells              :    0 :   24 :   24 :   0.00%
UDB Control Cells             :    0 :   24 :   24 :   0.00%
DMA Channels                  :    0 :   24 :   24 :   0.00%
Interrupts                    :    1 :   31 :   32 :   3.13%
DSM Fixed Blocks              :    0 :    1 :    1 :   0.00%
VIDAC Fixed Blocks            :    0 :    1 :    1 :   0.00%
Comparator Fixed Blocks       :    0 :    2 :    2 :   0.00%
CapSense Buffers              :    0 :    2 :    2 :   0.00%
Decimator Fixed Blocks        :    0 :    1 :    1 :   0.00%
I2C Fixed Blocks              :    1 :    0 :    1 : 100.00%
Timer Fixed Blocks            :    0 :    4 :    4 :   0.00%
USB Fixed Blocks              :    0 :    1 :    1 :   0.00%
LCD Fixed Blocks              :    0 :    1 :    1 :   0.00%
EMIF Fixed Blocks             :    0 :    1 :    1 :   0.00%
LPF Fixed Blocks              :    0 :    2 :    2 :   0.00%
</CYPRESSTAG>
Technology Mapping: Elapsed time ==> 0s.171ms
Tech mapping phase: Elapsed time ==> 1s.156ms
</CYPRESSTAG>
<CYPRESSTAG name="Analog Placement">
Initial Analog Placement Results:
IO_2@[IOP=(5)][IoId=(2)] : CK(0) (fixed)
IO_3@[IOP=(5)][IoId=(3)] : CS(0) (fixed)
IO_1@[IOP=(5)][IoId=(1)] : DIn(0) (fixed)
IO_0@[IOP=(5)][IoId=(0)] : DOut(0) (fixed)
IO_0@[IOP=(12)][IoId=(0)] : I2C1_SCL(0) (fixed)
IO_1@[IOP=(12)][IoId=(1)] : I2C1_SDA(0) (fixed)
IO_3@[IOP=(15)][IoId=(3)] : ISO_DI0(0) (fixed)
IO_2@[IOP=(15)][IoId=(2)] : ISO_DI1(0) (fixed)
IO_7@[IOP=(3)][IoId=(7)] : ISO_DI2(0) (fixed)
IO_2@[IOP=(3)][IoId=(2)] : ISO_SCLK(0) (fixed)
IO_3@[IOP=(3)][IoId=(3)] : ISO_SCS(0) (fixed)
IO_4@[IOP=(3)][IoId=(4)] : ISO_SDI(0) (fixed)
IO_5@[IOP=(3)][IoId=(5)] : ISO_SDO(0) (fixed)
IO_2@[IOP=(0)][IoId=(2)] : RL1_CTR(0) (fixed)
IO_1@[IOP=(0)][IoId=(1)] : RL2_CTR(0) (fixed)
IO_0@[IOP=(0)][IoId=(0)] : RL3_CTR(0) (fixed)
IO_1@[IOP=(4)][IoId=(1)] : RL4_CTR(0) (fixed)
IO_0@[IOP=(4)][IoId=(0)] : RL5_CTR(0) (fixed)
IO_3@[IOP=(12)][IoId=(3)] : RL6_CTR(0) (fixed)
IO_2@[IOP=(12)][IoId=(2)] : RL7_CTR(0) (fixed)
Analog Placement phase: Elapsed time ==> 0s.218ms
</CYPRESSTAG>
<CYPRESSTAG name="Analog Routing">
Analog Routing phase: Elapsed time ==> 0s.000ms
</CYPRESSTAG>
<CYPRESSTAG name="Analog Code Generation">
============ Analog Final Answer Routes ============
Dump of CyAnalogRoutingResultsDB
Map of net to items {
}
Map of item to net {
}
Mux Info {
}
Dump of CyP35AnalogRoutingResultsDB
IsVddaHalfUsedForComp = False
IsVddaHalfUsedForSar0 = False
IsVddaHalfUsedForSar1 = False
Analog Code Generation phase: Elapsed time ==> 3s.937ms
</CYPRESSTAG>
<CYPRESSTAG name="Digital Placement">
<CYPRESSTAG name="PLD Packing">
<CYPRESSTAG name="PLD Packing Summary">
No PLDs were packed.
</CYPRESSTAG>
PLD Packing: Elapsed time ==> 0s.000ms
</CYPRESSTAG>
<CYPRESSTAG name="Partitioning">
<CYPRESSTAG name="Initial Partitioning Summary">
Initial Partitioning Summary not displayed at this verbose level.</CYPRESSTAG>
<CYPRESSTAG name="Final Partitioning Summary">
Final Partitioning Summary not displayed at this verbose level.</CYPRESSTAG>
Partitioning: Elapsed time ==> 0s.171ms
</CYPRESSTAG>
<CYPRESSTAG name="Simulated Annealing">
Annealing: Elapsed time ==> 0s.031ms
<CYPRESSTAG name="Simulated Annealing Results">
The seed used for moves was 114161200.
Inital cost was 98, final cost is 98 (0.00% improvement).</CYPRESSTAG>
</CYPRESSTAG>
<CYPRESSTAG name="Final Placement Summary">

------------------------------------------------------------
Final Placement Summary
------------------------------------------------------------

       Resource Type :      Count : Avg Inputs : Avg Outputs
    ========================================================
                 UDB :          0 :       0.00 :       0.00
<CYPRESSTAG name="Final Placement Details">
<CYPRESSTAG name="Component Details">

------------------------------------------------------------
Component Placement Details
------------------------------------------------------------
UDB [UDB=(0,0)] is empty.
UDB [UDB=(0,1)] is empty.
UDB [UDB=(0,2)] is empty.
UDB [UDB=(0,3)] is empty.
UDB [UDB=(0,4)] is empty.
UDB [UDB=(0,5)] is empty.
UDB [UDB=(1,0)] is empty.
UDB [UDB=(1,1)] is empty.
UDB [UDB=(1,2)] is empty.
UDB [UDB=(1,3)] is empty.
UDB [UDB=(1,4)] is empty.
UDB [UDB=(1,5)] is empty.
UDB [UDB=(2,0)] is empty.
UDB [UDB=(2,1)] is empty.
UDB [UDB=(2,2)] is empty.
UDB [UDB=(2,3)] is empty.
UDB [UDB=(2,4)] is empty.
UDB [UDB=(2,5)] is empty.
UDB [UDB=(3,0)] is empty.
UDB [UDB=(3,1)] is empty.
UDB [UDB=(3,2)] is empty.
UDB [UDB=(3,3)] is empty.
UDB [UDB=(3,4)] is empty.
UDB [UDB=(3,5)] is empty.
Intr hod @ [IntrHod=(0)]: 
  Intr@ [IntrHod=(0)][IntrId=(15)] 
    interrupt: Name =\I2C_1:I2C_IRQ\
        PORT MAP (
            interrupt => \I2C_1:Net_643_2\ );
        Properties:
        {
            int_type = "00"
        }
Drq hod @ [DrqHod=(0)]: empty
Port 0 contains the following IO cells:
[IoId=0]: 
Pin : Name = RL3_CTR(0)
    Attributes:
        Alias: P0_0
        In Group/Port: True
        In Sync Option: AUTO
        Out Sync Option: NOSYNC
        Interrupt generated: False
        Interrupt mode: NONE
        Drive mode: CMOS_OUT
        VTrip: EITHER
        Slew: FAST
        Input Sync needed: False
        Output Sync needed: False
        SC shield enabled: False
        POR State: ANY
        LCD Mode: COMMON
        Register Mode: RegComb
        CaSense Mode: NEITHER
        Treat as pin: True
        Is OE Registered: False
        Uses Analog: False
        Can contain Digital: True
        Is SIO: False
        SIO Output Buf: NONREGULATED
        SIO Input Buf: SINGLE_ENDED
        SIO HiFreq: LOW
        SIO Hyst: DISABLED
        SIO Vtrip: MULTIPLIER_0_5
        SIO RefSel: VCC_IO
        Required Capabilitites: DIGITAL
        Initial Value: 0
        IO Voltage: 0
    PORT MAP (
        pa_out => RL3_CTR(0)__PA ,
        pad => RL3_CTR(0)_PAD );
    Properties:
    {
    }

[IoId=1]: 
Pin : Name = RL2_CTR(0)
    Attributes:
        Alias: P0_1
        In Group/Port: True
        In Sync Option: AUTO
        Out Sync Option: NOSYNC
        Interrupt generated: False
        Interrupt mode: NONE
        Drive mode: CMOS_OUT
        VTrip: EITHER
        Slew: FAST
        Input Sync needed: False
        Output Sync needed: False
        SC shield enabled: False
        POR State: ANY
        LCD Mode: COMMON
        Register Mode: RegComb
        CaSense Mode: NEITHER
        Treat as pin: True
        Is OE Registered: False
        Uses Analog: False
        Can contain Digital: True
        Is SIO: False
        SIO Output Buf: NONREGULATED
        SIO Input Buf: SINGLE_ENDED
        SIO HiFreq: LOW
        SIO Hyst: DISABLED
        SIO Vtrip: MULTIPLIER_0_5
        SIO RefSel: VCC_IO
        Required Capabilitites: DIGITAL
        Initial Value: 0
        IO Voltage: 0
    PORT MAP (
        pa_out => RL2_CTR(0)__PA ,
        pad => RL2_CTR(0)_PAD );
    Properties:
    {
    }

[IoId=2]: 
Pin : Name = RL1_CTR(0)
    Attributes:
        Alias: P0_2
        In Group/Port: True
        In Sync Option: AUTO
        Out Sync Option: NOSYNC
        Interrupt generated: False
        Interrupt mode: NONE
        Drive mode: CMOS_OUT
        VTrip: EITHER
        Slew: FAST
        Input Sync needed: False
        Output Sync needed: False
        SC shield enabled: False
        POR State: ANY
        LCD Mode: COMMON
        Register Mode: RegComb
        CaSense Mode: NEITHER
        Treat as pin: True
        Is OE Registered: False
        Uses Analog: False
        Can contain Digital: True
        Is SIO: False
        SIO Output Buf: NONREGULATED
        SIO Input Buf: SINGLE_ENDED
        SIO HiFreq: LOW
        SIO Hyst: DISABLED
        SIO Vtrip: MULTIPLIER_0_5
        SIO RefSel: VCC_IO
        Required Capabilitites: DIGITAL
        Initial Value: 0
        IO Voltage: 0
    PORT MAP (
        pa_out => RL1_CTR(0)__PA ,
        pad => RL1_CTR(0)_PAD );
    Properties:
    {
    }

Port 1 is empty
Port 2 is empty
Port 3 contains the following IO cells:
[IoId=2]: 
Pin : Name = ISO_SCLK(0)
    Attributes:
        Alias: P3_2
        In Group/Port: True
        In Sync Option: SYNC
        Out Sync Option: AUTO
        Interrupt generated: False
        Interrupt mode: NONE
        Drive mode: HI_Z_DIGITAL
        VTrip: CMOS
        Slew: FAST
        Input Sync needed: True
        Output Sync needed: False
        SC shield enabled: False
        POR State: ANY
        LCD Mode: COMMON
        Register Mode: RegComb
        CaSense Mode: NEITHER
        Treat as pin: True
        Is OE Registered: False
        Uses Analog: False
        Can contain Digital: True
        Is SIO: False
        SIO Output Buf: NONREGULATED
        SIO Input Buf: SINGLE_ENDED
        SIO HiFreq: LOW
        SIO Hyst: DISABLED
        SIO Vtrip: MULTIPLIER_0_5
        SIO RefSel: VCC_IO
        Required Capabilitites: DIGITAL, ROUTABLE
        Initial Value: 0
        IO Voltage: 0
    PORT MAP (
        pa_out => ISO_SCLK(0)__PA ,
        fb => Net_634 ,
        pad => ISO_SCLK(0)_PAD );
    Properties:
    {
    }

[IoId=3]: 
Pin : Name = ISO_SCS(0)
    Attributes:
        Alias: P3_3
        In Group/Port: True
        In Sync Option: SYNC
        Out Sync Option: AUTO
        Interrupt generated: False
        Interrupt mode: NONE
        Drive mode: HI_Z_DIGITAL
        VTrip: CMOS
        Slew: FAST
        Input Sync needed: True
        Output Sync needed: False
        SC shield enabled: False
        POR State: ANY
        LCD Mode: COMMON
        Register Mode: RegComb
        CaSense Mode: NEITHER
        Treat as pin: True
        Is OE Registered: False
        Uses Analog: False
        Can contain Digital: True
        Is SIO: False
        SIO Output Buf: NONREGULATED
        SIO Input Buf: SINGLE_ENDED
        SIO HiFreq: LOW
        SIO Hyst: DISABLED
        SIO Vtrip: MULTIPLIER_0_5
        SIO RefSel: VCC_IO
        Required Capabilitites: DIGITAL, ROUTABLE
        Initial Value: 0
        IO Voltage: 0
    PORT MAP (
        pa_out => ISO_SCS(0)__PA ,
        fb => Net_626 ,
        pad => ISO_SCS(0)_PAD );
    Properties:
    {
    }

[IoId=4]: 
Pin : Name = ISO_SDI(0)
    Attributes:
        Alias: P3_4
        In Group/Port: True
        In Sync Option: SYNC
        Out Sync Option: AUTO
        Interrupt generated: False
        Interrupt mode: NONE
        Drive mode: HI_Z_DIGITAL
        VTrip: CMOS
        Slew: FAST
        Input Sync needed: True
        Output Sync needed: False
        SC shield enabled: False
        POR State: ANY
        LCD Mode: COMMON
        Register Mode: RegComb
        CaSense Mode: NEITHER
        Treat as pin: True
        Is OE Registered: False
        Uses Analog: False
        Can contain Digital: True
        Is SIO: False
        SIO Output Buf: NONREGULATED
        SIO Input Buf: SINGLE_ENDED
        SIO HiFreq: LOW
        SIO Hyst: DISABLED
        SIO Vtrip: MULTIPLIER_0_5
        SIO RefSel: VCC_IO
        Required Capabilitites: DIGITAL, ROUTABLE
        Initial Value: 0
        IO Voltage: 0
    PORT MAP (
        pa_out => ISO_SDI(0)__PA ,
        fb => Net_773 ,
        pad => ISO_SDI(0)_PAD );
    Properties:
    {
    }

[IoId=5]: 
Pin : Name = ISO_SDO(0)
    Attributes:
        Alias: P3_5
        In Group/Port: True
        In Sync Option: AUTO
        Out Sync Option: NOSYNC
        Interrupt generated: False
        Interrupt mode: NONE
        Drive mode: CMOS_OUT
        VTrip: EITHER
        Slew: FAST
        Input Sync needed: False
        Output Sync needed: False
        SC shield enabled: False
        POR State: ANY
        LCD Mode: COMMON
        Register Mode: RegComb
        CaSense Mode: NEITHER
        Treat as pin: True
        Is OE Registered: False
        Uses Analog: False
        Can contain Digital: True
        Is SIO: False
        SIO Output Buf: NONREGULATED
        SIO Input Buf: SINGLE_ENDED
        SIO HiFreq: LOW
        SIO Hyst: DISABLED
        SIO Vtrip: MULTIPLIER_0_5
        SIO RefSel: VCC_IO
        Required Capabilitites: DIGITAL, ROUTABLE
        Initial Value: 0
        IO Voltage: 0
    PORT MAP (
        pa_out => ISO_SDO(0)__PA ,
        input => Net_635 ,
        pad => ISO_SDO(0)_PAD );
    Properties:
    {
    }

[IoId=7]: 
Pin : Name = ISO_DI2(0)
    Attributes:
        Alias: P3_7
        In Group/Port: True
        In Sync Option: SYNC
        Out Sync Option: AUTO
        Interrupt generated: False
        Interrupt mode: NONE
        Drive mode: HI_Z_DIGITAL
        VTrip: CMOS
        Slew: FAST
        Input Sync needed: True
        Output Sync needed: False
        SC shield enabled: False
        POR State: ANY
        LCD Mode: COMMON
        Register Mode: RegComb
        CaSense Mode: NEITHER
        Treat as pin: True
        Is OE Registered: False
        Uses Analog: False
        Can contain Digital: True
        Is SIO: False
        SIO Output Buf: NONREGULATED
        SIO Input Buf: SINGLE_ENDED
        SIO HiFreq: LOW
        SIO Hyst: DISABLED
        SIO Vtrip: MULTIPLIER_0_5
        SIO RefSel: VCC_IO
        Required Capabilitites: DIGITAL
        Initial Value: 0
        IO Voltage: 0
    PORT MAP (
        pa_out => ISO_DI2(0)__PA ,
        pad => ISO_DI2(0)_PAD );
    Properties:
    {
    }

Port 4 contains the following IO cells:
[IoId=0]: 
Pin : Name = RL5_CTR(0)
    Attributes:
        Alias: P4_0
        In Group/Port: True
        In Sync Option: AUTO
        Out Sync Option: NOSYNC
        Interrupt generated: False
        Interrupt mode: NONE
        Drive mode: CMOS_OUT
        VTrip: EITHER
        Slew: FAST
        Input Sync needed: False
        Output Sync needed: False
        SC shield enabled: False
        POR State: ANY
        LCD Mode: COMMON
        Register Mode: RegComb
        CaSense Mode: NEITHER
        Treat as pin: True
        Is OE Registered: False
        Uses Analog: False
        Can contain Digital: True
        Is SIO: False
        SIO Output Buf: NONREGULATED
        SIO Input Buf: SINGLE_ENDED
        SIO HiFreq: LOW
        SIO Hyst: DISABLED
        SIO Vtrip: MULTIPLIER_0_5
        SIO RefSel: VCC_IO
        Required Capabilitites: DIGITAL
        Initial Value: 0
        IO Voltage: 0
    PORT MAP (
        pa_out => RL5_CTR(0)__PA ,
        pad => RL5_CTR(0)_PAD );
    Properties:
    {
    }

[IoId=1]: 
Pin : Name = RL4_CTR(0)
    Attributes:
        Alias: P4_1
        In Group/Port: True
        In Sync Option: AUTO
        Out Sync Option: NOSYNC
        Interrupt generated: False
        Interrupt mode: NONE
        Drive mode: CMOS_OUT
        VTrip: EITHER
        Slew: FAST
        Input Sync needed: False
        Output Sync needed: False
        SC shield enabled: False
        POR State: ANY
        LCD Mode: COMMON
        Register Mode: RegComb
        CaSense Mode: NEITHER
        Treat as pin: True
        Is OE Registered: False
        Uses Analog: False
        Can contain Digital: True
        Is SIO: False
        SIO Output Buf: NONREGULATED
        SIO Input Buf: SINGLE_ENDED
        SIO HiFreq: LOW
        SIO Hyst: DISABLED
        SIO Vtrip: MULTIPLIER_0_5
        SIO RefSel: VCC_IO
        Required Capabilitites: DIGITAL
        Initial Value: 0
        IO Voltage: 0
    PORT MAP (
        pa_out => RL4_CTR(0)__PA ,
        pad => RL4_CTR(0)_PAD );
    Properties:
    {
    }

Port 5 contains the following IO cells:
[IoId=0]: 
Pin : Name = DOut(0)
    Attributes:
        Alias: P5_0
        In Group/Port: True
        In Sync Option: SYNC
        Out Sync Option: AUTO
        Interrupt generated: False
        Interrupt mode: NONE
        Drive mode: HI_Z_DIGITAL
        VTrip: CMOS
        Slew: FAST
        Input Sync needed: True
        Output Sync needed: False
        SC shield enabled: False
        POR State: ANY
        LCD Mode: COMMON
        Register Mode: RegComb
        CaSense Mode: NEITHER
        Treat as pin: True
        Is OE Registered: False
        Uses Analog: False
        Can contain Digital: True
        Is SIO: False
        SIO Output Buf: NONREGULATED
        SIO Input Buf: SINGLE_ENDED
        SIO HiFreq: LOW
        SIO Hyst: DISABLED
        SIO Vtrip: MULTIPLIER_0_5
        SIO RefSel: VCC_IO
        Required Capabilitites: DIGITAL, ROUTABLE
        Initial Value: 0
        IO Voltage: 0
    PORT MAP (
        pa_out => DOut(0)__PA ,
        fb => Net_635 ,
        pad => DOut(0)_PAD );
    Properties:
    {
    }

[IoId=1]: 
Pin : Name = DIn(0)
    Attributes:
        Alias: P5_1
        In Group/Port: True
        In Sync Option: AUTO
        Out Sync Option: NOSYNC
        Interrupt generated: False
        Interrupt mode: NONE
        Drive mode: CMOS_OUT
        VTrip: EITHER
        Slew: FAST
        Input Sync needed: False
        Output Sync needed: False
        SC shield enabled: False
        POR State: ANY
        LCD Mode: COMMON
        Register Mode: RegComb
        CaSense Mode: NEITHER
        Treat as pin: True
        Is OE Registered: False
        Uses Analog: False
        Can contain Digital: True
        Is SIO: False
        SIO Output Buf: NONREGULATED
        SIO Input Buf: SINGLE_ENDED
        SIO HiFreq: LOW
        SIO Hyst: DISABLED
        SIO Vtrip: MULTIPLIER_0_5
        SIO RefSel: VCC_IO
        Required Capabilitites: DIGITAL, ROUTABLE
        Initial Value: 0
        IO Voltage: 0
    PORT MAP (
        pa_out => DIn(0)__PA ,
        input => Net_773 ,
        pad => DIn(0)_PAD );
    Properties:
    {
    }

[IoId=2]: 
Pin : Name = CK(0)
    Attributes:
        Alias: P5_2
        In Group/Port: True
        In Sync Option: AUTO
        Out Sync Option: NOSYNC
        Interrupt generated: False
        Interrupt mode: NONE
        Drive mode: CMOS_OUT
        VTrip: EITHER
        Slew: FAST
        Input Sync needed: False
        Output Sync needed: False
        SC shield enabled: False
        POR State: ANY
        LCD Mode: COMMON
        Register Mode: RegComb
        CaSense Mode: NEITHER
        Treat as pin: True
        Is OE Registered: False
        Uses Analog: False
        Can contain Digital: True
        Is SIO: False
        SIO Output Buf: NONREGULATED
        SIO Input Buf: SINGLE_ENDED
        SIO HiFreq: LOW
        SIO Hyst: DISABLED
        SIO Vtrip: MULTIPLIER_0_5
        SIO RefSel: VCC_IO
        Required Capabilitites: DIGITAL, ROUTABLE
        Initial Value: 0
        IO Voltage: 0
    PORT MAP (
        pa_out => CK(0)__PA ,
        input => Net_634 ,
        pad => CK(0)_PAD );
    Properties:
    {
    }

[IoId=3]: 
Pin : Name = CS(0)
    Attributes:
        Alias: P5_3
        In Group/Port: True
        In Sync Option: AUTO
        Out Sync Option: NOSYNC
        Interrupt generated: False
        Interrupt mode: NONE
        Drive mode: CMOS_OUT
        VTrip: EITHER
        Slew: FAST
        Input Sync needed: False
        Output Sync needed: False
        SC shield enabled: False
        POR State: ANY
        LCD Mode: COMMON
        Register Mode: RegComb
        CaSense Mode: NEITHER
        Treat as pin: True
        Is OE Registered: False
        Uses Analog: False
        Can contain Digital: True
        Is SIO: False
        SIO Output Buf: NONREGULATED
        SIO Input Buf: SINGLE_ENDED
        SIO HiFreq: LOW
        SIO Hyst: DISABLED
        SIO Vtrip: MULTIPLIER_0_5
        SIO RefSel: VCC_IO
        Required Capabilitites: DIGITAL, ROUTABLE
        Initial Value: 0
        IO Voltage: 0
    PORT MAP (
        pa_out => CS(0)__PA ,
        input => Net_626 ,
        pad => CS(0)_PAD );
    Properties:
    {
    }

Port 6 is empty
Port 12 contains the following IO cells:
[IoId=0]: 
Pin : Name = I2C1_SCL(0)
    Attributes:
        Alias: P12_0
        In Group/Port: True
        In Sync Option: SYNC
        Out Sync Option: NOSYNC
        Interrupt generated: False
        Interrupt mode: NONE
        Drive mode: OPEN_DRAIN_LO
        VTrip: CMOS
        Slew: FAST
        Input Sync needed: True
        Output Sync needed: False
        SC shield enabled: False
        POR State: ANY
        LCD Mode: COMMON
        Register Mode: RegComb
        CaSense Mode: NEITHER
        Treat as pin: True
        Is OE Registered: False
        Uses Analog: False
        Can contain Digital: True
        Is SIO: False
        SIO Output Buf: NONREGULATED
        SIO Input Buf: SINGLE_ENDED
        SIO HiFreq: LOW
        SIO Hyst: DISABLED
        SIO Vtrip: MULTIPLIER_0_5
        SIO RefSel: VCC_IO
        Required Capabilitites: DIGITAL, ROUTABLE
        Initial Value: 0
        IO Voltage: 0
    PORT MAP (
        pa_out => I2C1_SCL(0)__PA ,
        fb => \I2C_1:Net_1109_0\ ,
        input => \I2C_1:Net_643_0\ ,
        pad => I2C1_SCL(0)_PAD );
    Properties:
    {
    }

[IoId=1]: 
Pin : Name = I2C1_SDA(0)
    Attributes:
        Alias: P12_1
        In Group/Port: True
        In Sync Option: SYNC
        Out Sync Option: NOSYNC
        Interrupt generated: False
        Interrupt mode: NONE
        Drive mode: OPEN_DRAIN_LO
        VTrip: CMOS
        Slew: FAST
        Input Sync needed: True
        Output Sync needed: False
        SC shield enabled: False
        POR State: ANY
        LCD Mode: COMMON
        Register Mode: RegComb
        CaSense Mode: NEITHER
        Treat as pin: True
        Is OE Registered: False
        Uses Analog: False
        Can contain Digital: True
        Is SIO: False
        SIO Output Buf: NONREGULATED
        SIO Input Buf: SINGLE_ENDED
        SIO HiFreq: LOW
        SIO Hyst: DISABLED
        SIO Vtrip: MULTIPLIER_0_5
        SIO RefSel: VCC_IO
        Required Capabilitites: DIGITAL, ROUTABLE
        Initial Value: 0
        IO Voltage: 0
    PORT MAP (
        pa_out => I2C1_SDA(0)__PA ,
        fb => \I2C_1:Net_1109_1\ ,
        input => \I2C_1:Net_643_1\ ,
        pad => I2C1_SDA(0)_PAD );
    Properties:
    {
    }

[IoId=2]: 
Pin : Name = RL7_CTR(0)
    Attributes:
        Alias: P12_2
        In Group/Port: True
        In Sync Option: AUTO
        Out Sync Option: NOSYNC
        Interrupt generated: False
        Interrupt mode: NONE
        Drive mode: CMOS_OUT
        VTrip: EITHER
        Slew: FAST
        Input Sync needed: False
        Output Sync needed: False
        SC shield enabled: False
        POR State: ANY
        LCD Mode: COMMON
        Register Mode: RegComb
        CaSense Mode: NEITHER
        Treat as pin: True
        Is OE Registered: False
        Uses Analog: False
        Can contain Digital: True
        Is SIO: False
        SIO Output Buf: NONREGULATED
        SIO Input Buf: SINGLE_ENDED
        SIO HiFreq: LOW
        SIO Hyst: DISABLED
        SIO Vtrip: MULTIPLIER_0_5
        SIO RefSel: VCC_IO
        Required Capabilitites: DIGITAL
        Initial Value: 0
        IO Voltage: 0
    PORT MAP (
        pa_out => RL7_CTR(0)__PA ,
        pad => RL7_CTR(0)_PAD );
    Properties:
    {
    }

[IoId=3]: 
Pin : Name = RL6_CTR(0)
    Attributes:
        Alias: P12_3
        In Group/Port: True
        In Sync Option: AUTO
        Out Sync Option: NOSYNC
        Interrupt generated: False
        Interrupt mode: NONE
        Drive mode: CMOS_OUT
        VTrip: EITHER
        Slew: FAST
        Input Sync needed: False
        Output Sync needed: False
        SC shield enabled: False
        POR State: ANY
        LCD Mode: COMMON
        Register Mode: RegComb
        CaSense Mode: NEITHER
        Treat as pin: True
        Is OE Registered: False
        Uses Analog: False
        Can contain Digital: True
        Is SIO: False
        SIO Output Buf: NONREGULATED
        SIO Input Buf: SINGLE_ENDED
        SIO HiFreq: LOW
        SIO Hyst: DISABLED
        SIO Vtrip: MULTIPLIER_0_5
        SIO RefSel: VCC_IO
        Required Capabilitites: DIGITAL
        Initial Value: 0
        IO Voltage: 0
    PORT MAP (
        pa_out => RL6_CTR(0)__PA ,
        pad => RL6_CTR(0)_PAD );
    Properties:
    {
    }

Port 15 contains the following IO cells:
[IoId=2]: 
Pin : Name = ISO_DI1(0)
    Attributes:
        Alias: P15_2
        In Group/Port: True
        In Sync Option: SYNC
        Out Sync Option: AUTO
        Interrupt generated: False
        Interrupt mode: NONE
        Drive mode: HI_Z_DIGITAL
        VTrip: CMOS
        Slew: FAST
        Input Sync needed: True
        Output Sync needed: False
        SC shield enabled: False
        POR State: ANY
        LCD Mode: COMMON
        Register Mode: RegComb
        CaSense Mode: NEITHER
        Treat as pin: True
        Is OE Registered: False
        Uses Analog: False
        Can contain Digital: True
        Is SIO: False
        SIO Output Buf: NONREGULATED
        SIO Input Buf: SINGLE_ENDED
        SIO HiFreq: LOW
        SIO Hyst: DISABLED
        SIO Vtrip: MULTIPLIER_0_5
        SIO RefSel: VCC_IO
        Required Capabilitites: DIGITAL
        Initial Value: 0
        IO Voltage: 0
    PORT MAP (
        pa_out => ISO_DI1(0)__PA ,
        pad => ISO_DI1(0)_PAD );
    Properties:
    {
    }

[IoId=3]: 
Pin : Name = ISO_DI0(0)
    Attributes:
        Alias: P15_3
        In Group/Port: True
        In Sync Option: SYNC
        Out Sync Option: AUTO
        Interrupt generated: False
        Interrupt mode: NONE
        Drive mode: HI_Z_DIGITAL
        VTrip: CMOS
        Slew: FAST
        Input Sync needed: True
        Output Sync needed: False
        SC shield enabled: False
        POR State: ANY
        LCD Mode: COMMON
        Register Mode: RegComb
        CaSense Mode: NEITHER
        Treat as pin: True
        Is OE Registered: False
        Uses Analog: False
        Can contain Digital: True
        Is SIO: False
        SIO Output Buf: NONREGULATED
        SIO Input Buf: SINGLE_ENDED
        SIO HiFreq: LOW
        SIO Hyst: DISABLED
        SIO Vtrip: MULTIPLIER_0_5
        SIO RefSel: VCC_IO
        Required Capabilitites: DIGITAL
        Initial Value: 0
        IO Voltage: 0
    PORT MAP (
        pa_out => ISO_DI0(0)__PA ,
        pad => ISO_DI0(0)_PAD );
    Properties:
    {
    }

Fixed Function block hod @ [FFB(CAN,0)]: empty
Fixed Function block hod @ [FFB(Cache,0)]: empty
Fixed Function block hod @ [FFB(CapSense,0)]: empty
Fixed Function block hod @ [FFB(Clock,0)]: 
    Clock Block @ [FFB(Clock,0)]: 
    clockblockcell: Name =ClockBlock
        PORT MAP (
            clk_bus_glb => ClockBlock_BUS_CLK ,
            clk_bus => ClockBlock_BUS_CLK_local ,
            clk_sync => ClockBlock_MASTER_CLK ,
            clk_32k_xtal => ClockBlock_XTAL 32kHz ,
            xtal => ClockBlock_XTAL ,
            ilo => ClockBlock_ILO ,
            clk_100k => ClockBlock_100k ,
            clk_1k => ClockBlock_1k ,
            clk_32k => ClockBlock_32k ,
            pllout => ClockBlock_PLL_OUT ,
            imo => ClockBlock_IMO );
        Properties:
        {
        }
Fixed Function block hod @ [FFB(Comparator,0)]: empty
Fixed Function block hod @ [FFB(DFB,0)]: empty
Fixed Function block hod @ [FFB(DSM,0)]: empty
Fixed Function block hod @ [FFB(Decimator,0)]: empty
Fixed Function block hod @ [FFB(EMIF,0)]: empty
Fixed Function block hod @ [FFB(I2C,0)]: 
    I2C Block @ [FFB(I2C,0)]: 
    i2ccell: Name =\I2C_1:I2C_FF\
        PORT MAP (
            clock => ClockBlock_BUS_CLK ,
            scl_in => \I2C_1:Net_1109_0\ ,
            sda_in => \I2C_1:Net_1109_1\ ,
            scl_out => \I2C_1:Net_643_0\ ,
            sda_out => \I2C_1:Net_643_1\ ,
            interrupt => \I2C_1:Net_643_2\ );
        Properties:
        {
            cy_registers = ""
            use_wakeup = 0
        }
Fixed Function block hod @ [FFB(LCD,0)]: empty
Fixed Function block hod @ [FFB(LVD,0)]: empty
Fixed Function block hod @ [FFB(PM,0)]: empty
Fixed Function block hod @ [FFB(SPC,0)]: empty
Fixed Function block hod @ [FFB(Timer,0)]: empty
Fixed Function block hod @ [FFB(USB,0)]: empty
Fixed Function block hod @ [FFB(VIDAC,0)]: empty
Fixed Function block hod @ [FFB(CsAbuf,0)]: empty
Fixed Function block hod @ [FFB(Vref,0)]: empty
Fixed Function block hod @ [FFB(LPF,0)]: empty
Fixed Function block hod @ [FFB(SAR,0)]: empty
</CYPRESSTAG>
<CYPRESSTAG name="Port Configuration Details">

------------------------------------------------------------
Port Configuration report
------------------------------------------------------------
     |     |       | Interrupt |                  |             | 
Port | Pin | Fixed |      Type |       Drive Mode |        Name | Connections
-----+-----+-------+-----------+------------------+-------------+----------------------------------------------
   0 |   0 |     * |      NONE |         CMOS_OUT |  RL3_CTR(0) | 
     |   1 |     * |      NONE |         CMOS_OUT |  RL2_CTR(0) | 
     |   2 |     * |      NONE |         CMOS_OUT |  RL1_CTR(0) | 
-----+-----+-------+-----------+------------------+-------------+----------------------------------------------
   3 |   2 |     * |      NONE |     HI_Z_DIGITAL | ISO_SCLK(0) | FB(Net_634)
     |   3 |     * |      NONE |     HI_Z_DIGITAL |  ISO_SCS(0) | FB(Net_626)
     |   4 |     * |      NONE |     HI_Z_DIGITAL |  ISO_SDI(0) | FB(Net_773)
     |   5 |     * |      NONE |         CMOS_OUT |  ISO_SDO(0) | In(Net_635)
     |   7 |     * |      NONE |     HI_Z_DIGITAL |  ISO_DI2(0) | 
-----+-----+-------+-----------+------------------+-------------+----------------------------------------------
   4 |   0 |     * |      NONE |         CMOS_OUT |  RL5_CTR(0) | 
     |   1 |     * |      NONE |         CMOS_OUT |  RL4_CTR(0) | 
-----+-----+-------+-----------+------------------+-------------+----------------------------------------------
   5 |   0 |     * |      NONE |     HI_Z_DIGITAL |     DOut(0) | FB(Net_635)
     |   1 |     * |      NONE |         CMOS_OUT |      DIn(0) | In(Net_773)
     |   2 |     * |      NONE |         CMOS_OUT |       CK(0) | In(Net_634)
     |   3 |     * |      NONE |         CMOS_OUT |       CS(0) | In(Net_626)
-----+-----+-------+-----------+------------------+-------------+----------------------------------------------
  12 |   0 |     * |      NONE |    OPEN_DRAIN_LO | I2C1_SCL(0) | FB(\I2C_1:Net_1109_0\), In(\I2C_1:Net_643_0\)
     |   1 |     * |      NONE |    OPEN_DRAIN_LO | I2C1_SDA(0) | FB(\I2C_1:Net_1109_1\), In(\I2C_1:Net_643_1\)
     |   2 |     * |      NONE |         CMOS_OUT |  RL7_CTR(0) | 
     |   3 |     * |      NONE |         CMOS_OUT |  RL6_CTR(0) | 
-----+-----+-------+-----------+------------------+-------------+----------------------------------------------
  15 |   2 |     * |      NONE |     HI_Z_DIGITAL |  ISO_DI1(0) | 
     |   3 |     * |      NONE |     HI_Z_DIGITAL |  ISO_DI0(0) | 
---------------------------------------------------------------------------------------------------------------
</CYPRESSTAG>
</CYPRESSTAG>
</CYPRESSTAG>
Digital component placer commit/Report: Elapsed time ==> 0s.031ms
Digital Placement phase: Elapsed time ==> 6s.203ms
</CYPRESSTAG>
<CYPRESSTAG name="Digital Routing">
Routing successful.
Digital Routing phase: Elapsed time ==> 12s.687ms
</CYPRESSTAG>
<CYPRESSTAG name="Bitstream and API generation">
Bitstream and API generation phase: Elapsed time ==> 1s.156ms
</CYPRESSTAG>
<CYPRESSTAG name="Bitstream verification">
Bitstream verification phase: Elapsed time ==> 0s.484ms
</CYPRESSTAG>
<CYPRESSTAG name="Static timing analysis">
Timing report is in Design01_timing.html.
Static timing analysis phase: Elapsed time ==> 1s.906ms
</CYPRESSTAG>
<CYPRESSTAG name="Data reporting">
Data reporting phase: Elapsed time ==> 0s.000ms
</CYPRESSTAG>
<CYPRESSTAG name="Database update...">
Design database save phase: Elapsed time ==> 1s.468ms
</CYPRESSTAG>
cydsfit: Elapsed time ==> 29s.640ms
</CYPRESSTAG>
Fitter phase: Elapsed time ==> 29s.921ms
API generation phase: Elapsed time ==> 6s.187ms
Dependency generation phase: Elapsed time ==> 0s.031ms
Cleanup phase: Elapsed time ==> 0s.000ms
