#***************************************************************************

#sjplacer

#Version:            1.1

#Build Date:         Mar 26 2013 14:54:34

#File Generated:     Jul 1 2014 10:30:29

#Purpose:            

#Copyright (C) 2010-2011 by Softjin Technologies Pvt Ltd. All rights reserved.

#***************************************************************************

Executing : C:\Program Files\Cypress\PSoC Creator\3.0\PSoC Creator\bin/sjplacer.exe --proj-name RTOS_28_MAY_2014 --netlist-vh2 RTOS_28_MAY_2014_p.vh2 --arch-file C:\Program Files\Cypress\PSoC Creator\3.0\PSoC Creator\dev/psoc3/placer.ark --rrg-file C:\Program Files\Cypress\PSoC Creator\3.0\PSoC Creator\dev/psoc3/route_arch-rrg.cydata --irq-file C:\Program Files\Cypress\PSoC Creator\3.0\PSoC Creator\dev/psoc3/irqconn.cydata --drq-file C:\Program Files\Cypress\PSoC Creator\3.0\PSoC Creator\dev/psoc3/dmaconn.cydata --dsi-conn-file C:\Program Files\Cypress\PSoC Creator\3.0\PSoC Creator\dev/psoc3/dsiconn.cydata --pins-file PSoC3_Leopard_100-TQFP.xml --lib-file RTOS_28_MAY_2014_p.lib --sdc-file RTOS_28_MAY_2014.sdc --io-pcf RTOS_28_MAY_2014.pci --outdir .

		Softjin Techologies Placer, Version 1.1

Build Date : Jul 22 2013	11:20:09

D2004: Option and Settings Summary
=============================================================
Netlist vh2 file          - RTOS_28_MAY_2014_p.vh2
Architecture file         - C:\Program Files\Cypress\PSoC Creator\3.0\PSoC Creator\dev/psoc3/placer.ark
Package                   - 
Defparam file             - 
SDC file                  - RTOS_28_MAY_2014.sdc
Output directory          - .
Timing library            - RTOS_28_MAY_2014_p.lib
IO Placement file         - RTOS_28_MAY_2014.pci

D2050: Starting reading inputs for placer
=============================================================
D2065: Reading netlist file : "RTOS_28_MAY_2014_p.vh2"
D2065: Reading arch file : "C:\Program Files\Cypress\PSoC Creator\3.0\PSoC Creator\dev/psoc3/placer.ark"
D2051: Reading of inputs for placer completed successfully

D2053: Starting placement of the design
=============================================================

Phase 2
Phase 3

Design Statistics after Packing
    Number of Combinational MCs 	:	33
    Number of Sequential MCs    	:	52
    Number of DPs               	:	8
    Number of Controls          	:	5
    Number of Status            	:	8
    Number of SyncCells         	:	4
    Number of count7cells       	:	3

Device Utilization Summary after Packing
    Macrocells                  :	85/192
    UDBS                        :	16/24
    IOs                         :	41/72


D2088: Phase 3, elapsed time : 0.1 (sec)

Phase 4
D2088: Phase 4, elapsed time : 0.0 (sec)

Phase 5
D2088: Phase 5, elapsed time : 0.0 (sec)

Phase 6

######################################################################
Placement Timing Summary

The timing summary is based on estimated routing delays after
placement. For final timing report, please carry out the timing
analysis after routing.
======================================================================

######################################################################
                     Clock Summary 
======================================================================
Number of clocks: 13
Clock: Clk_PWM              | Frequency:  56.8 MHz | Target:   0.0 MHz
Clock: Clock                | Frequency: N/A       | Target:   0.0 MHz
Clock: Clock(routed)        | Frequency: N/A       | Target:   0.0 MHz
Clock: Clock_QD             | Frequency:  35.3 MHz | Target:   0.0 MHz
Clock: CyBUS_CLK            | Frequency:  34.1 MHz | Target:  24.0 MHz
Clock: CyILO                | Frequency: N/A       | Target:   0.0 MHz
Clock: CyIMO                | Frequency: N/A       | Target:   3.0 MHz
Clock: CyMASTER_CLK         | Frequency: N/A       | Target:  24.0 MHz
Clock: CyPLL_OUT            | Frequency: N/A       | Target:  24.0 MHz
Clock: ECLK(0)/fb           | Frequency:  36.1 MHz | Target:  12.0 MHz
Clock: SPIM_IntClock        | Frequency:  47.5 MHz | Target:   2.0 MHz
Clock: SPIS_IntClock        | Frequency:  48.6 MHz | Target:   0.2 MHz
Clock: U_CLOCK              | Frequency:  34.1 MHz | Target:  24.0 MHz

======================================================================
                     End of Clock Summary
######################################################################

D2088: Phase 6, elapsed time : 1.8 (sec)

Phase 7
######################################################################
                     Clock Summary 
======================================================================
Number of clocks: 13
Clock: Clk_PWM              | Frequency:  56.8 MHz | Target:   0.0 MHz
Clock: Clock                | Frequency: N/A       | Target:   0.0 MHz
Clock: Clock(routed)        | Frequency: N/A       | Target:   0.0 MHz
Clock: Clock_QD             | Frequency:   4.8 MHz | Target:   0.0 MHz
Clock: CyBUS_CLK            | Frequency:   4.8 MHz | Target:  24.0 MHz
Clock: CyILO                | Frequency: N/A       | Target:   0.0 MHz
Clock: CyIMO                | Frequency: N/A       | Target:   3.0 MHz
Clock: CyMASTER_CLK         | Frequency: N/A       | Target:  24.0 MHz
Clock: CyPLL_OUT            | Frequency: N/A       | Target:  24.0 MHz
Clock: ECLK(0)/fb           | Frequency:  36.1 MHz | Target:  12.0 MHz
Clock: SPIM_IntClock        | Frequency:  44.3 MHz | Target:   2.0 MHz
Clock: SPIS_IntClock        | Frequency:  46.2 MHz | Target:   0.2 MHz
Clock: U_CLOCK              | Frequency:  30.5 MHz | Target:  24.0 MHz

======================================================================
                     End of Clock Summary
######################################################################
D2088: Phase 7, elapsed time : 17.3 (sec)

Final Design Statistics
    Number of Combinational MCs 	:	33
    Number of Sequential MCs    	:	52
    Number of DPs               	:	8
    Number of Controls          	:	5
    Number of Status            	:	8
    Number of SyncCells         	:	4
    Number of count7cells       	:	3
    Number of IOs       	:	41

Device Utilization Summary
    Macrocells                  :	85/192
    IOs                         :	41/72



######################################################################
Placement Timing Summary

The timing summary is based on estimated routing delays after
placement. For final timing report, please carry out the timing
analysis after routing.
======================================================================


######################################################################
                     Clock Summary 
======================================================================
Number of clocks: 13
Clock: Clk_PWM              | Frequency:  56.8 MHz | Target:   0.0 MHz
Clock: Clock                | Frequency: N/A       | Target:   0.0 MHz
Clock: Clock(routed)        | Frequency: N/A       | Target:   0.0 MHz
Clock: Clock_QD             | Frequency:   4.8 MHz | Target:   0.0 MHz
Clock: CyBUS_CLK            | Frequency:   4.8 MHz | Target:  24.0 MHz
Clock: CyILO                | Frequency: N/A       | Target:   0.0 MHz
Clock: CyIMO                | Frequency: N/A       | Target:   3.0 MHz
Clock: CyMASTER_CLK         | Frequency: N/A       | Target:  24.0 MHz
Clock: CyPLL_OUT            | Frequency: N/A       | Target:  24.0 MHz
Clock: ECLK(0)/fb           | Frequency:  36.1 MHz | Target:  12.0 MHz
Clock: SPIM_IntClock        | Frequency:  47.3 MHz | Target:   2.0 MHz
Clock: SPIS_IntClock        | Frequency:  74.5 MHz | Target:   0.2 MHz
Clock: U_CLOCK              | Frequency:  34.8 MHz | Target:  24.0 MHz

======================================================================
                     End of Clock Summary
######################################################################

Phase 8
D2088: Phase 8, elapsed time : 0.0 (sec)

D2054: Placement of the design completed successfully

I2076: Total run-time: 26.5 sec.

