--------------- Rebuild Started: 05/07/2014 16:49:14 Project: Design03, Configuration: DP8051 Keil 9.51 Debug ---------------
Deleting file ".\Design03.cycdx"
Deleting file ".\Design03.svd"
Deleting file ".\Design03.rpt"
Deleting file ".\Design03_timing.html"
cydsfit.exe "-.appdatapath" "C:\Documents and Settings\qmax\Local Settings\Application Data\Cypress Semiconductor\PSoC Creator\3.0" "-.fdsnotice" "-.fdswarpdepfile=warp_dependencies.txt" "-.fdselabdepfile=elab_dependencies.txt" "-.fdsbldfile=generated_files.txt" "-p" "C:\Documents and Settings\qmax\My Documents\PSoC Creator\Design03\Design03.cydsn\Design03.cyprj" "-d" "CY8C3246AXA-138" "-s" "C:\Documents and Settings\qmax\My Documents\PSoC Creator\Design03\Design03.cydsn\Generated_Source\PSoC3" "--" "-yv2" "-v3" "-ygs" "-q10" "-o2" "-.fftcfgtype=BE"
Elaborating Design...
HDL Generation ...
Synthesis ...
Place and Route ...
Tech mapping ...
Info: mpr.M0037: Unused pieces of the design have been optimized out. See the Tech mapping section of the report file for details. (App=cydsfit)
Analog Placement ...
Analog Routing ...
Analog Code Generation ...
Digital Placement ...
Digital Routing ...
Bitstream Generation ...
Static timing analysis ...
Warning: sta.M0019: Design03_timing.html: Warning-1367: Hold time violation found in a path from clock ( CyBUS_CLK ) to clock ( PSOC_SPI_CLK(0)/fb ). (File=C:\Documents and Settings\qmax\My Documents\PSoC Creator\Design03\Design03.cydsn\Design03_timing.html)
Warning: sta.M0019: Design03_timing.html: Warning-1367: Hold time violation found in a path from clock ( CyBUS_CLK ) to clock ( SP6_SPI_CSSEL(0)/fb ). (File=C:\Documents and Settings\qmax\My Documents\PSoC Creator\Design03\Design03.cydsn\Design03_timing.html)
Warning: sta.M0019: Design03_timing.html: Warning-1367: Hold time violation found in a path from clock ( SP6_SPI_CSSEL(0)/fb ) to clock ( SP6_SPI_CSSEL(0)/fb ). (File=C:\Documents and Settings\qmax\My Documents\PSoC Creator\Design03\Design03.cydsn\Design03_timing.html)
API Generation ...
Dependency Generation ...
Clean Temporary Files ...
c51.exe .\main.c NOIV LARGE MODDP2 OMF2 VB(1) PR(.\DP8051\DP8051_Keil_951\Debug\main.lst) CD DB NOIP "OT(2, Size)" "DF (DEBUG)" "INCDIR(., .\Generated_Source\PSoC3)" OJ(.\DP8051\DP8051_Keil_951\Debug\main.obj)
WARNING: .\main.c:17: 'm_u8RLStatus': unreferenced local variable
c51.exe .\Generated_Source\PSoC3\cyfitter_cfg.c NOIV LARGE MODDP2 OMF2 VB(1) PR(.\DP8051\DP8051_Keil_951\Debug\cyfitter_cfg.lst) CD DB NOIP "OT(2, Size)" "DF (DEBUG)" "INCDIR(., .\Generated_Source\PSoC3)" OJ(.\DP8051\DP8051_Keil_951\Debug\cyfitter_cfg.obj)
c51.exe .\Generated_Source\PSoC3\BCH1_DIV0_RLY.c NOIV LARGE MODDP2 OMF2 VB(1) PR(.\DP8051\DP8051_Keil_951\Debug\BCH1_DIV0_RLY.lst) CD DB NOIP "OT(2, Size)" "DF (DEBUG)" "INCDIR(., .\Generated_Source\PSoC3)" OJ(.\DP8051\DP8051_Keil_951\Debug\BCH1_DIV0_RLY.obj)
c51.exe .\Generated_Source\PSoC3\BCH1_DIV1_RLY.c NOIV LARGE MODDP2 OMF2 VB(1) PR(.\DP8051\DP8051_Keil_951\Debug\BCH1_DIV1_RLY.lst) CD DB NOIP "OT(2, Size)" "DF (DEBUG)" "INCDIR(., .\Generated_Source\PSoC3)" OJ(.\DP8051\DP8051_Keil_951\Debug\BCH1_DIV1_RLY.obj)
c51.exe .\Generated_Source\PSoC3\BCH1_CALIB_RLY.c NOIV LARGE MODDP2 OMF2 VB(1) PR(.\DP8051\DP8051_Keil_951\Debug\BCH1_CALIB_RLY.lst) CD DB NOIP "OT(2, Size)" "DF (DEBUG)" "INCDIR(., .\Generated_Source\PSoC3)" OJ(.\DP8051\DP8051_Keil_951\Debug\BCH1_CALIB_RLY.obj)
c51.exe .\Generated_Source\PSoC3\BCH2_DIV0_RLY.c NOIV LARGE MODDP2 OMF2 VB(1) PR(.\DP8051\DP8051_Keil_951\Debug\BCH2_DIV0_RLY.lst) CD DB NOIP "OT(2, Size)" "DF (DEBUG)" "INCDIR(., .\Generated_Source\PSoC3)" OJ(.\DP8051\DP8051_Keil_951\Debug\BCH2_DIV0_RLY.obj)
c51.exe .\Generated_Source\PSoC3\BCH2_DIV1_RLY.c NOIV LARGE MODDP2 OMF2 VB(1) PR(.\DP8051\DP8051_Keil_951\Debug\BCH2_DIV1_RLY.lst) CD DB NOIP "OT(2, Size)" "DF (DEBUG)" "INCDIR(., .\Generated_Source\PSoC3)" OJ(.\DP8051\DP8051_Keil_951\Debug\BCH2_DIV1_RLY.obj)
c51.exe .\Generated_Source\PSoC3\BCH2_CALIB_RLY.c NOIV LARGE MODDP2 OMF2 VB(1) PR(.\DP8051\DP8051_Keil_951\Debug\BCH2_CALIB_RLY.lst) CD DB NOIP "OT(2, Size)" "DF (DEBUG)" "INCDIR(., .\Generated_Source\PSoC3)" OJ(.\DP8051\DP8051_Keil_951\Debug\BCH2_CALIB_RLY.obj)
c51.exe .\Generated_Source\PSoC3\BTRG_EXT5_RLY.c NOIV LARGE MODDP2 OMF2 VB(1) PR(.\DP8051\DP8051_Keil_951\Debug\BTRG_EXT5_RLY.lst) CD DB NOIP "OT(2, Size)" "DF (DEBUG)" "INCDIR(., .\Generated_Source\PSoC3)" OJ(.\DP8051\DP8051_Keil_951\Debug\BTRG_EXT5_RLY.obj)
c51.exe .\Generated_Source\PSoC3\SAMPLEMODE_S0.c NOIV LARGE MODDP2 OMF2 VB(1) PR(.\DP8051\DP8051_Keil_951\Debug\SAMPLEMODE_S0.lst) CD DB NOIP "OT(2, Size)" "DF (DEBUG)" "INCDIR(., .\Generated_Source\PSoC3)" OJ(.\DP8051\DP8051_Keil_951\Debug\SAMPLEMODE_S0.obj)
c51.exe .\Generated_Source\PSoC3\SAMPLEMODE_S1.c NOIV LARGE MODDP2 OMF2 VB(1) PR(.\DP8051\DP8051_Keil_951\Debug\SAMPLEMODE_S1.lst) CD DB NOIP "OT(2, Size)" "DF (DEBUG)" "INCDIR(., .\Generated_Source\PSoC3)" OJ(.\DP8051\DP8051_Keil_951\Debug\SAMPLEMODE_S1.obj)
c51.exe .\Generated_Source\PSoC3\CH1_CUPSEL0_RLY.c NOIV LARGE MODDP2 OMF2 VB(1) PR(.\DP8051\DP8051_Keil_951\Debug\CH1_CUPSEL0_RLY.lst) CD DB NOIP "OT(2, Size)" "DF (DEBUG)" "INCDIR(., .\Generated_Source\PSoC3)" OJ(.\DP8051\DP8051_Keil_951\Debug\CH1_CUPSEL0_RLY.obj)
c51.exe .\Generated_Source\PSoC3\CH1_CUPSEL1_RLY.c NOIV LARGE MODDP2 OMF2 VB(1) PR(.\DP8051\DP8051_Keil_951\Debug\CH1_CUPSEL1_RLY.lst) CD DB NOIP "OT(2, Size)" "DF (DEBUG)" "INCDIR(., .\Generated_Source\PSoC3)" OJ(.\DP8051\DP8051_Keil_951\Debug\CH1_CUPSEL1_RLY.obj)
c51.exe .\Generated_Source\PSoC3\CH2_CUPSEL0_RLY.c NOIV LARGE MODDP2 OMF2 VB(1) PR(.\DP8051\DP8051_Keil_951\Debug\CH2_CUPSEL0_RLY.lst) CD DB NOIP "OT(2, Size)" "DF (DEBUG)" "INCDIR(., .\Generated_Source\PSoC3)" OJ(.\DP8051\DP8051_Keil_951\Debug\CH2_CUPSEL0_RLY.obj)
c51.exe .\Generated_Source\PSoC3\CH2_CUPSEL1_RLY.c NOIV LARGE MODDP2 OMF2 VB(1) PR(.\DP8051\DP8051_Keil_951\Debug\CH2_CUPSEL1_RLY.lst) CD DB NOIP "OT(2, Size)" "DF (DEBUG)" "INCDIR(., .\Generated_Source\PSoC3)" OJ(.\DP8051\DP8051_Keil_951\Debug\CH2_CUPSEL1_RLY.obj)
c51.exe .\Generated_Source\PSoC3\ATTN_SEL0.c NOIV LARGE MODDP2 OMF2 VB(1) PR(.\DP8051\DP8051_Keil_951\Debug\ATTN_SEL0.lst) CD DB NOIP "OT(2, Size)" "DF (DEBUG)" "INCDIR(., .\Generated_Source\PSoC3)" OJ(.\DP8051\DP8051_Keil_951\Debug\ATTN_SEL0.obj)
c51.exe .\Generated_Source\PSoC3\ATTN_SEL1.c NOIV LARGE MODDP2 OMF2 VB(1) PR(.\DP8051\DP8051_Keil_951\Debug\ATTN_SEL1.lst) CD DB NOIP "OT(2, Size)" "DF (DEBUG)" "INCDIR(., .\Generated_Source\PSoC3)" OJ(.\DP8051\DP8051_Keil_951\Debug\ATTN_SEL1.obj)
c51.exe .\Generated_Source\PSoC3\ATTN_SEL2.c NOIV LARGE MODDP2 OMF2 VB(1) PR(.\DP8051\DP8051_Keil_951\Debug\ATTN_SEL2.lst) CD DB NOIP "OT(2, Size)" "DF (DEBUG)" "INCDIR(., .\Generated_Source\PSoC3)" OJ(.\DP8051\DP8051_Keil_951\Debug\ATTN_SEL2.obj)
c51.exe .\Generated_Source\PSoC3\ATTN_SEL3.c NOIV LARGE MODDP2 OMF2 VB(1) PR(.\DP8051\DP8051_Keil_951\Debug\ATTN_SEL3.lst) CD DB NOIP "OT(2, Size)" "DF (DEBUG)" "INCDIR(., .\Generated_Source\PSoC3)" OJ(.\DP8051\DP8051_Keil_951\Debug\ATTN_SEL3.obj)
c51.exe .\Generated_Source\PSoC3\FILTER_SEL.c NOIV LARGE MODDP2 OMF2 VB(1) PR(.\DP8051\DP8051_Keil_951\Debug\FILTER_SEL.lst) CD DB NOIP "OT(2, Size)" "DF (DEBUG)" "INCDIR(., .\Generated_Source\PSoC3)" OJ(.\DP8051\DP8051_Keil_951\Debug\FILTER_SEL.obj)
c51.exe .\Generated_Source\PSoC3\TRIG_HSYS_SEL0.c NOIV LARGE MODDP2 OMF2 VB(1) PR(.\DP8051\DP8051_Keil_951\Debug\TRIG_HSYS_SEL0.lst) CD DB NOIP "OT(2, Size)" "DF (DEBUG)" "INCDIR(., .\Generated_Source\PSoC3)" OJ(.\DP8051\DP8051_Keil_951\Debug\TRIG_HSYS_SEL0.obj)
c51.exe .\Generated_Source\PSoC3\TRIG_HSYS_SEL1.c NOIV LARGE MODDP2 OMF2 VB(1) PR(.\DP8051\DP8051_Keil_951\Debug\TRIG_HSYS_SEL1.lst) CD DB NOIP "OT(2, Size)" "DF (DEBUG)" "INCDIR(., .\Generated_Source\PSoC3)" OJ(.\DP8051\DP8051_Keil_951\Debug\TRIG_HSYS_SEL1.obj)
c51.exe .\Generated_Source\PSoC3\PSOC_SPI_CS.c NOIV LARGE MODDP2 OMF2 VB(1) PR(.\DP8051\DP8051_Keil_951\Debug\PSOC_SPI_CS.lst) CD DB NOIP "OT(2, Size)" "DF (DEBUG)" "INCDIR(., .\Generated_Source\PSoC3)" OJ(.\DP8051\DP8051_Keil_951\Debug\PSOC_SPI_CS.obj)
c51.exe .\Generated_Source\PSoC3\PSOC_SPI_CLK.c NOIV LARGE MODDP2 OMF2 VB(1) PR(.\DP8051\DP8051_Keil_951\Debug\PSOC_SPI_CLK.lst) CD DB NOIP "OT(2, Size)" "DF (DEBUG)" "INCDIR(., .\Generated_Source\PSoC3)" OJ(.\DP8051\DP8051_Keil_951\Debug\PSOC_SPI_CLK.obj)
c51.exe .\Generated_Source\PSoC3\PSOC_SPI_DI.c NOIV LARGE MODDP2 OMF2 VB(1) PR(.\DP8051\DP8051_Keil_951\Debug\PSOC_SPI_DI.lst) CD DB NOIP "OT(2, Size)" "DF (DEBUG)" "INCDIR(., .\Generated_Source\PSoC3)" OJ(.\DP8051\DP8051_Keil_951\Debug\PSOC_SPI_DI.obj)
c51.exe .\Generated_Source\PSoC3\PSOC_SPI_DO.c NOIV LARGE MODDP2 OMF2 VB(1) PR(.\DP8051\DP8051_Keil_951\Debug\PSOC_SPI_DO.lst) CD DB NOIP "OT(2, Size)" "DF (DEBUG)" "INCDIR(., .\Generated_Source\PSoC3)" OJ(.\DP8051\DP8051_Keil_951\Debug\PSOC_SPI_DO.obj)
c51.exe .\Generated_Source\PSoC3\SP6_SPI_CSSEL.c NOIV LARGE MODDP2 OMF2 VB(1) PR(.\DP8051\DP8051_Keil_951\Debug\SP6_SPI_CSSEL.lst) CD DB NOIP "OT(2, Size)" "DF (DEBUG)" "INCDIR(., .\Generated_Source\PSoC3)" OJ(.\DP8051\DP8051_Keil_951\Debug\SP6_SPI_CSSEL.obj)
c51.exe .\Generated_Source\PSoC3\FLASH_SPI_CS.c NOIV LARGE MODDP2 OMF2 VB(1) PR(.\DP8051\DP8051_Keil_951\Debug\FLASH_SPI_CS.lst) CD DB NOIP "OT(2, Size)" "DF (DEBUG)" "INCDIR(., .\Generated_Source\PSoC3)" OJ(.\DP8051\DP8051_Keil_951\Debug\FLASH_SPI_CS.obj)
c51.exe .\Generated_Source\PSoC3\FLASH_SPI_CK.c NOIV LARGE MODDP2 OMF2 VB(1) PR(.\DP8051\DP8051_Keil_951\Debug\FLASH_SPI_CK.lst) CD DB NOIP "OT(2, Size)" "DF (DEBUG)" "INCDIR(., .\Generated_Source\PSoC3)" OJ(.\DP8051\DP8051_Keil_951\Debug\FLASH_SPI_CK.obj)
c51.exe .\Generated_Source\PSoC3\FLASH_SPI_DI.c NOIV LARGE MODDP2 OMF2 VB(1) PR(.\DP8051\DP8051_Keil_951\Debug\FLASH_SPI_DI.lst) CD DB NOIP "OT(2, Size)" "DF (DEBUG)" "INCDIR(., .\Generated_Source\PSoC3)" OJ(.\DP8051\DP8051_Keil_951\Debug\FLASH_SPI_DI.obj)
c51.exe .\Generated_Source\PSoC3\FLASH_SPI_DO.c NOIV LARGE MODDP2 OMF2 VB(1) PR(.\DP8051\DP8051_Keil_951\Debug\FLASH_SPI_DO.lst) CD DB NOIP "OT(2, Size)" "DF (DEBUG)" "INCDIR(., .\Generated_Source\PSoC3)" OJ(.\DP8051\DP8051_Keil_951\Debug\FLASH_SPI_DO.obj)
c51.exe .\Generated_Source\PSoC3\SPIS.c NOIV LARGE MODDP2 OMF2 VB(1) PR(.\DP8051\DP8051_Keil_951\Debug\SPIS.lst) CD DB NOIP "OT(2, Size)" "DF (DEBUG)" "INCDIR(., .\Generated_Source\PSoC3)" OJ(.\DP8051\DP8051_Keil_951\Debug\SPIS.obj)
c51.exe .\Generated_Source\PSoC3\SPIS_PM.c NOIV LARGE MODDP2 OMF2 VB(1) PR(.\DP8051\DP8051_Keil_951\Debug\SPIS_PM.lst) CD DB NOIP "OT(2, Size)" "DF (DEBUG)" "INCDIR(., .\Generated_Source\PSoC3)" OJ(.\DP8051\DP8051_Keil_951\Debug\SPIS_PM.obj)
c51.exe .\Generated_Source\PSoC3\SPIS_INT.c NOIV LARGE MODDP2 OMF2 VB(1) PR(.\DP8051\DP8051_Keil_951\Debug\SPIS_INT.lst) CD DB NOIP "OT(2, Size)" "DF (DEBUG)" "INCDIR(., .\Generated_Source\PSoC3)" OJ(.\DP8051\DP8051_Keil_951\Debug\SPIS_INT.obj)
c51.exe .\Generated_Source\PSoC3\SPIS_BOOT.c NOIV LARGE MODDP2 OMF2 VB(1) PR(.\DP8051\DP8051_Keil_951\Debug\SPIS_BOOT.lst) CD DB NOIP "OT(2, Size)" "DF (DEBUG)" "INCDIR(., .\Generated_Source\PSoC3)" OJ(.\DP8051\DP8051_Keil_951\Debug\SPIS_BOOT.obj)
c51.exe .\Generated_Source\PSoC3\SPIS_IntClock.c NOIV LARGE MODDP2 OMF2 VB(1) PR(.\DP8051\DP8051_Keil_951\Debug\SPIS_IntClock.lst) CD DB NOIP "OT(2, Size)" "DF (DEBUG)" "INCDIR(., .\Generated_Source\PSoC3)" OJ(.\DP8051\DP8051_Keil_951\Debug\SPIS_IntClock.obj)
Ax51.exe .\Generated_Source\PSoC3\CyBootAsmKeil.a51 NOCO MACRO DB DF(DEBUG) PR(.\DP8051\DP8051_Keil_951\Debug/CyBootAsmKeil.lst) CASE EP "INCDIR(., .\Generated_Source\PSoC3)" OJ(.\DP8051\DP8051_Keil_951\Debug\CyBootAsmKeil.obj)
c51.exe .\Generated_Source\PSoC3\CyDmac.c NOIV LARGE MODDP2 OMF2 VB(1) PR(.\DP8051\DP8051_Keil_951\Debug\CyDmac.lst) CD DB NOIP "OT(2, Size)" "DF (DEBUG)" "INCDIR(., .\Generated_Source\PSoC3)" OJ(.\DP8051\DP8051_Keil_951\Debug\CyDmac.obj)
c51.exe .\Generated_Source\PSoC3\CyFlash.c NOIV LARGE MODDP2 OMF2 VB(1) PR(.\DP8051\DP8051_Keil_951\Debug\CyFlash.lst) CD DB NOIP "OT(2, Size)" "DF (DEBUG)" "INCDIR(., .\Generated_Source\PSoC3)" OJ(.\DP8051\DP8051_Keil_951\Debug\CyFlash.obj)
c51.exe .\Generated_Source\PSoC3\CyLib.c NOIV LARGE MODDP2 OMF2 VB(1) PR(.\DP8051\DP8051_Keil_951\Debug\CyLib.lst) CD DB NOIP "OT(2, Size)" "DF (DEBUG)" "INCDIR(., .\Generated_Source\PSoC3)" OJ(.\DP8051\DP8051_Keil_951\Debug\CyLib.obj)
Ax51.exe .\Generated_Source\PSoC3\cymem.a51 NOCO MACRO DB DF(DEBUG) PR(.\DP8051\DP8051_Keil_951\Debug/cymem.lst) CASE EP "INCDIR(., .\Generated_Source\PSoC3)" OJ(.\DP8051\DP8051_Keil_951\Debug\cymem.obj)
c51.exe .\Generated_Source\PSoC3\cyPm.c NOIV LARGE MODDP2 OMF2 VB(1) PR(.\DP8051\DP8051_Keil_951\Debug\cyPm.lst) CD DB NOIP "OT(2, Size)" "DF (DEBUG)" "INCDIR(., .\Generated_Source\PSoC3)" OJ(.\DP8051\DP8051_Keil_951\Debug\cyPm.obj)
c51.exe .\Generated_Source\PSoC3\CySpc.c NOIV LARGE MODDP2 OMF2 VB(1) PR(.\DP8051\DP8051_Keil_951\Debug\CySpc.lst) CD DB NOIP "OT(2, Size)" "DF (DEBUG)" "INCDIR(., .\Generated_Source\PSoC3)" OJ(.\DP8051\DP8051_Keil_951\Debug\CySpc.obj)
c51.exe .\Generated_Source\PSoC3\cyutils.c NOIV LARGE MODDP2 OMF2 VB(1) PR(.\DP8051\DP8051_Keil_951\Debug\cyutils.lst) CD DB NOIP "OT(2, Size)" "DF (DEBUG)" "INCDIR(., .\Generated_Source\PSoC3)" OJ(.\DP8051\DP8051_Keil_951\Debug\cyutils.obj)
Ax51.exe .\Generated_Source\PSoC3\KeilStart.a51 NOCO MACRO DB DF(DEBUG) PR(.\DP8051\DP8051_Keil_951\Debug/KeilStart.lst) CASE EP "INCDIR(., .\Generated_Source\PSoC3)" OJ(.\DP8051\DP8051_Keil_951\Debug\KeilStart.obj)
LIBX51.exe TRANSFER '.\DP8051\DP8051_Keil_951\Debug\cyfitter_cfg.obj', '.\DP8051\DP8051_Keil_951\Debug\BCH1_DIV0_RLY.obj', '.\DP8051\DP8051_Keil_951\Debug\BCH1_DIV1_RLY.obj', '.\DP8051\DP8051_Keil_951\Debug\BCH1_CALIB_RLY.obj', '.\DP8051\DP8051_Keil_951\Debug\BCH2_DIV0_RLY.obj', '.\DP8051\DP8051_Keil_951\Debug\BCH2_DIV1_RLY.obj', '.\DP8051\DP8051_Keil_951\Debug\BCH2_CALIB_RLY.obj', '.\DP8051\DP8051_Keil_951\Debug\BTRG_EXT5_RLY.obj', '.\DP8051\DP8051_Keil_951\Debug\SAMPLEMODE_S0.obj', '.\DP8051\DP8051_Keil_951\Debug\SAMPLEMODE_S1.obj', '.\DP8051\DP8051_Keil_951\Debug\CH1_CUPSEL0_RLY.obj', '.\DP8051\DP8051_Keil_951\Debug\CH1_CUPSEL1_RLY.obj', '.\DP8051\DP8051_Keil_951\Debug\CH2_CUPSEL0_RLY.obj', '.\DP8051\DP8051_Keil_951\Debug\CH2_CUPSEL1_RLY.obj', '.\DP8051\DP8051_Keil_951\Debug\ATTN_SEL0.obj', '.\DP8051\DP8051_Keil_951\Debug\ATTN_SEL1.obj', '.\DP8051\DP8051_Keil_951\Debug\ATTN_SEL2.obj', '.\DP8051\DP8051_Keil_951\Debug\ATTN_SEL3.obj', '.\DP8051\DP8051_Keil_951\Debug\FILTER_SEL.obj', '.\DP8051\DP8051_Keil_951\Debug\TRIG_HSYS_SEL0.obj', '.\DP8051\DP8051_Keil_951\Debug\TRIG_HSYS_SEL1.obj', '.\DP8051\DP8051_Keil_951\Debug\PSOC_SPI_CS.obj', '.\DP8051\DP8051_Keil_951\Debug\PSOC_SPI_CLK.obj', '.\DP8051\DP8051_Keil_951\Debug\PSOC_SPI_DI.obj', '.\DP8051\DP8051_Keil_951\Debug\PSOC_SPI_DO.obj', '.\DP8051\DP8051_Keil_951\Debug\SP6_SPI_CSSEL.obj', '.\DP8051\DP8051_Keil_951\Debug\FLASH_SPI_CS.obj', '.\DP8051\DP8051_Keil_951\Debug\FLASH_SPI_CK.obj', '.\DP8051\DP8051_Keil_951\Debug\FLASH_SPI_DI.obj', '.\DP8051\DP8051_Keil_951\Debug\FLASH_SPI_DO.obj', '.\DP8051\DP8051_Keil_951\Debug\SPIS.obj', '.\DP8051\DP8051_Keil_951\Debug\SPIS_PM.obj', '.\DP8051\DP8051_Keil_951\Debug\SPIS_INT.obj', '.\DP8051\DP8051_Keil_951\Debug\SPIS_BOOT.obj', '.\DP8051\DP8051_Keil_951\Debug\SPIS_IntClock.obj', '.\DP8051\DP8051_Keil_951\Debug\CyBootAsmKeil.obj', '.\DP8051\DP8051_Keil_951\Debug\CyDmac.obj', '.\DP8051\DP8051_Keil_951\Debug\CyFlash.obj', '.\DP8051\DP8051_Keil_951\Debug\CyLib.obj', '.\DP8051\DP8051_Keil_951\Debug\cymem.obj', '.\DP8051\DP8051_Keil_951\Debug\cyPm.obj', '.\DP8051\DP8051_Keil_951\Debug\CySpc.obj', '.\DP8051\DP8051_Keil_951\Debug\cyutils.obj', '.\DP8051\DP8051_Keil_951\Debug\KeilStart.obj' TO '.\DP8051\DP8051_Keil_951\Debug\Design03.lib'
LX51.exe '.\DP8051\DP8051_Keil_951\Debug\main.obj', '.\DP8051\DP8051_Keil_951\Debug\Design03.lib', 'C:\Program Files\Cypress\PSoC Creator\3.0\PSoC Creator\psoc\content\cycomponentlibrary\CyComponentLibrary.cylib\DP8051\DP8051_Keil_951\Debug\CyComponentLibrary.lib'  TO '.\DP8051\DP8051_Keil_951\Debug\Design03.omf' PR(.\DP8051\DP8051_Keil_951\Debug\Design03.map) IX CODE DW(16) RU CL(XDATA(X:0x0000-X:0x1FFF)) CL(CODE(C:0x0000-C:0xFFFF)) CL(CONST(C:0x0000-C:0xFFFF))
Program Size: data=14.0 xdata=107 const=35 code=2805
OHx51.exe Design03.omf HEXFILE(Design03.ihx)
c8051-elf-omf2elf.exe Design03.omf Design03.elf
cyhextool -o .\DP8051\DP8051_Keil_951\Debug\Design03.hex -f .\DP8051\DP8051_Keil_951\Debug\Design03.ihx -prot .\Generated_Source\PSoC3\protect.hex -id 1E08A069 -a EEPROM=90200000:800,PROGRAM=00000000:10000,CONFIG=80000000:2000,PROTECT=90400000:40 -meta 0301 -cunv 00004005 -wonv BC90ACAF -ecc .\Generated_Source\PSoC3\config.hex
Flash used: 2840 of 65536 bytes (4.3 %).
SRAM used: 107 of 8192 bytes (1.3 %).
--------------- Rebuild Succeeded: 05/07/2014 16:51:41 ---------------
