#***************************************************************************

#sjplacer

#Version:            1.1

#Build Date:         Mar 26 2013 14:54:34

#File Generated:     May 8 2014 15:42:53

#Purpose:            

#Copyright (C) 2010-2011 by Softjin Technologies Pvt Ltd. All rights reserved.

#***************************************************************************

Executing : C:\Program Files\Cypress\PSoC Creator\3.0\PSoC Creator\bin/sjplacer.exe --proj-name Design03 --netlist-vh2 Design03_p.vh2 --arch-file C:\Program Files\Cypress\PSoC Creator\3.0\PSoC Creator\dev/psoc3/placer.ark --rrg-file C:\Program Files\Cypress\PSoC Creator\3.0\PSoC Creator\dev/psoc3/route_arch-rrg.cydata --irq-file C:\Program Files\Cypress\PSoC Creator\3.0\PSoC Creator\dev/psoc3/irqconn.cydata --drq-file C:\Program Files\Cypress\PSoC Creator\3.0\PSoC Creator\dev/psoc3/dmaconn.cydata --dsi-conn-file C:\Program Files\Cypress\PSoC Creator\3.0\PSoC Creator\dev/psoc3/dsiconn.cydata --pins-file PSoC3_Leopard_100-TQFP.xml --lib-file Design03_p.lib --sdc-file Design03.sdc --io-pcf Design03.pci --outdir .

		Softjin Techologies Placer, Version 1.1

Build Date : Jul 22 2013	11:20:09

D2004: Option and Settings Summary
=============================================================
Netlist vh2 file          - Design03_p.vh2
Architecture file         - C:\Program Files\Cypress\PSoC Creator\3.0\PSoC Creator\dev/psoc3/placer.ark
Package                   - 
Defparam file             - 
SDC file                  - Design03.sdc
Output directory          - .
Timing library            - Design03_p.lib
IO Placement file         - Design03.pci

D2050: Starting reading inputs for placer
=============================================================
D2065: Reading netlist file : "Design03_p.vh2"
D2065: Reading arch file : "C:\Program Files\Cypress\PSoC Creator\3.0\PSoC Creator\dev/psoc3/placer.ark"
D2051: Reading of inputs for placer completed successfully

D2053: Starting placement of the design
=============================================================

Phase 2
Phase 3

Design Statistics after Packing
    Number of Combinational MCs 	:	15
    Number of Sequential MCs    	:	3
    Number of DPs               	:	2
    Number of Controls          	:	1
    Number of Status            	:	2
    Number of SyncCells         	:	4
    Number of count7cells       	:	1

Device Utilization Summary after Packing
    Macrocells                  :	18/192
    UDBS                        :	5/24
    IOs                         :	29/72


D2088: Phase 3, elapsed time : 0.0 (sec)

Phase 4
D2088: Phase 4, elapsed time : 0.0 (sec)

Phase 5
D2088: Phase 5, elapsed time : 0.0 (sec)

Phase 6

######################################################################
Placement Timing Summary

The timing summary is based on estimated routing delays after
placement. For final timing report, please carry out the timing
analysis after routing.
======================================================================

######################################################################
                     Clock Summary 
======================================================================
Number of clocks: 8
Clock: CyBUS_CLK            | Frequency:  64.5 MHz | Target:  24.0 MHz
Clock: CyILO                | Frequency: N/A       | Target:   0.0 MHz
Clock: CyIMO                | Frequency: N/A       | Target:   3.0 MHz
Clock: CyMASTER_CLK         | Frequency: N/A       | Target:  24.0 MHz
Clock: CyPLL_OUT            | Frequency: N/A       | Target:  24.0 MHz
Clock: PSOC_SPI_CLK(0)/fb   | Frequency:  43.1 MHz | Target:  12.0 MHz
Clock: SP6_SPI_CSSEL(0)/fb  | Frequency:  43.1 MHz | Target:  12.0 MHz
Clock: SPIS_IntClock        | Frequency:  79.3 MHz | Target:   1.0 MHz

======================================================================
                     End of Clock Summary
######################################################################

D2088: Phase 6, elapsed time : 0.3 (sec)

Phase 7
######################################################################
                     Clock Summary 
======================================================================
Number of clocks: 8
Clock: CyBUS_CLK            | Frequency:  72.2 MHz | Target:  24.0 MHz
Clock: CyILO                | Frequency: N/A       | Target:   0.0 MHz
Clock: CyIMO                | Frequency: N/A       | Target:   3.0 MHz
Clock: CyMASTER_CLK         | Frequency: N/A       | Target:  24.0 MHz
Clock: CyPLL_OUT            | Frequency: N/A       | Target:  24.0 MHz
Clock: PSOC_SPI_CLK(0)/fb   | Frequency:  47.6 MHz | Target:  12.0 MHz
Clock: SP6_SPI_CSSEL(0)/fb  | Frequency:  47.6 MHz | Target:  12.0 MHz
Clock: SPIS_IntClock        | Frequency:  74.5 MHz | Target:   1.0 MHz

======================================================================
                     End of Clock Summary
######################################################################
D2088: Phase 7, elapsed time : 2.3 (sec)

Final Design Statistics
    Number of Combinational MCs 	:	15
    Number of Sequential MCs    	:	3
    Number of DPs               	:	2
    Number of Controls          	:	1
    Number of Status            	:	2
    Number of SyncCells         	:	4
    Number of count7cells       	:	1
    Number of IOs       	:	29

Device Utilization Summary
    Macrocells                  :	18/192
    IOs                         :	29/72



######################################################################
Placement Timing Summary

The timing summary is based on estimated routing delays after
placement. For final timing report, please carry out the timing
analysis after routing.
======================================================================


######################################################################
                     Clock Summary 
======================================================================
Number of clocks: 8
Clock: CyBUS_CLK            | Frequency:  72.5 MHz | Target:  26.3 MHz
Clock: CyILO                | Frequency: N/A       | Target:   0.0 MHz
Clock: CyIMO                | Frequency: N/A       | Target:   3.0 MHz
Clock: CyMASTER_CLK         | Frequency: N/A       | Target:  24.0 MHz
Clock: CyPLL_OUT            | Frequency: N/A       | Target:  24.0 MHz
Clock: PSOC_SPI_CLK(0)/fb   | Frequency:  50.3 MHz | Target:  13.2 MHz
Clock: SP6_SPI_CSSEL(0)/fb  | Frequency:  50.3 MHz | Target:  13.2 MHz
Clock: SPIS_IntClock        | Frequency:  75.6 MHz | Target:   1.1 MHz

======================================================================
                     End of Clock Summary
######################################################################

Phase 8
D2088: Phase 8, elapsed time : 0.0 (sec)

D2054: Placement of the design completed successfully

I2076: Total run-time: 7.2 sec.

