C51 COMPILER V9.03   KEY2                                                                  09/24/2013 19:16:59 PAGE 1   


C51 COMPILER V9.03, COMPILATION OF MODULE KEY2
OBJECT MODULE PLACED IN .\DP8051\DP8051_Keil_903\Debug\Key2.obj
COMPILER INVOKED BY: C:\Program Files\Cypress\PSoC Creator\2.0\PSoC Creator\import\keil\pk51\9.03\C51\BIN\c51.exe .\Gene
                    -rated_Source\PSoC3\Key2.c NOIV LARGE MODDP2 OMF2 VB(1) PR(.\DP8051\DP8051_Keil_903\Debug\Key2.lst) CD DB NOIP OT(2,SIZE)
                    - INCDIR(Generated_Source\PSoC3) OJ(.\DP8051\DP8051_Keil_903\Debug\Key2.obj)

line level    source

   1          /*******************************************************************************
   2          * File Name: Key2.c  
   3          * Version 1.60
   4          *
   5          * Description:
   6          *  This file contains API to enable firmware control of a Pins component.
   7          *
   8          * Note:
   9          *
  10          ********************************************************************************
  11          * Copyright 2008-2010, Cypress Semiconductor Corporation.  All rights reserved.
  12          * You may use this file only in accordance with the license, terms, conditions, 
  13          * disclaimers, and limitations in the end user license agreement accompanying 
  14          * the software package with which this file was provided.
  15          ********************************************************************************/
  16          
  17          #include "cytypes.h"
  18          #include "Key2.h"
  19          
  20          
  21          /*******************************************************************************
  22          * Function Name: Key2_Write
  23          ********************************************************************************
  24          * Summary:
  25          *  Assign a new value to the digital port's data output register.  
  26          *
  27          * Parameters:  
  28          *  prtValue:  The value to be assigned to the Digital Port. 
  29          *
  30          * Return: 
  31          *  void 
  32          *  
  33          *******************************************************************************/
  34          void Key2_Write(uint8 value) 
  35          {
  36   1          uint8 staticBits = Key2_DR & ~Key2_MASK;
  37   1          Key2_DR = staticBits | ((value << Key2_SHIFT) & Key2_MASK);
  38   1      }
  39          
  40          
  41          /*******************************************************************************
  42          * Function Name: Key2_SetDriveMode
  43          ********************************************************************************
  44          * Summary:
  45          *  Change the drive mode on the pins of the port.
  46          * 
  47          * Parameters:  
  48          *  mode:  Change the pins to this drive mode.
  49          *
  50          * Return: 
  51          *  void
  52          *
  53          *******************************************************************************/
C51 COMPILER V9.03   KEY2                                                                  09/24/2013 19:16:59 PAGE 2   

  54          void Key2_SetDriveMode(uint8 mode) 
  55          {
  56   1              CyPins_SetPinDriveMode(Key2_0, mode);
  57   1              CyPins_SetPinDriveMode(Key2_1, mode);
  58   1              CyPins_SetPinDriveMode(Key2_2, mode);
  59   1      }
  60          
  61          
  62          /*******************************************************************************
  63          * Function Name: Key2_Read
  64          ********************************************************************************
  65          * Summary:
  66          *  Read the current value on the pins of the Digital Port in right justified 
  67          *  form.
  68          *
  69          * Parameters:  
  70          *  void 
  71          *
  72          * Return: 
  73          *  Returns the current value of the Digital Port as a right justified number
  74          *  
  75          * Note:
  76          *  Macro Key2_ReadPS calls this function. 
  77          *  
  78          *******************************************************************************/
  79          uint8 Key2_Read(void) 
  80          {
  81   1          return (Key2_PS & Key2_MASK) >> Key2_SHIFT;
  82   1      }
  83          
  84          
  85          /*******************************************************************************
  86          * Function Name: Key2_ReadDataReg
  87          ********************************************************************************
  88          * Summary:
  89          *  Read the current value assigned to a Digital Port's data output register
  90          *
  91          * Parameters:  
  92          *  void 
  93          *
  94          * Return: 
  95          *  Returns the current value assigned to the Digital Port's data output register
  96          *  
  97          *******************************************************************************/
  98          uint8 Key2_ReadDataReg(void) 
  99          {
 100   1          return (Key2_DR & Key2_MASK) >> Key2_SHIFT;
 101   1      }
 102          
 103          
 104          /* If Interrupts Are Enabled for this Pins component */ 
 105          #if defined(Key2_INTSTAT) 
              
                  /*******************************************************************************
                  * Function Name: Key2_ClearInterrupt
                  ********************************************************************************
                  * Summary:
                  *  Clears any active interrupts attached to port and returns the value of the 
                  *  interrupt status register.
                  *
                  * Parameters:  
                  *  void 
C51 COMPILER V9.03   KEY2                                                                  09/24/2013 19:16:59 PAGE 3   

                  *
                  * Return: 
                  *  Returns the value of the interrupt status register
                  *  
                  *******************************************************************************/
                  uint8 Key2_ClearInterrupt(void) 
                  {
                      return (Key2_INTSTAT & Key2_MASK) >> Key2_SHIFT;
                  }
              
              #endif /* If Interrupts Are Enabled for this Pins component */ 
 127          
 128          
 129          /* [] END OF FILE */ 
C51 COMPILER V9.03   KEY2                                                                  09/24/2013 19:16:59 PAGE 4   

ASSEMBLY LISTING OF GENERATED OBJECT CODE


             ; FUNCTION _Key2_Write (BEGIN)
                                           ; SOURCE LINE # 34
0000 900000      R     MOV     DPTR,#value
0003 EF                MOV     A,R7
0004 F0                MOVX    @DPTR,A
                                           ; SOURCE LINE # 35
                                           ; SOURCE LINE # 36
0005 905100            MOV     DPTR,#05100H
0008 E0                MOVX    A,@DPTR
0009 FF                MOV     R7,A
000A EF                MOV     A,R7
000B 548F              ANL     A,#08FH
000D FF                MOV     R7,A
000E 900000      R     MOV     DPTR,#staticBits
0011 EF                MOV     A,R7
0012 F0                MOVX    @DPTR,A
                                           ; SOURCE LINE # 37
0013 900000      R     MOV     DPTR,#value
0016 E0                MOVX    A,@DPTR
0017 FF                MOV     R7,A
0018 EF                MOV     A,R7
0019 C4                SWAP    A
001A 54F0              ANL     A,#0F0H
001C FF                MOV     R7,A
001D EF                MOV     A,R7
001E 5470              ANL     A,#070H
0020 FF                MOV     R7,A
0021 900000      R     MOV     DPTR,#staticBits
0024 E0                MOVX    A,@DPTR
0025 FE                MOV     R6,A
0026 EF                MOV     A,R7
0027 4E                ORL     A,R6
0028 FF                MOV     R7,A
0029 905100            MOV     DPTR,#05100H
002C EF                MOV     A,R7
002D F0                MOVX    @DPTR,A
                                           ; SOURCE LINE # 38
002E 22                RET     
             ; FUNCTION _Key2_Write (END)

             ; FUNCTION _Key2_SetDriveMode (BEGIN)
                                           ; SOURCE LINE # 54
0000 900000      R     MOV     DPTR,#mode
0003 EF                MOV     A,R7
0004 F0                MOVX    @DPTR,A
                                           ; SOURCE LINE # 55
                                           ; SOURCE LINE # 56
0005 900000      R     MOV     DPTR,#mode
0008 E0                MOVX    A,@DPTR
0009 FF                MOV     R7,A
000A EF                MOV     A,R7
000B 540E              ANL     A,#0EH
000D FF                MOV     R7,A
000E 905004            MOV     DPTR,#05004H
0011 E0                MOVX    A,@DPTR
0012 FE                MOV     R6,A
0013 EE                MOV     A,R6
0014 54F1              ANL     A,#0F1H
0016 FE                MOV     R6,A
C51 COMPILER V9.03   KEY2                                                                  09/24/2013 19:16:59 PAGE 5   

0017 EE                MOV     A,R6
0018 4F                ORL     A,R7
0019 FF                MOV     R7,A
001A 905004            MOV     DPTR,#05004H
001D EF                MOV     A,R7
001E F0                MOVX    @DPTR,A
                                           ; SOURCE LINE # 57
001F 900000      R     MOV     DPTR,#mode
0022 E0                MOVX    A,@DPTR
0023 FF                MOV     R7,A
0024 EF                MOV     A,R7
0025 540E              ANL     A,#0EH
0027 FF                MOV     R7,A
0028 905005            MOV     DPTR,#05005H
002B E0                MOVX    A,@DPTR
002C FE                MOV     R6,A
002D EE                MOV     A,R6
002E 54F1              ANL     A,#0F1H
0030 FE                MOV     R6,A
0031 EE                MOV     A,R6
0032 4F                ORL     A,R7
0033 FF                MOV     R7,A
0034 905005            MOV     DPTR,#05005H
0037 EF                MOV     A,R7
0038 F0                MOVX    @DPTR,A
                                           ; SOURCE LINE # 58
0039 900000      R     MOV     DPTR,#mode
003C E0                MOVX    A,@DPTR
003D FF                MOV     R7,A
003E EF                MOV     A,R7
003F 540E              ANL     A,#0EH
0041 FF                MOV     R7,A
0042 905006            MOV     DPTR,#05006H
0045 E0                MOVX    A,@DPTR
0046 FE                MOV     R6,A
0047 EE                MOV     A,R6
0048 54F1              ANL     A,#0F1H
004A FE                MOV     R6,A
004B EE                MOV     A,R6
004C 4F                ORL     A,R7
004D FF                MOV     R7,A
004E 905006            MOV     DPTR,#05006H
0051 EF                MOV     A,R7
0052 F0                MOVX    @DPTR,A
                                           ; SOURCE LINE # 59
0053 22                RET     
             ; FUNCTION _Key2_SetDriveMode (END)

             ; FUNCTION Key2_Read (BEGIN)
                                           ; SOURCE LINE # 79
                                           ; SOURCE LINE # 80
                                           ; SOURCE LINE # 81
0000 905101            MOV     DPTR,#05101H
0003 E0                MOVX    A,@DPTR
0004 FF                MOV     R7,A
0005 EF                MOV     A,R7
0006 5470              ANL     A,#070H
0008 FF                MOV     R7,A
0009 7E00              MOV     R6,#00H
000B EE                MOV     A,R6
000C C4                SWAP    A
000D F8                MOV     R0,A
C51 COMPILER V9.03   KEY2                                                                  09/24/2013 19:16:59 PAGE 6   

000E 54F0              ANL     A,#0F0H
0010 C8                XCH     A,R0
0011 68                XRL     A,R0
0012 FE                MOV     R6,A
0013 EF                MOV     A,R7
0014 C4                SWAP    A
0015 540F              ANL     A,#0FH
0017 48                ORL     A,R0
0018 FF                MOV     R7,A
                                           ; SOURCE LINE # 82
0019         ?C0003:
0019 22                RET     
             ; FUNCTION Key2_Read (END)

             ; FUNCTION Key2_ReadDataReg (BEGIN)
                                           ; SOURCE LINE # 98
                                           ; SOURCE LINE # 99
                                           ; SOURCE LINE # 100
0000 905100            MOV     DPTR,#05100H
0003 E0                MOVX    A,@DPTR
0004 FF                MOV     R7,A
0005 EF                MOV     A,R7
0006 5470              ANL     A,#070H
0008 FF                MOV     R7,A
0009 7E00              MOV     R6,#00H
000B EE                MOV     A,R6
000C C4                SWAP    A
000D F8                MOV     R0,A
000E 54F0              ANL     A,#0F0H
0010 C8                XCH     A,R0
0011 68                XRL     A,R0
0012 FE                MOV     R6,A
0013 EF                MOV     A,R7
0014 C4                SWAP    A
0015 540F              ANL     A,#0FH
0017 48                ORL     A,R0
0018 FF                MOV     R7,A
                                           ; SOURCE LINE # 101
0019         ?C0004:
0019 22                RET     
             ; FUNCTION Key2_ReadDataReg (END)



MODULE INFORMATION:   STATIC OVERLAYABLE
   CODE SIZE        =    183    ----
   CONSTANT SIZE    =   ----    ----
   XDATA SIZE       =   ----       3
   PDATA SIZE       =   ----    ----
   DATA SIZE        =   ----    ----
   IDATA SIZE       =   ----    ----
   BIT SIZE         =   ----    ----
   EDATA SIZE       =   ----    ----
   HDATA SIZE       =   ----    ----
   XDATA CONST SIZE =   ----    ----
   FAR CONST SIZE   =   ----    ----
END OF MODULE INFORMATION.


C51 COMPILATION COMPLETE.  0 WARNING(S),  0 ERROR(S)
