--------------- Build Started: 11/13/2013 17:54:04 Project: RTOS_08_NOV_2012, Configuration: DP8051 Keil 9.03 Debug ---------------
The code generation step is up to date.
The compile step is up to date, no work needs to be done.
LIBX51.exe TRANSFER '.\DP8051\DP8051_Keil_903\Debug\RTX51_config.obj', '.\DP8051\DP8051_Keil_903\Debug\RTX51.obj', '.\DP8051\DP8051_Keil_903\Debug\Clock.obj', '.\DP8051\DP8051_Keil_903\Debug\UART.obj', '.\DP8051\DP8051_Keil_903\Debug\UART_PM.obj', '.\DP8051\DP8051_Keil_903\Debug\UART_INT.obj', '.\DP8051\DP8051_Keil_903\Debug\isr.obj', '.\DP8051\DP8051_Keil_903\Debug\CyBootAsmKeil.obj', '.\DP8051\DP8051_Keil_903\Debug\CyDmac.obj', '.\DP8051\DP8051_Keil_903\Debug\CyFlash.obj', '.\DP8051\DP8051_Keil_903\Debug\CyLib.obj', '.\DP8051\DP8051_Keil_903\Debug\cymem.obj', '.\DP8051\DP8051_Keil_903\Debug\cyPm.obj', '.\DP8051\DP8051_Keil_903\Debug\CySpc.obj', '.\DP8051\DP8051_Keil_903\Debug\cyutils.obj', '.\DP8051\DP8051_Keil_903\Debug\KeilStart.obj', '.\DP8051\DP8051_Keil_903\Debug\k_isr.obj', '.\DP8051\DP8051_Keil_903\Debug\KEY.obj', '.\DP8051\DP8051_Keil_903\Debug\ICM_SEL.obj', '.\DP8051\DP8051_Keil_903\Debug\I_SEL.obj', '.\DP8051\DP8051_Keil_903\Debug\MUXSEL_A.obj', '.\DP8051\DP8051_Keil_903\Debug\MUXSEL_B.obj', '.\DP8051\DP8051_Keil_903\Debug\VI2_SEL.obj', '.\DP8051\DP8051_Keil_903\Debug\SCOPE2_SEL.obj', '.\DP8051\DP8051_Keil_903\Debug\SCOPE1_SEL.obj', '.\DP8051\DP8051_Keil_903\Debug\FG1_SEL.obj', '.\DP8051\DP8051_Keil_903\Debug\VI1_SEL.obj', '.\DP8051\DP8051_Keil_903\Debug\RR1_100V.obj', '.\DP8051\DP8051_Keil_903\Debug\LV_SEL.obj', '.\DP8051\DP8051_Keil_903\Debug\TRIGIN_PSoC.obj', '.\DP8051\DP8051_Keil_903\Debug\I10mA_SEL.obj', '.\DP8051\DP8051_Keil_903\Debug\I100mA_SEL.obj', '.\DP8051\DP8051_Keil_903\Debug\I10A_SEL.obj', '.\DP8051\DP8051_Keil_903\Debug\RES_SEL1.obj', '.\DP8051\DP8051_Keil_903\Debug\RES_SEL0.obj', '.\DP8051\DP8051_Keil_903\Debug\RR2_0V.obj', '.\DP8051\DP8051_Keil_903\Debug\RR2_1V.obj', '.\DP8051\DP8051_Keil_903\Debug\RR2_10V.obj', '.\DP8051\DP8051_Keil_903\Debug\RR2_100V.obj', '.\DP8051\DP8051_Keil_903\Debug\DIV_SEL2.obj', '.\DP8051\DP8051_Keil_903\Debug\RR1_0V.obj', '.\DP8051\DP8051_Keil_903\Debug\RR1_1V.obj', '.\DP8051\DP8051_Keil_903\Debug\RR1_10V.obj', '.\DP8051\DP8051_Keil_903\Debug\DMM_SEL.obj', '.\DP8051\DP8051_Keil_903\Debug\DMM_2WSEL.obj', '.\DP8051\DP8051_Keil_903\Debug\G10M_SEL.obj', '.\DP8051\DP8051_Keil_903\Debug\K1_SENSE.obj', '.\DP8051\DP8051_Keil_903\Debug\K2_SENSE.obj', '.\DP8051\DP8051_Keil_903\Debug\PSoC_INT0.obj', '.\DP8051\DP8051_Keil_903\Debug\Key1.obj', '.\DP8051\DP8051_Keil_903\Debug\Key2.obj', '.\DP8051\DP8051_Keil_903\Debug\PSoC_INT1.obj', '.\DP8051\DP8051_Keil_903\Debug\MOSI.obj', '.\DP8051\DP8051_Keil_903\Debug\MISO.obj', '.\DP8051\DP8051_Keil_903\Debug\SPIM.obj', '.\DP8051\DP8051_Keil_903\Debug\SPIM_PM.obj', '.\DP8051\DP8051_Keil_903\Debug\SPIM_INT.obj', '.\DP8051\DP8051_Keil_903\Debug\SCK.obj', '.\DP8051\DP8051_Keil_903\Debug\CSN.obj', '.\DP8051\DP8051_Keil_903\Debug\SPIM_IntClock.obj', '.\DP8051\DP8051_Keil_903\Debug\Clk_PWM.obj', '.\DP8051\DP8051_Keil_903\Debug\PWM_Out.obj', '.\DP8051\DP8051_Keil_903\Debug\PWM.obj', '.\DP8051\DP8051_Keil_903\Debug\PWM_PM.obj', '.\DP8051\DP8051_Keil_903\Debug\U_CLOCK.obj', '.\DP8051\DP8051_Keil_903\Debug\S1_100V.obj', '.\DP8051\DP8051_Keil_903\Debug\cyfitter_cfg.obj' TO '.\DP8051\DP8051_Keil_903\Debug\RTOS_08_NOV_2012.lib'
LX51.exe '.\DP8051\DP8051_Keil_903\Debug\main.obj', '.\DP8051\DP8051_Keil_903\Debug\TASK1.obj', '.\DP8051\DP8051_Keil_903\Debug\TASK2.obj', '.\DP8051\DP8051_Keil_903\Debug\TASK3.obj', '.\DP8051\DP8051_Keil_903\Debug\TASK4.obj', '.\DP8051\DP8051_Keil_903\Debug\RTOS_08_NOV_2012.lib', 'C:\Program Files\Cypress\PSoC Creator\2.0\PSoC Creator\psoc\content\cycomponentlibrary\CyComponentLibrary.cylib\DP8051\DP8051_Keil_903\Debug\CyComponentLibrary.lib'  TO '.\DP8051\DP8051_Keil_903\Debug\RTOS_08_NOV_2012.omf' PR(.\DP8051\DP8051_Keil_903\Debug\RTOS_08_NOV_2012.map) IX CODE DW(16) RU RTX51TINY CL(XDATA(X:0x0000-X:0x1FFF)) CL(CODE(C:0x0000-C:0xFFFF)) CL(CONST(C:0x0000-C:0xFFFF)) CASE
*** WARNING L15: MULTIPLE CALL TO FUNCTION
    NAME:    SPIM_READTXSTATUS/SPIM
    CALLER1: OS/MAIN
    CALLER2: TASK1/TASK1
*** WARNING L15: MULTIPLE CALL TO FUNCTION
    NAME:    SPIM_READRXSTATUS/SPIM
    CALLER1: OS/MAIN
    CALLER2: TASK1/TASK1
*** WARNING L15: MULTIPLE CALL TO FUNCTION
    NAME:    UART_CLEARTXBUFFER/UART
    CALLER1: OS/MAIN
    CALLER2: TASK1/TASK1
*** WARNING L15: MULTIPLE CALL TO FUNCTION
    NAME:    _U_CLOCK_SETDIVIDERREGISTER/U_CLOCK
    CALLER1: OS/MAIN
    CALLER2: TASK1/TASK1
*** WARNING L15: MULTIPLE CALL TO FUNCTION
    NAME:    _CYINTSETVECTOR/CYLIB
    CALLER1: OS/MAIN
    CALLER2: TASK1/TASK1
*** WARNING L15: MULTIPLE CALL TO FUNCTION
    NAME:    _CYINTSETPRIORITY/CYLIB
    CALLER1: OS/MAIN
    CALLER2: TASK1/TASK1
*** WARNING L15: MULTIPLE CALL TO FUNCTION
    NAME:    UART_ENABLE/UART
    CALLER1: OS/MAIN
    CALLER2: TASK1/TASK1
*** WARNING L15: MULTIPLE CALL TO FUNCTION
    NAME:    _UART_PUTSTRING/UART
    CALLER1: TASK1/TASK1
    CALLER2: TASK2/TASK2
*** WARNING L15: MULTIPLE CALL TO FUNCTION
    NAME:    _UART_PUTCHAR/UART
    CALLER1: TASK1/TASK1
    CALLER2: TASK2/TASK2
*** WARNING L15: MULTIPLE CALL TO FUNCTION
    NAME:    UART_CLEARTXBUFFER/UART
    CALLER1: TASK1/TASK1
    CALLER2: TASK2/TASK2
*** WARNING L15: MULTIPLE CALL TO FUNCTION
    NAME:    _UART_WRITETXDATA/UART
    CALLER1: TASK1/TASK1
    CALLER2: TASK2/TASK2
*** WARNING L15: MULTIPLE CALL TO FUNCTION
    NAME:    _K_ISR_SETVECTOR/K_ISR
    CALLER1: OS/MAIN
    CALLER2: TASK3/TASK3
*** WARNING L15: MULTIPLE CALL TO FUNCTION
    NAME:    _K_ISR_SETPRIORITY/K_ISR
    CALLER1: OS/MAIN
    CALLER2: TASK3/TASK3
*** WARNING L15: MULTIPLE CALL TO FUNCTION
    NAME:    _UART_WRITETXDATA/UART
    CALLER1: TASK2/TASK2
    CALLER2: TASK4/TASK4
Program Size: data=32.1 xdata=336 const=6049 code=45607
OHx51.exe RTOS_08_NOV_2012.omf HEXFILE(RTOS_08_NOV_2012.ihx)
c8051-elf-omf2elf.exe RTOS_08_NOV_2012.omf RTOS_08_NOV_2012.elf
cyhextool -o .\DP8051\DP8051_Keil_903\Debug\RTOS_08_NOV_2012.hex -f .\DP8051\DP8051_Keil_903\Debug\RTOS_08_NOV_2012.ihx -prot .\Generated_Source\PSoC3\protect.hex -id 1E08A069 -a EEPROM=90200000:800,PROGRAM=00000000:10000,CONFIG=80000000:2000,PROTECT=90400000:40 -meta 0301 -cunv 0000000D -wonv AFAC90BC -ecc ON
Flash used: 51656 of 65536 bytes (78.8 %).
SRAM used: 336 of 8192 bytes (4.1 %).
--------------- Build Succeeded: 11/13/2013 17:54:12 ---------------
